#
# A fatal error has been detected by the Java Runtime Environment:
#
#  EXCEPTION_ACCESS_VIOLATION (0xc0000005) at pc=0x00007ff89b9b6c55, pid=20928, tid=11252
#
# JRE version: Java(TM) SE Runtime Environment (10.0.2+13) (build 10.0.2+13)
# Java VM: Java HotSpot(TM) 64-Bit Server VM (10.0.2+13, mixed mode, tiered, compressed oops, g1 gc, windows-amd64)
# Problematic frame:
# C  [ntdll.dll+0xa6c55]
#
# No core dump will be written. Minidumps are not enabled by default on client versions of Windows
#
# If you would like to submit a bug report, please visit:
#   http://bugreport.java.com/bugreport/crash.jsp
#

---------------  S U M M A R Y ------------

Command Line: -Dcom.sun.management.jmxremote -Dcom.sun.management.jmxremote.port=64812 -Dcom.sun.management.jmxremote.authenticate=false -Dcom.sun.management.jmxremote.ssl=false -Djava.rmi.server.hostname=localhost -Dspring.jmx.enabled=true -Dspring.application.admin.enabled=true -Xverify:none -XX:TieredStopAtLevel=1 -Dspring.boot.project.name=hustperfume-server -Dfile.encoding=UTF-8 com.hoanghiep.perfume.HustperfumeServerApplication --spring.output.ansi.enabled=always

Host: Intel(R) Core(TM) i7-6500U CPU @ 2.50GHz, 4 cores, 7G,  Windows 10 , 64 bit Build 19041 (10.0.19041.1741)
Time: Thu Jun 23 16:25:00 2022 SE Asia Standard Time elapsed time: 2 seconds (0d 0h 0m 2s)

---------------  T H R E A D  ---------------

Current thread (0x000001cd7f76a800):  JavaThread "C1 CompilerThread1" daemon [_thread_in_vm, id=11252, stack(0x0000007528d00000,0x0000007528e00000)]


Current CompileTask:
C1:   2212 1244       1       java.util.WeakHashMap::put (162 bytes)

Stack: [0x0000007528d00000,0x0000007528e00000],  sp=0x0000007528dff2f0,  free space=1020k
Native frames: (J=compiled Java code, j=interpreted, Vv=VM code, C=native code)
C  [ntdll.dll+0xa6c55]
C  [ntdll.dll+0x247b1]
C  [msvcr120.dll+0x669d8]
V  [jvm.dll+0x659c0c]
V  [jvm.dll+0x55cd25]
V  [jvm.dll+0x2103b5]
V  [jvm.dll+0x210251]
V  [jvm.dll+0x20cf45]
V  [jvm.dll+0x20c3d8]
V  [jvm.dll+0x20b6a6]
V  [jvm.dll+0x68b7ff]
V  [jvm.dll+0x59f4b0]
C  [msvcr120.dll+0x24f7f]
C  [msvcr120.dll+0x25126]
C  [KERNEL32.DLL+0x17034]
C  [ntdll.dll+0x52651]


siginfo: EXCEPTION_ACCESS_VIOLATION (0xc0000005), reading address 0xffffffffffffffff


Register to memory mapping:

RIP=0x00007ff89b9b6c55 ntdll.dll
RAX=0x10610b0000c7fb00 is an unknown value
RBX=0x000001cd0000000f is an unknown value
RCX=0x00000000000001b0 is an unknown value
RDX=0x0000000000000017 is an unknown value
RSP=0x0000007528dff2f0 is pointing into the stack for thread: 0x000001cd7f76a800
RBP=0x0000000000000000 is an unknown value
RSI=0x000001cd76420000 is an unknown value
RDI=0x0000000000000000 is an unknown value
R8 =
[error occurred during error reporting (printing register info), id 0xc0000005]

Registers:
RAX=0x10610b0000c7fb00, RBX=0x000001cd0000000f, RCX=0x00000000000001b0, RDX=0x0000000000000017
RSP=0x0000007528dff2f0, RBP=0x0000000000000000, RSI=0x000001cd76420000, RDI=0x0000000000000000
R8 =0x00000000d6633f00, R9 =0x0000000011202700, R10=0x0000000000000003, R11=0x000001cd1b9b6be0
R12=0x0000000000000000, R13=0x000001cd1b9b6be0, R14=0x000001cd1b9b6bd0, R15=0x0000000000000001
RIP=0x00007ff89b9b6c55, EFLAGS=0x0000000000010a06

Top of Stack: (sp=0x0000007528dff2f0)
0x0000007528dff2f0:   0000007528dff390 00007ff86af06a57
0x0000007528dff300:   0000000000000000 0000000000000004
0x0000007528dff310:   000001cd7651ce50 000001cd76440000
0x0000007528dff320:   000001cd0000000f 0000000000000017
0x0000007528dff330:   0000000000000004 0000000011202700
0x0000007528dff340:   0000000053e4d5a0 000001cd1aeae6d0
0x0000007528dff350:   000001cd00000000 0000000000000000
0x0000007528dff360:   000001cd7f743910 0000000053ab3565
0x0000007528dff370:   0000000000000007 000001cd7f5fc378
0x0000007528dff380:   0000007528dff5a0 000001cd7f743910
0x0000007528dff390:   000001cd7f75ecc0 000001cd7f75ec90
0x0000007528dff3a0:   000001cd1b9b6be0 00007ff89b9347b1
0x0000007528dff3b0:   0000000000000000 000001cd76420000
0x0000007528dff3c0:   000001cd7f5fc378 0000000000000000
0x0000007528dff3d0:   0000000000000000 0000000000000000
0x0000007528dff3e0:   000001cd7f75ecc0 00007ff86af069d8 

Instructions: (pc=0x00007ff89b9b6c55)
0x00007ff89b9b6c35:   04 00 00 0f 0d 0b 4c 8b 4b 08 41 8b 46 0c c1 e8
0x00007ff89b9b6c45:   08 0f b7 d0 48 8b 03 4c 89 4c 24 48 89 54 24 38
0x00007ff89b9b6c55:   48 8b 08 41 8b 41 18 41 33 c0 4c 8b 51 18 41 33
0x00007ff89b9b6c65:   c2 4c 89 54 24 60 41 33 c1 8b c8 c1 e8 10 0f af 



---------------  P R O C E S S  ---------------

Threads class SMR info:
_java_thread_list=0x000001cd1bb2f0a0, length=14, elements={
0x000001cd7864f800, 0x000001cd7f747800, 0x000001cd7f749800, 0x000001cd1a3f2800,
0x000001cd1a3f3800, 0x000001cd7f75c800, 0x000001cd7f76a800, 0x000001cd7f76b800,
0x000001cd1a439000, 0x000001cd1a66a000, 0x000001cd1a66b000, 0x000001cd1b9a9000,
0x000001cd1bb2c800, 0x000001cd1b9a5800
}

Java Threads: ( => current thread )
  0x000001cd7864f800 JavaThread "main" [_thread_blocked, id=21052, stack(0x0000007527b00000,0x0000007527c00000)]
  0x000001cd7f747800 JavaThread "Reference Handler" daemon [_thread_blocked, id=3332, stack(0x0000007528800000,0x0000007528900000)]
  0x000001cd7f749800 JavaThread "Finalizer" daemon [_thread_blocked, id=4528, stack(0x0000007528900000,0x0000007528a00000)]
  0x000001cd1a3f2800 JavaThread "Signal Dispatcher" daemon [_thread_blocked, id=17944, stack(0x0000007528a00000,0x0000007528b00000)]
  0x000001cd1a3f3800 JavaThread "Attach Listener" daemon [_thread_blocked, id=20752, stack(0x0000007528b00000,0x0000007528c00000)]
  0x000001cd7f75c800 JavaThread "C1 CompilerThread0" daemon [_thread_blocked, id=13540, stack(0x0000007528c00000,0x0000007528d00000)]
=>0x000001cd7f76a800 JavaThread "C1 CompilerThread1" daemon [_thread_in_vm, id=11252, stack(0x0000007528d00000,0x0000007528e00000)]
  0x000001cd7f76b800 JavaThread "C1 CompilerThread2" daemon [_thread_in_vm, id=12524, stack(0x0000007528e00000,0x0000007528f00000)]
  0x000001cd1a439000 JavaThread "Sweeper thread" daemon [_thread_blocked, id=17636, stack(0x0000007528f00000,0x0000007529000000)]
  0x000001cd1a66a000 JavaThread "Service Thread" daemon [_thread_blocked, id=5728, stack(0x0000007529000000,0x0000007529100000)]
  0x000001cd1a66b000 JavaThread "Common-Cleaner" daemon [_thread_blocked, id=14940, stack(0x0000007529100000,0x0000007529200000)]
  0x000001cd1b9a9000 JavaThread "RMI TCP Accept-0" daemon [_thread_in_native, id=22676, stack(0x0000007529200000,0x0000007529300000)]
  0x000001cd1bb2c800 JavaThread "RMI TCP Accept-64812" daemon [_thread_in_native, id=16668, stack(0x0000007529300000,0x0000007529400000)]
  0x000001cd1b9a5800 JavaThread "RMI TCP Accept-0" daemon [_thread_in_native, id=22008, stack(0x0000007529400000,0x0000007529500000)]

Other Threads:
  0x000001cd7f732800 VMThread "VM Thread" [stack: 0x0000007528700000,0x0000007528800000] [id=12268]
  0x000001cd1bb38800 WatcherThread [stack: 0x0000007529500000,0x0000007529600000] [id=22504]
  0x000001cd7866d800 GCTaskThread "GC Thread#0" [stack: 0x0000007527c00000,0x0000007527d00000] [id=18100]
  0x000001cd7866f000 GCTaskThread "GC Thread#1" [stack: 0x0000007527d00000,0x0000007527e00000] [id=17252]
  0x000001cd78670800 GCTaskThread "GC Thread#2" [stack: 0x0000007527e00000,0x0000007527f00000] [id=11108]
  0x000001cd78673800 GCTaskThread "GC Thread#3" [stack: 0x0000007527f00000,0x0000007528000000] [id=4964]
  0x000001cd786e5800 ConcurrentGCThread "G1 Main Marker" [stack: 0x0000007528000000,0x0000007528100000] [id=21184]
  0x000001cd786e6800 ConcurrentGCThread "G1 Conc#0" [stack: 0x0000007528100000,0x0000007528200000] [id=2016]
  0x000001cd7871e800 ConcurrentGCThread "G1 Refine#0" [stack: 0x0000007528200000,0x0000007528300000] [id=8696]
  0x000001cd7f5b9800 ConcurrentGCThread "G1 Refine#1" [stack: 0x0000007528300000,0x0000007528400000] [id=18072]
  0x000001cd7f5ba800 ConcurrentGCThread "G1 Refine#2" [stack: 0x0000007528400000,0x0000007528500000] [id=9944]
  0x000001cd7f5bb800 ConcurrentGCThread "G1 Refine#3" [stack: 0x0000007528500000,0x0000007528600000] [id=23176]
  0x000001cd7f5bf000 ConcurrentGCThread "G1 Young RemSet Sampling" [stack: 0x0000007528600000,0x0000007528700000] [id=5564]

Threads with active compile tasks:
C1 CompilerThread11244       1       java.util.WeakHashMap::put (162 bytes)
C1 CompilerThread21268       1       jdk.internal.module.SystemModuleFinders$SystemImage::reader (4 bytes)

VM state:synchronizing (normal execution)

VM Mutex/Monitor currently owned by a thread:  ([mutex/lock_event])
[0x000001cd7864cc10] Threads_lock - owner thread: 0x000001cd7f732800
[0x000001cd7864e170] Compile_lock - owner thread: 0x000001cd7864f800

Heap address: 0x0000000081c00000, size: 2020 MB, Compressed Oops mode: 32-bit
Narrow klass base: 0x0000000000000000, Narrow klass shift: 3
Compressed class space size: 1073741824 Address: 0x0000000100000000

Heap:
 garbage-first heap   total 131072K, used 30215K [0x0000000081c00000, 0x0000000100000000)
  region size 1024K, 6 young (6144K), 3 survivors (3072K)
 Metaspace       used 12127K, capacity 12457K, committed 12672K, reserved 1060864K
  class space    used 1231K, capacity 1365K, committed 1408K, reserved 1048576K
Heap Regions: E=young(eden), S=young(survivor), O=old, HS=humongous(starts), HC=humongous(continues), CS=collection set, F=free, A=archive, TS=gc time stamp, AC=allocation context, TAMS=top-at-mark-start (previous, next)
|   0|0x0000000081c00000, 0x0000000081d00000, 0x0000000081d00000|100%|HS|  |TS  0|AC  0|TAMS 0x0000000081c00000, 0x0000000081c00000|
|   1|0x0000000081d00000, 0x0000000081e00000, 0x0000000081e00000|100%| O|  |TS  1|AC  0|TAMS 0x0000000081d00000, 0x0000000081d00000|
|   2|0x0000000081e00000, 0x0000000081f00000, 0x0000000081f00000|100%| O|  |TS  1|AC  0|TAMS 0x0000000081e00000, 0x0000000081e00000|
|   3|0x0000000081f00000, 0x0000000082000000, 0x0000000082000000|100%| O|  |TS  1|AC  0|TAMS 0x0000000081f00000, 0x0000000081f00000|
|   4|0x0000000082000000, 0x0000000082100000, 0x0000000082100000|100%| O|  |TS  1|AC  0|TAMS 0x0000000082000000, 0x0000000082000000|
|   5|0x0000000082100000, 0x0000000082200000, 0x0000000082200000|100%| O|  |TS  1|AC  0|TAMS 0x0000000082100000, 0x0000000082100000|
|   6|0x0000000082200000, 0x0000000082300000, 0x0000000082300000|100%| O|  |TS  1|AC  0|TAMS 0x0000000082200000, 0x0000000082200000|
|   7|0x0000000082300000, 0x0000000082400000, 0x0000000082400000|100%| O|  |TS  1|AC  0|TAMS 0x0000000082300000, 0x0000000082300000|
|   8|0x0000000082400000, 0x0000000082500000, 0x0000000082500000|100%| O|  |TS  2|AC  0|TAMS 0x0000000082400000, 0x0000000082400000|
|   9|0x0000000082500000, 0x0000000082600000, 0x0000000082600000|100%| O|  |TS  2|AC  0|TAMS 0x0000000082500000, 0x0000000082500000|
|  10|0x0000000082600000, 0x0000000082700000, 0x0000000082700000|100%| O|  |TS  2|AC  0|TAMS 0x0000000082600000, 0x0000000082600000|
|  11|0x0000000082700000, 0x0000000082800000, 0x0000000082800000|100%| O|  |TS  2|AC  0|TAMS 0x0000000082700000, 0x0000000082700000|
|  12|0x0000000082800000, 0x0000000082900000, 0x0000000082900000|100%| O|  |TS  2|AC  0|TAMS 0x0000000082800000, 0x0000000082800000|
|  13|0x0000000082900000, 0x0000000082a00000, 0x0000000082a00000|100%| O|  |TS  2|AC  0|TAMS 0x0000000082900000, 0x0000000082900000|
|  14|0x0000000082a00000, 0x0000000082b00000, 0x0000000082b00000|100%| O|  |TS  2|AC  0|TAMS 0x0000000082a00000, 0x0000000082a00000|
|  15|0x0000000082b00000, 0x0000000082c00000, 0x0000000082c00000|100%| O|  |TS  3|AC  0|TAMS 0x0000000082b00000, 0x0000000082b00000|
|  16|0x0000000082c00000, 0x0000000082d00000, 0x0000000082d00000|100%| O|  |TS  3|AC  0|TAMS 0x0000000082c00000, 0x0000000082c00000|
|  17|0x0000000082d00000, 0x0000000082e00000, 0x0000000082e00000|100%| O|  |TS  3|AC  0|TAMS 0x0000000082d00000, 0x0000000082d00000|
|  18|0x0000000082e00000, 0x0000000082f00000, 0x0000000082f00000|100%| O|  |TS  3|AC  0|TAMS 0x0000000082e00000, 0x0000000082e00000|
|  19|0x0000000082f00000, 0x0000000083000000, 0x0000000083000000|100%| O|  |TS  3|AC  0|TAMS 0x0000000082f00000, 0x0000000082f00000|
|  20|0x0000000083000000, 0x0000000083100000, 0x0000000083100000|100%| O|  |TS  3|AC  0|TAMS 0x0000000083000000, 0x0000000083000000|
|  21|0x0000000083100000, 0x0000000083200000, 0x0000000083200000|100%| O|  |TS  3|AC  0|TAMS 0x0000000083100000, 0x0000000083100000|
|  22|0x0000000083200000, 0x0000000083300000, 0x0000000083300000|100%| O|  |TS  3|AC  0|TAMS 0x0000000083200000, 0x0000000083200000|
|  23|0x0000000083300000, 0x0000000083400000, 0x0000000083400000|100%| O|  |TS  3|AC  0|TAMS 0x0000000083300000, 0x0000000083300000|
|  24|0x0000000083400000, 0x0000000083481c00, 0x0000000083500000| 50%| O|  |TS  3|AC  0|TAMS 0x0000000083400000, 0x0000000083400000|
|  25|0x0000000083500000, 0x0000000083500000, 0x0000000083600000|  0%| F|  |TS  0|AC  0|TAMS 0x0000000083500000, 0x0000000083500000|
|  26|0x0000000083600000, 0x0000000083600000, 0x0000000083700000|  0%| F|  |TS  0|AC  0|TAMS 0x0000000083600000, 0x0000000083600000|
|  27|0x0000000083700000, 0x0000000083700000, 0x0000000083800000|  0%| F|  |TS  0|AC  0|TAMS 0x0000000083700000, 0x0000000083700000|
|  28|0x0000000083800000, 0x0000000083800000, 0x0000000083900000|  0%| F|  |TS  0|AC  0|TAMS 0x0000000083800000, 0x0000000083800000|
|  29|0x0000000083900000, 0x0000000083900000, 0x0000000083a00000|  0%| F|  |TS  0|AC  0|TAMS 0x0000000083900000, 0x0000000083900000|
|  30|0x0000000083a00000, 0x0000000083a00000, 0x0000000083b00000|  0%| F|  |TS  0|AC  0|TAMS 0x0000000083a00000, 0x0000000083a00000|
|  31|0x0000000083b00000, 0x0000000083b00000, 0x0000000083c00000|  0%| F|  |TS  0|AC  0|TAMS 0x0000000083b00000, 0x0000000083b00000|
|  32|0x0000000083c00000, 0x0000000083c00000, 0x0000000083d00000|  0%| F|  |TS  0|AC  0|TAMS 0x0000000083c00000, 0x0000000083c00000|
|  33|0x0000000083d00000, 0x0000000083d00000, 0x0000000083e00000|  0%| F|  |TS  0|AC  0|TAMS 0x0000000083d00000, 0x0000000083d00000|
|  34|0x0000000083e00000, 0x0000000083e00000, 0x0000000083f00000|  0%| F|  |TS  0|AC  0|TAMS 0x0000000083e00000, 0x0000000083e00000|
|  35|0x0000000083f00000, 0x0000000083f00000, 0x0000000084000000|  0%| F|  |TS  0|AC  0|TAMS 0x0000000083f00000, 0x0000000083f00000|
|  36|0x0000000084000000, 0x0000000084000000, 0x0000000084100000|  0%| F|  |TS  0|AC  0|TAMS 0x0000000084000000, 0x0000000084000000|
|  37|0x0000000084100000, 0x0000000084100000, 0x0000000084200000|  0%| F|  |TS  0|AC  0|TAMS 0x0000000084100000, 0x0000000084100000|
|  38|0x0000000084200000, 0x0000000084200000, 0x0000000084300000|  0%| F|  |TS  0|AC  0|TAMS 0x0000000084200000, 0x0000000084200000|
|  39|0x0000000084300000, 0x0000000084300000, 0x0000000084400000|  0%| F|  |TS  0|AC  0|TAMS 0x0000000084300000, 0x0000000084300000|
|  40|0x0000000084400000, 0x0000000084400000, 0x0000000084500000|  0%| F|  |TS  0|AC  0|TAMS 0x0000000084400000, 0x0000000084400000|
|  41|0x0000000084500000, 0x0000000084500000, 0x0000000084600000|  0%| F|  |TS  0|AC  0|TAMS 0x0000000084500000, 0x0000000084500000|
|  42|0x0000000084600000, 0x0000000084600000, 0x0000000084700000|  0%| F|  |TS  0|AC  0|TAMS 0x0000000084600000, 0x0000000084600000|
|  43|0x0000000084700000, 0x0000000084700000, 0x0000000084800000|  0%| F|  |TS  0|AC  0|TAMS 0x0000000084700000, 0x0000000084700000|
|  44|0x0000000084800000, 0x0000000084800000, 0x0000000084900000|  0%| F|  |TS  0|AC  0|TAMS 0x0000000084800000, 0x0000000084800000|
|  45|0x0000000084900000, 0x0000000084900000, 0x0000000084a00000|  0%| F|  |TS  0|AC  0|TAMS 0x0000000084900000, 0x0000000084900000|
|  46|0x0000000084a00000, 0x0000000084a00000, 0x0000000084b00000|  0%| F|  |TS  0|AC  0|TAMS 0x0000000084a00000, 0x0000000084a00000|
|  47|0x0000000084b00000, 0x0000000084b00000, 0x0000000084c00000|  0%| F|  |TS  0|AC  0|TAMS 0x0000000084b00000, 0x0000000084b00000|
|  48|0x0000000084c00000, 0x0000000084c00000, 0x0000000084d00000|  0%| F|  |TS  0|AC  0|TAMS 0x0000000084c00000, 0x0000000084c00000|
|  49|0x0000000084d00000, 0x0000000084d00000, 0x0000000084e00000|  0%| F|  |TS  0|AC  0|TAMS 0x0000000084d00000, 0x0000000084d00000|
|  50|0x0000000084e00000, 0x0000000084e00000, 0x0000000084f00000|  0%| F|  |TS  0|AC  0|TAMS 0x0000000084e00000, 0x0000000084e00000|
|  51|0x0000000084f00000, 0x0000000084f00000, 0x0000000085000000|  0%| F|  |TS  0|AC  0|TAMS 0x0000000084f00000, 0x0000000084f00000|
|  52|0x0000000085000000, 0x0000000085000000, 0x0000000085100000|  0%| F|  |TS  0|AC  0|TAMS 0x0000000085000000, 0x0000000085000000|
|  53|0x0000000085100000, 0x0000000085100000, 0x0000000085200000|  0%| F|  |TS  0|AC  0|TAMS 0x0000000085100000, 0x0000000085100000|
|  54|0x0000000085200000, 0x0000000085200000, 0x0000000085300000|  0%| F|  |TS  0|AC  0|TAMS 0x0000000085200000, 0x0000000085200000|
|  55|0x0000000085300000, 0x0000000085300000, 0x0000000085400000|  0%| F|  |TS  0|AC  0|TAMS 0x0000000085300000, 0x0000000085300000|
|  56|0x0000000085400000, 0x0000000085400000, 0x0000000085500000|  0%| F|  |TS  0|AC  0|TAMS 0x0000000085400000, 0x0000000085400000|
|  57|0x0000000085500000, 0x0000000085500000, 0x0000000085600000|  0%| F|  |TS  0|AC  0|TAMS 0x0000000085500000, 0x0000000085500000|
|  58|0x0000000085600000, 0x0000000085600000, 0x0000000085700000|  0%| F|  |TS  0|AC  0|TAMS 0x0000000085600000, 0x0000000085600000|
|  59|0x0000000085700000, 0x0000000085700000, 0x0000000085800000|  0%| F|  |TS  0|AC  0|TAMS 0x0000000085700000, 0x0000000085700000|
|  60|0x0000000085800000, 0x0000000085800000, 0x0000000085900000|  0%| F|  |TS  0|AC  0|TAMS 0x0000000085800000, 0x0000000085800000|
|  61|0x0000000085900000, 0x0000000085900000, 0x0000000085a00000|  0%| F|  |TS  0|AC  0|TAMS 0x0000000085900000, 0x0000000085900000|
|  62|0x0000000085a00000, 0x0000000085a00000, 0x0000000085b00000|  0%| F|  |TS  0|AC  0|TAMS 0x0000000085a00000, 0x0000000085a00000|
|  63|0x0000000085b00000, 0x0000000085b00000, 0x0000000085c00000|  0%| F|  |TS  0|AC  0|TAMS 0x0000000085b00000, 0x0000000085b00000|
|  64|0x0000000085c00000, 0x0000000085c00000, 0x0000000085d00000|  0%| F|  |TS  0|AC  0|TAMS 0x0000000085c00000, 0x0000000085c00000|
|  65|0x0000000085d00000, 0x0000000085d00000, 0x0000000085e00000|  0%| F|  |TS  0|AC  0|TAMS 0x0000000085d00000, 0x0000000085d00000|
|  66|0x0000000085e00000, 0x0000000085e00000, 0x0000000085f00000|  0%| F|  |TS  0|AC  0|TAMS 0x0000000085e00000, 0x0000000085e00000|
|  67|0x0000000085f00000, 0x0000000085f00000, 0x0000000086000000|  0%| F|  |TS  0|AC  0|TAMS 0x0000000085f00000, 0x0000000085f00000|
|  68|0x0000000086000000, 0x0000000086000000, 0x0000000086100000|  0%| F|  |TS  0|AC  0|TAMS 0x0000000086000000, 0x0000000086000000|
|  69|0x0000000086100000, 0x0000000086100000, 0x0000000086200000|  0%| F|  |TS  0|AC  0|TAMS 0x0000000086100000, 0x0000000086100000|
|  70|0x0000000086200000, 0x0000000086200000, 0x0000000086300000|  0%| F|  |TS  0|AC  0|TAMS 0x0000000086200000, 0x0000000086200000|
|  71|0x0000000086300000, 0x0000000086300000, 0x0000000086400000|  0%| F|  |TS  0|AC  0|TAMS 0x0000000086300000, 0x0000000086300000|
|  72|0x0000000086400000, 0x0000000086400000, 0x0000000086500000|  0%| F|  |TS  0|AC  0|TAMS 0x0000000086400000, 0x0000000086400000|
|  73|0x0000000086500000, 0x0000000086500000, 0x0000000086600000|  0%| F|  |TS  0|AC  0|TAMS 0x0000000086500000, 0x0000000086500000|
|  74|0x0000000086600000, 0x0000000086600000, 0x0000000086700000|  0%| F|  |TS  0|AC  0|TAMS 0x0000000086600000, 0x0000000086600000|
|  75|0x0000000086700000, 0x0000000086700000, 0x0000000086800000|  0%| F|  |TS  0|AC  0|TAMS 0x0000000086700000, 0x0000000086700000|
|  76|0x0000000086800000, 0x0000000086800000, 0x0000000086900000|  0%| F|  |TS  0|AC  0|TAMS 0x0000000086800000, 0x0000000086800000|
|  77|0x0000000086900000, 0x0000000086900000, 0x0000000086a00000|  0%| F|  |TS  0|AC  0|TAMS 0x0000000086900000, 0x0000000086900000|
|  78|0x0000000086a00000, 0x0000000086a00000, 0x0000000086b00000|  0%| F|  |TS  0|AC  0|TAMS 0x0000000086a00000, 0x0000000086a00000|
|  79|0x0000000086b00000, 0x0000000086b00000, 0x0000000086c00000|  0%| F|  |TS  0|AC  0|TAMS 0x0000000086b00000, 0x0000000086b00000|
|  80|0x0000000086c00000, 0x0000000086c00000, 0x0000000086d00000|  0%| F|  |TS  0|AC  0|TAMS 0x0000000086c00000, 0x0000000086c00000|
|  81|0x0000000086d00000, 0x0000000086d00000, 0x0000000086e00000|  0%| F|  |TS  0|AC  0|TAMS 0x0000000086d00000, 0x0000000086d00000|
|  82|0x0000000086e00000, 0x0000000086e00000, 0x0000000086f00000|  0%| F|  |TS  0|AC  0|TAMS 0x0000000086e00000, 0x0000000086e00000|
|  83|0x0000000086f00000, 0x0000000086f00000, 0x0000000087000000|  0%| F|  |TS  0|AC  0|TAMS 0x0000000086f00000, 0x0000000086f00000|
|  84|0x0000000087000000, 0x0000000087000000, 0x0000000087100000|  0%| F|  |TS  0|AC  0|TAMS 0x0000000087000000, 0x0000000087000000|
|  85|0x0000000087100000, 0x0000000087100000, 0x0000000087200000|  0%| F|  |TS  0|AC  0|TAMS 0x0000000087100000, 0x0000000087100000|
|  86|0x0000000087200000, 0x0000000087200000, 0x0000000087300000|  0%| F|  |TS  0|AC  0|TAMS 0x0000000087200000, 0x0000000087200000|
|  87|0x0000000087300000, 0x0000000087300000, 0x0000000087400000|  0%| F|  |TS  0|AC  0|TAMS 0x0000000087300000, 0x0000000087300000|
|  88|0x0000000087400000, 0x0000000087400000, 0x0000000087500000|  0%| F|  |TS  0|AC  0|TAMS 0x0000000087400000, 0x0000000087400000|
|  89|0x0000000087500000, 0x0000000087500000, 0x0000000087600000|  0%| F|  |TS  0|AC  0|TAMS 0x0000000087500000, 0x0000000087500000|
|  90|0x0000000087600000, 0x0000000087600000, 0x0000000087700000|  0%| F|  |TS  0|AC  0|TAMS 0x0000000087600000, 0x0000000087600000|
|  91|0x0000000087700000, 0x0000000087700000, 0x0000000087800000|  0%| F|  |TS  0|AC  0|TAMS 0x0000000087700000, 0x0000000087700000|
|  92|0x0000000087800000, 0x0000000087800000, 0x0000000087900000|  0%| F|  |TS  0|AC  0|TAMS 0x0000000087800000, 0x0000000087800000|
|  93|0x0000000087900000, 0x0000000087900000, 0x0000000087a00000|  0%| F|  |TS  0|AC  0|TAMS 0x0000000087900000, 0x0000000087900000|
|  94|0x0000000087a00000, 0x0000000087a00000, 0x0000000087b00000|  0%| F|  |TS  0|AC  0|TAMS 0x0000000087a00000, 0x0000000087a00000|
|  95|0x0000000087b00000, 0x0000000087b00000, 0x0000000087c00000|  0%| F|  |TS  0|AC  0|TAMS 0x0000000087b00000, 0x0000000087b00000|
|  96|0x0000000087c00000, 0x0000000087c00000, 0x0000000087d00000|  0%| F|  |TS  0|AC  0|TAMS 0x0000000087c00000, 0x0000000087c00000|
|  97|0x0000000087d00000, 0x0000000087d00000, 0x0000000087e00000|  0%| F|  |TS  0|AC  0|TAMS 0x0000000087d00000, 0x0000000087d00000|
|  98|0x0000000087e00000, 0x0000000087e00000, 0x0000000087f00000|  0%| F|  |TS  0|AC  0|TAMS 0x0000000087e00000, 0x0000000087e00000|
|  99|0x0000000087f00000, 0x0000000087f00000, 0x0000000088000000|  0%| F|  |TS  0|AC  0|TAMS 0x0000000087f00000, 0x0000000087f00000|
| 100|0x0000000088000000, 0x0000000088000000, 0x0000000088100000|  0%| F|  |TS  0|AC  0|TAMS 0x0000000088000000, 0x0000000088000000|
| 101|0x0000000088100000, 0x0000000088100000, 0x0000000088200000|  0%| F|  |TS  0|AC  0|TAMS 0x0000000088100000, 0x0000000088100000|
| 102|0x0000000088200000, 0x0000000088200000, 0x0000000088300000|  0%| F|  |TS  0|AC  0|TAMS 0x0000000088200000, 0x0000000088200000|
| 103|0x0000000088300000, 0x0000000088300000, 0x0000000088400000|  0%| F|  |TS  0|AC  0|TAMS 0x0000000088300000, 0x0000000088300000|
| 104|0x0000000088400000, 0x0000000088400000, 0x0000000088500000|  0%| F|  |TS  0|AC  0|TAMS 0x0000000088400000, 0x0000000088400000|
| 105|0x0000000088500000, 0x0000000088500000, 0x0000000088600000|  0%| F|  |TS  0|AC  0|TAMS 0x0000000088500000, 0x0000000088500000|
| 106|0x0000000088600000, 0x0000000088600000, 0x0000000088700000|  0%| F|  |TS  0|AC  0|TAMS 0x0000000088600000, 0x0000000088600000|
| 107|0x0000000088700000, 0x0000000088700000, 0x0000000088800000|  0%| F|  |TS  0|AC  0|TAMS 0x0000000088700000, 0x0000000088700000|
| 108|0x0000000088800000, 0x0000000088900000, 0x0000000088900000|100%| S|CS|TS  3|AC  0|TAMS 0x0000000088800000, 0x0000000088800000|
| 109|0x0000000088900000, 0x0000000088a00000, 0x0000000088a00000|100%| S|CS|TS  3|AC  0|TAMS 0x0000000088900000, 0x0000000088900000|
| 110|0x0000000088a00000, 0x0000000088b00000, 0x0000000088b00000|100%| S|CS|TS  3|AC  0|TAMS 0x0000000088a00000, 0x0000000088a00000|
| 111|0x0000000088b00000, 0x0000000088b00000, 0x0000000088c00000|  0%| F|  |TS  3|AC  0|TAMS 0x0000000088b00000, 0x0000000088b00000|
| 112|0x0000000088c00000, 0x0000000088c00000, 0x0000000088d00000|  0%| F|  |TS  3|AC  0|TAMS 0x0000000088c00000, 0x0000000088c00000|
| 113|0x0000000088d00000, 0x0000000088d00000, 0x0000000088e00000|  0%| F|  |TS  3|AC  0|TAMS 0x0000000088d00000, 0x0000000088d00000|
| 114|0x0000000088e00000, 0x0000000088e00000, 0x0000000088f00000|  0%| F|  |TS  3|AC  0|TAMS 0x0000000088e00000, 0x0000000088e00000|
| 115|0x0000000088f00000, 0x0000000088f00000, 0x0000000089000000|  0%| F|  |TS  3|AC  0|TAMS 0x0000000088f00000, 0x0000000088f00000|
| 116|0x0000000089000000, 0x0000000089000000, 0x0000000089100000|  0%| F|  |TS  3|AC  0|TAMS 0x0000000089000000, 0x0000000089000000|
| 117|0x0000000089100000, 0x0000000089100000, 0x0000000089200000|  0%| F|  |TS  3|AC  0|TAMS 0x0000000089100000, 0x0000000089100000|
| 118|0x0000000089200000, 0x0000000089200000, 0x0000000089300000|  0%| F|  |TS  3|AC  0|TAMS 0x0000000089200000, 0x0000000089200000|
| 119|0x0000000089300000, 0x0000000089300000, 0x0000000089400000|  0%| F|  |TS  3|AC  0|TAMS 0x0000000089300000, 0x0000000089300000|
| 120|0x0000000089400000, 0x0000000089400000, 0x0000000089500000|  0%| F|  |TS  3|AC  0|TAMS 0x0000000089400000, 0x0000000089400000|
| 121|0x0000000089500000, 0x0000000089500000, 0x0000000089600000|  0%| F|  |TS  3|AC  0|TAMS 0x0000000089500000, 0x0000000089500000|
| 122|0x0000000089600000, 0x0000000089600000, 0x0000000089700000|  0%| F|  |TS  3|AC  0|TAMS 0x0000000089600000, 0x0000000089600000|
| 123|0x0000000089700000, 0x0000000089700000, 0x0000000089800000|  0%| F|  |TS  3|AC  0|TAMS 0x0000000089700000, 0x0000000089700000|
| 124|0x0000000089800000, 0x0000000089800000, 0x0000000089900000|  0%| F|  |TS  3|AC  0|TAMS 0x0000000089800000, 0x0000000089800000|
| 125|0x0000000089900000, 0x0000000089968958, 0x0000000089a00000| 40%| E|  |TS  3|AC  0|TAMS 0x0000000089900000, 0x0000000089900000|
| 126|0x0000000089a00000, 0x0000000089b00000, 0x0000000089b00000|100%| E|CS|TS  3|AC  0|TAMS 0x0000000089a00000, 0x0000000089a00000|
| 127|0x0000000089b00000, 0x0000000089c00000, 0x0000000089c00000|100%| E|CS|TS  3|AC  0|TAMS 0x0000000089b00000, 0x0000000089b00000|

Card table byte_map: [0x000001cd78b20000,0x000001cd78f20000] byte_map_base: 0x000001cd78712000

Marking Bits (Prev, Next): (CMBitMap*) 0x000001cd786e50d0, (CMBitMap*) 0x000001cd786e5108
 Prev Bits: [0x000001cd79320000, 0x000001cd7b2b0000)
 Next Bits: [0x000001cd7b2b0000, 0x000001cd7d240000)

Polling page: 0x000001cd76580000

CodeHeap 'non-profiled nmethods': size=238912Kb used=1796Kb max_used=1796Kb free=237115Kb
 bounds [0x000001cd0b960000, 0x000001cd0bbd0000, 0x000001cd1a2b0000]
CodeHeap 'non-nmethods': size=6848Kb used=2225Kb max_used=2225Kb free=4622Kb
 bounds [0x000001cd0b2b0000, 0x000001cd0b520000, 0x000001cd0b960000]
 total_blobs=1686 nmethods=1271 adapters=323
 compilation: enabled

Compilation events (10 events):
Event: 2.178 Thread 0x000001cd7f76b800 1239       1       java.nio.MappedByteBuffer::position (6 bytes)
Event: 2.178 Thread 0x000001cd7f76b800 nmethod 1239 0x000001cd0bb0fd10 code [0x000001cd0bb0fec0, 0x000001cd0bb10010]
Event: 2.180 Thread 0x000001cd7f75c800 1241   !   1       jdk.internal.loader.URLClassPath$JarLoader::ensureOpen (36 bytes)
Event: 2.180 Thread 0x000001cd7f76a800 1240  s!   1       jdk.internal.loader.URLClassPath::getLoader (200 bytes)
Event: 2.180 Thread 0x000001cd7f75c800 nmethod 1241 0x000001cd0bb10090 code [0x000001cd0bb10260, 0x000001cd0bb104e0]
Event: 2.182 Thread 0x000001cd7f76a800 nmethod 1240 0x000001cd0bb10610 code [0x000001cd0bb10940, 0x000001cd0bb12030]
Event: 2.191 Thread 0x000001cd7f76b800 1242       1       java.util.jar.Attributes$Name::isValid (32 bytes)
Event: 2.191 Thread 0x000001cd7f75c800 1243       1       java.util.jar.Attributes$Name::isAlpha (30 bytes)
Event: 2.191 Thread 0x000001cd7f75c800 nmethod 1243 0x000001cd0bb12c10 code [0x000001cd0bb12dc0, 0x000001cd0bb12ef8]
Event: 2.191 Thread 0x000001cd7f76b800 nmethod 1242 0x000001cd0bb12f90 code [0x000001cd0bb13140, 0x000001cd0bb132d8]

GC Heap History (6 events):
Event: 1.058 GC heap before
{Heap before GC invocations=0 (full 0):
 garbage-first heap   total 131072K, used 15360K [0x0000000081c00000, 0x0000000100000000)
  region size 1024K, 14 young (14336K), 0 survivors (0K)
 Metaspace       used 5858K, capacity 5894K, committed 6144K, reserved 1056768K
  class space    used 486K, capacity 494K, committed 512K, reserved 1048576K
}
Event: 1.065 GC heap after
{Heap after GC invocations=1 (full 0):
 garbage-first heap   total 131072K, used 11250K [0x0000000081c00000, 0x0000000100000000)
  region size 1024K, 2 young (2048K), 2 survivors (2048K)
 Metaspace       used 5858K, capacity 5894K, committed 6144K, reserved 1056768K
  class space    used 486K, capacity 494K, committed 512K, reserved 1048576K
}
Event: 1.170 GC heap before
{Heap before GC invocations=1 (full 0):
 garbage-first heap   total 131072K, used 19442K [0x0000000081c00000, 0x0000000100000000)
  region size 1024K, 10 young (10240K), 2 survivors (2048K)
 Metaspace       used 5858K, capacity 5894K, committed 6144K, reserved 1056768K
  class space    used 486K, capacity 494K, committed 512K, reserved 1048576K
}
Event: 1.176 GC heap after
{Heap after GC invocations=2 (full 0):
 garbage-first heap   total 131072K, used 18218K [0x0000000081c00000, 0x0000000100000000)
  region size 1024K, 2 young (2048K), 2 survivors (2048K)
 Metaspace       used 5858K, capacity 5894K, committed 6144K, reserved 1056768K
  class space    used 486K, capacity 494K, committed 512K, reserved 1048576K
}
Event: 2.166 GC heap before
{Heap before GC invocations=2 (full 0):
 garbage-first heap   total 131072K, used 33578K [0x0000000081c00000, 0x0000000100000000)
  region size 1024K, 17 young (17408K), 2 survivors (2048K)
 Metaspace       used 11597K, capacity 11840K, committed 12160K, reserved 1060864K
  class space    used 1182K, capacity 1283K, committed 1408K, reserved 1048576K
}
Event: 2.174 GC heap after
{Heap after GC invocations=3 (full 0):
 garbage-first heap   total 131072K, used 28167K [0x0000000081c00000, 0x0000000100000000)
  region size 1024K, 3 young (3072K), 3 survivors (3072K)
 Metaspace       used 11597K, capacity 11840K, committed 12160K, reserved 1060864K
  class space    used 1182K, capacity 1283K, committed 1408K, reserved 1048576K
}

Deoptimization events (0 events):
No events

Classes redefined (0 events):
No events

Internal exceptions (10 events):
Event: 1.521 Thread 0x000001cd7864f800 Exception <a 'java/lang/NoSuchMethodError'{0x0000000088c8c500}: java.lang.invoke.DirectMethodHandle$Holder.invokeStaticInit(Ljava/lang/Object;IIII)Ljava/lang/Object;> (0x0000000088c8c500) thrown at [t:/workspace/open/src/hotspot/share/interpreter/linkReso
Event: 2.120 Thread 0x000001cd7864f800 Exception <a 'java/lang/NoSuchMethodError'{0x0000000088cd5a88}: java.lang.invoke.DirectMethodHandle$Holder.invokeStatic(Ljava/lang/Object;Ljava/lang/Object;IIII)Ljava/lang/Object;> (0x0000000088cd5a88) thrown at [t:/workspace/open/src/hotspot/share/interp
Event: 2.120 Thread 0x000001cd7864f800 Exception <a 'java/lang/NoSuchMethodError'{0x0000000088cd8ea8}: java.lang.invoke.DirectMethodHandle$Holder.invokeStaticInit(Ljava/lang/Object;Ljava/lang/Object;IIII)Ljava/lang/Object;> (0x0000000088cd8ea8) thrown at [t:/workspace/open/src/hotspot/share/in
Event: 2.129 Thread 0x000001cd7864f800 Exception <a 'java/lang/ClassNotFoundException'{0x0000000088cf75a0}: javax/management/remote/rmi/RMIServerImpl_Skel> (0x0000000088cf75a0) thrown at [t:/workspace/open/src/hotspot/share/classfile/systemDictionary.cpp, line 233]
Event: 2.153 Thread 0x000001cd7864f800 Exception <a 'java/lang/NoSuchMethodError'{0x0000000088b4a7a8}: java.lang.Object.lambda$union$2(Ljava/util/regex/Pattern$CharPredicate;I)Z> (0x0000000088b4a7a8) thrown at [t:/workspace/open/src/hotspot/share/interpreter/linkResolver.cpp, line 741]
Event: 2.157 Thread 0x000001cd7864f800 Exception <a 'java/lang/ClassNotFoundException'{0x0000000088b86388}: jdk/internal/agent/resources/spi/agentProvider> (0x0000000088b86388) thrown at [t:/workspace/open/src/hotspot/share/classfile/systemDictionary.cpp, line 233]
Event: 2.165 Thread 0x000001cd7864f800 Exception <a 'java/lang/NoSuchMethodError'{0x0000000088be8748}: java.lang.invoke.DirectMethodHandle$Holder.invokeStatic(Ljava/lang/Object;Ljava/lang/Object;Ljava/lang/Object;Ljava/lang/Object;Ljava/lang/Object;Ljava/lang/Object;Ljava/lang/Object;Ljava/lan
Event: 2.166 Thread 0x000001cd7864f800 Exception <a 'java/lang/NoSuchMethodError'{0x0000000088bf6888}: java.lang.invoke.DirectMethodHandle$Holder.invokeStatic(Ljava/lang/Object;Ljava/lang/Object;Ljava/lang/Object;Ljava/lang/Object;Ljava/lang/Object;Ljava/lang/Object;Ljava/lang/Object;Ljava/lan
Event: 2.176 Thread 0x000001cd7864f800 Exception <a 'java/lang/NoSuchMethodError'{0x0000000089b05410}: method resolution failed> (0x0000000089b05410) thrown at [t:/workspace/open/src/hotspot/share/prims/methodHandles.cpp, line 1226]
Event: 2.177 Thread 0x000001cd7864f800 Exception <a 'java/lang/NoSuchMethodError'{0x0000000089b14378}: method resolution failed> (0x0000000089b14378) thrown at [t:/workspace/open/src/hotspot/share/prims/methodHandles.cpp, line 1226]

Events (10 events):
Event: 2.191 loading class sun/security/util/ManifestEntryVerifier
Event: 2.191 loading class sun/security/util/ManifestEntryVerifier done
Event: 2.192 loading class sun/security/util/SignatureFileVerifier
Event: 2.192 loading class sun/security/util/SignatureFileVerifier done
Event: 2.193 loading class org/apache/commons/logging/LogFactory
Event: 2.193 loading class org/apache/commons/logging/LogFactory done
Event: 2.195 loading class org/apache/commons/logging/LogFactory$6
Event: 2.195 loading class org/apache/commons/logging/LogFactory$6 done
Event: 2.196 loading class org/apache/commons/logging/impl/WeakHashtable
Event: 2.196 loading class org/apache/commons/logging/impl/WeakHashtable done


Dynamic libraries:
0x00007ff7f78c0000 - 0x00007ff7f78fe000 	C:\Program Files\Java\jdk-10.0.2\bin\javaw.exe
0x00007ff89b910000 - 0x00007ff89bb07000 	C:\WINDOWS\SYSTEM32\ntdll.dll
0x00007ff89b500000 - 0x00007ff89b5bd000 	C:\WINDOWS\System32\KERNEL32.DLL
0x00007ff899490000 - 0x00007ff89975d000 	C:\WINDOWS\System32\KERNELBASE.dll
0x00007ff89ac00000 - 0x00007ff89acae000 	C:\WINDOWS\System32\ADVAPI32.dll
0x00007ff89b630000 - 0x00007ff89b6ce000 	C:\WINDOWS\System32\msvcrt.dll
0x00007ff89aa00000 - 0x00007ff89aa9c000 	C:\WINDOWS\System32\sechost.dll
0x00007ff89afb0000 - 0x00007ff89b0d5000 	C:\WINDOWS\System32\RPCRT4.dll
0x00007ff89b6d0000 - 0x00007ff89b870000 	C:\WINDOWS\System32\USER32.dll
0x00007ff899030000 - 0x00007ff899052000 	C:\WINDOWS\System32\win32u.dll
0x00007ff89a8f0000 - 0x00007ff89a91a000 	C:\WINDOWS\System32\GDI32.dll
0x00007ff899760000 - 0x00007ff89986b000 	C:\WINDOWS\System32\gdi32full.dll
0x00007ff899330000 - 0x00007ff8993cd000 	C:\WINDOWS\System32\msvcp_win.dll
0x00007ff899060000 - 0x00007ff899160000 	C:\WINDOWS\System32\ucrtbase.dll
0x00007ff892180000 - 0x00007ff89218a000 	C:\WINDOWS\SYSTEM32\VERSION.dll
0x00007ff8888b0000 - 0x00007ff888b4a000 	C:\WINDOWS\WinSxS\amd64_microsoft.windows.common-controls_6595b64144ccf1df_6.0.19041.1110_none_60b5254171f9507e\COMCTL32.dll
0x00007ff89b170000 - 0x00007ff89b1a0000 	C:\WINDOWS\System32\IMM32.DLL
0x00007ff86aea0000 - 0x00007ff86af8f000 	C:\Program Files\Java\jdk-10.0.2\bin\msvcr120.dll
0x00007ff864fc0000 - 0x00007ff865066000 	C:\Program Files\Java\jdk-10.0.2\bin\msvcp120.dll
0x0000000053520000 - 0x0000000053f90000 	C:\Program Files\Java\jdk-10.0.2\bin\server\jvm.dll
0x00007ff89b5c0000 - 0x00007ff89b5c8000 	C:\WINDOWS\System32\PSAPI.DLL
0x00007ff891f80000 - 0x00007ff891fa7000 	C:\WINDOWS\SYSTEM32\WINMM.dll
0x00007ff87dbe0000 - 0x00007ff87dbe9000 	C:\WINDOWS\SYSTEM32\WSOCK32.dll
0x00007ff89b0e0000 - 0x00007ff89b14b000 	C:\WINDOWS\System32\WS2_32.dll
0x00007ff8933d0000 - 0x00007ff8933df000 	C:\Program Files\Java\jdk-10.0.2\bin\verify.dll
0x00007ff897510000 - 0x00007ff8976f4000 	C:\WINDOWS\SYSTEM32\DBGHELP.DLL
0x00007ff88cac0000 - 0x00007ff88caec000 	C:\WINDOWS\SYSTEM32\dbgcore.DLL
0x00007ff8993d0000 - 0x00007ff899452000 	C:\WINDOWS\System32\bcryptPrimitives.dll
0x00007ff892e20000 - 0x00007ff892e47000 	C:\Program Files\Java\jdk-10.0.2\bin\java.dll
0x00007ff892e00000 - 0x00007ff892e16000 	C:\Program Files\Java\jdk-10.0.2\bin\zip.dll
0x00007ff892eb0000 - 0x00007ff892eba000 	C:\Program Files\Java\jdk-10.0.2\bin\jimage.dll
0x00007ff899c50000 - 0x00007ff89a394000 	C:\WINDOWS\System32\SHELL32.dll
0x00007ff896cb0000 - 0x00007ff897444000 	C:\WINDOWS\SYSTEM32\windows.storage.dll
0x00007ff89b1a0000 - 0x00007ff89b4f4000 	C:\WINDOWS\System32\combase.dll
0x00007ff8988e0000 - 0x00007ff89890c000 	C:\WINDOWS\SYSTEM32\Wldp.dll
0x00007ff89aaa0000 - 0x00007ff89ab4d000 	C:\WINDOWS\System32\SHCORE.dll
0x00007ff89b5d0000 - 0x00007ff89b625000 	C:\WINDOWS\System32\shlwapi.dll
0x00007ff898f70000 - 0x00007ff898f8f000 	C:\WINDOWS\SYSTEM32\profapi.dll
0x00007ff892de0000 - 0x00007ff892dfa000 	C:\Program Files\Java\jdk-10.0.2\bin\net.dll
0x00007ff88f130000 - 0x00007ff88f23a000 	C:\WINDOWS\SYSTEM32\WINHTTP.dll
0x00007ff8986c0000 - 0x00007ff89872a000 	C:\WINDOWS\system32\mswsock.dll
0x00007ff86ae80000 - 0x00007ff86ae91000 	C:\Program Files\Java\jdk-10.0.2\bin\nio.dll
0x00007ff886140000 - 0x00007ff886149000 	C:\Program Files\Java\jdk-10.0.2\bin\management.dll
0x00007ff871320000 - 0x00007ff87132a000 	C:\Program Files\Java\jdk-10.0.2\bin\management_ext.dll
0x00007ff877900000 - 0x00007ff877917000 	C:\WINDOWS\system32\napinsp.dll
0x00007ff8778e0000 - 0x00007ff8778fb000 	C:\WINDOWS\system32\pnrpnsp.dll
0x00007ff893660000 - 0x00007ff893675000 	C:\WINDOWS\system32\wshbth.dll
0x00007ff891480000 - 0x00007ff89149d000 	C:\WINDOWS\system32\NLAapi.dll
0x00007ff8983d0000 - 0x00007ff89840b000 	C:\WINDOWS\SYSTEM32\IPHLPAPI.DLL
0x00007ff898410000 - 0x00007ff8984db000 	C:\WINDOWS\SYSTEM32\DNSAPI.dll
0x00007ff89afa0000 - 0x00007ff89afa8000 	C:\WINDOWS\System32\NSI.dll
0x00007ff877850000 - 0x00007ff877862000 	C:\WINDOWS\System32\winrnr.dll
0x00000000547d0000 - 0x00000000547f6000 	C:\Program Files\Bonjour\mdnsNSP.dll
0x00007ff8918f0000 - 0x00007ff8918fa000 	C:\Windows\System32\rasadhlp.dll
0x00007ff88c030000 - 0x00007ff88c0b0000 	C:\WINDOWS\System32\fwpuclnt.dll
0x00007ff899460000 - 0x00007ff899487000 	C:\WINDOWS\System32\bcrypt.dll
0x00007ff898920000 - 0x00007ff898938000 	C:\WINDOWS\SYSTEM32\CRYPTSP.dll
0x00007ff898060000 - 0x00007ff898094000 	C:\WINDOWS\system32\rsaenh.dll
0x00007ff898f30000 - 0x00007ff898f5e000 	C:\WINDOWS\SYSTEM32\USERENV.dll
0x00007ff898850000 - 0x00007ff89885c000 	C:\WINDOWS\SYSTEM32\CRYPTBASE.dll
0x00007ff88f620000 - 0x00007ff88f637000 	C:\WINDOWS\SYSTEM32\dhcpcsvc6.DLL
0x00007ff890100000 - 0x00007ff89011d000 	C:\WINDOWS\SYSTEM32\dhcpcsvc.DLL

dbghelp: loaded successfully - version: 4.0.5 - missing functions: none
symbol engine: initialized successfully - sym options: 0x614 - pdb path: .;C:\Program Files\Java\jdk-10.0.2\bin;C:\WINDOWS\SYSTEM32;C:\WINDOWS\WinSxS\amd64_microsoft.windows.common-controls_6595b64144ccf1df_6.0.19041.1110_none_60b5254171f9507e;C:\Program Files\Java\jdk-10.0.2\bin\server;C:\Program Files\Bonjour

VM Arguments:
jvm_args: -Dcom.sun.management.jmxremote -Dcom.sun.management.jmxremote.port=64812 -Dcom.sun.management.jmxremote.authenticate=false -Dcom.sun.management.jmxremote.ssl=false -Djava.rmi.server.hostname=localhost -Dspring.jmx.enabled=true -Dspring.application.admin.enabled=true -Xverify:none -XX:TieredStopAtLevel=1 -Dspring.boot.project.name=hustperfume-server -Dfile.encoding=UTF-8 
java_command: com.hoanghiep.perfume.HustperfumeServerApplication --spring.output.ansi.enabled=always
java_class_path (initial): E:\DA\hustperfume-server\target\classes;C:\Users\Ibm\.m2\repository\org\springframework\boot\spring-boot-starter-data-jpa\2.6.4\spring-boot-starter-data-jpa-2.6.4.jar;C:\Users\Ibm\.m2\repository\org\springframework\boot\spring-boot-starter-aop\2.6.4\spring-boot-starter-aop-2.6.4.jar;C:\Users\Ibm\.m2\repository\org\aspectj\aspectjweaver\1.9.7\aspectjweaver-1.9.7.jar;C:\Users\Ibm\.m2\repository\org\springframework\boot\spring-boot-starter-jdbc\2.6.4\spring-boot-starter-jdbc-2.6.4.jar;C:\Users\Ibm\.m2\repository\com\zaxxer\HikariCP\4.0.3\HikariCP-4.0.3.jar;C:\Users\Ibm\.m2\repository\org\springframework\spring-jdbc\5.3.16\spring-jdbc-5.3.16.jar;C:\Users\Ibm\.m2\repository\jakarta\transaction\jakarta.transaction-api\1.3.3\jakarta.transaction-api-1.3.3.jar;C:\Users\Ibm\.m2\repository\jakarta\persistence\jakarta.persistence-api\2.2.3\jakarta.persistence-api-2.2.3.jar;C:\Users\Ibm\.m2\repository\org\hibernate\hibernate-core\5.6.5.Final\hibernate-core-5.6.5.Final.jar;C:\Users\Ibm\.m2\repository\org\jboss\logging\jboss-logging\3.4.3.Final\jboss-logging-3.4.3.Final.jar;C:\Users\Ibm\.m2\repository\net\bytebuddy\byte-buddy\1.11.22\byte-buddy-1.11.22.jar;C:\Users\Ibm\.m2\repository\antlr\antlr\2.7.7\antlr-2.7.7.jar;C:\Users\Ibm\.m2\repository\org\jboss\jandex\2.4.2.Final\jandex-2.4.2.Final.jar;C:\Users\Ibm\.m2\repository\com\fasterxml\classmate\1.5.1\classmate-1.5.1.jar;C:\Users\Ibm\.m2\repository\org\hibernate\common\hibernate-commons-annotations\5.1.2.Final\hibernate-commons-annotations-5.1.2.Final.jar;C:\Users\Ibm\.m2\repository\org\glassfish\jaxb\jaxb-runtime\2.3.6\jaxb-runtime-2.3.6.jar;C:\Users\Ibm\.m2\repository\org\glassfish\jaxb\txw2\2.3.6\txw2-2.3.6.jar;C:\Users\Ibm\.m2\repository\com\sun\istack\istack-commons-runtime\3.0.12\istack-commons-runtime-3.0.12.jar;C:\Users\Ibm\.m2\repository\org\springframework\data\spring-data-jpa\2.6.2\spring-data-jpa-2.6.2.jar;C:\Users\Ibm\.m2\repository\org\springframework\data\spring-data-commons\2.6.2\sprin
Launcher Type: SUN_STANDARD

Logging:
Log output configuration:
#0: stdout all=warning uptime,level,tags
#1: stderr all=off uptime,level,tags

Environment Variables:
JAVA_HOME=C:\Program Files\java\jdk-10.0.2
JRE_HOME=C:\Program Files\Java\jre-10.0.2
PATH=C:\Program Files\Common Files\Oracle\Java\javapath;C:\WINDOWS\system32;C:\WINDOWS;C:\WINDOWS\System32\Wbem;C:\WINDOWS\System32\WindowsPowerShell\v1.0\;C:\Program Files\java\jdk-10.0.2\bin;C:\Program Files\Java\jre-10.0.2\bin;C:\Program Files\Java\Scripts;C:\Users\Ibm\Pictures\Saved pictures 2;C:\WINDOWS\System32\OpenSSH\;C:\Program Files (x86)\Intel\Intel(R) Management Engine Components\DAL;C:\Program Files\Intel\Intel(R) Management Engine Components\DAL;C:\Program Files\Intel\WiFi\bin\;C:\Program Files\Common Files\Intel\WirelessCommon\;C:\MinGW\bin;C:\Program Files\Git\cmd;C:\apache-maven-3.6.3\bin;C:\Program Files\Docker\Docker\resources\bin;C:\ProgramData\DockerDesktop\version-bin;C:\Program Files\nodejs\;C:\Program Files\dotnet\;C:\Users\Ibm\AppData\Local\Programs\Python\Python310\Scripts\;C:\Users\Ibm\AppData\Local\Programs\Python\Python38\Scripts\;C:\Users\Ibm\AppData\Local\Programs\Python\Python38\;C:\Users\Ibm\AppData\Local\Microsoft\WindowsApps;C:\Users\Ibm\Downloads\apache-maven-3.6.3\bin;C:\MinGW\bin;C:\Users\Ibm\AppData\Local\Programs\Microsoft VS Code\bin;C:\Users\Ibm\AppData\Roaming\npm;C:\Program Files\dotnet;C:\Users\Ibm\.dotnet\tools;
USERNAME=Ibm
OS=Windows_NT
PROCESSOR_IDENTIFIER=Intel64 Family 6 Model 78 Stepping 3, GenuineIntel



---------------  S Y S T E M  ---------------

OS: Windows 10 , 64 bit Build 19041 (10.0.19041.1741)

CPU:total 4 (initial active 4) (2 cores per cpu, 2 threads per core) family 6 model 78 stepping 3, cmov, cx8, fxsr, mmx, sse, sse2, sse3, ssse3, sse4.1, sse4.2, popcnt, avx, avx2, aes, clmul, erms, 3dnowpref, lzcnt, ht, tsc, tscinvbit, bmi1, bmi2, adx, fma

Memory: 4k page, physical 8268916k(1376452k free), swap 11123596k(2146908k free)

vm_info: Java HotSpot(TM) 64-Bit Server VM (10.0.2+13) for windows-amd64 JRE (10.0.2+13), built on Jun 28 2018 01:57:56 by "mach5one" with MS VC++ 12.0 (VS2013)

END.
