#
# A fatal error has been detected by the Java Runtime Environment:
#
#  EXCEPTION_ACCESS_VIOLATION (0xc0000005) at pc=0x000000005b938fc6, pid=15508, tid=13056
#
# JRE version: Java(TM) SE Runtime Environment (10.0.2+13) (build 10.0.2+13)
# Java VM: Java HotSpot(TM) 64-Bit Server VM (10.0.2+13, mixed mode, tiered, compressed oops, g1 gc, windows-amd64)
# Problematic frame:
# V  [jvm.dll+0x628fc6]
#
# No core dump will be written. Minidumps are not enabled by default on client versions of Windows
#
# If you would like to submit a bug report, please visit:
#   http://bugreport.java.com/bugreport/crash.jsp
#

---------------  S U M M A R Y ------------

Command Line: -Dcom.sun.management.jmxremote -Dcom.sun.management.jmxremote.port=62982 -Dcom.sun.management.jmxremote.authenticate=false -Dcom.sun.management.jmxremote.ssl=false -Djava.rmi.server.hostname=localhost -Dspring.jmx.enabled=true -Dspring.application.admin.enabled=true -Xverify:none -XX:TieredStopAtLevel=1 -Dspring.boot.project.name=hustperfume-server -Dfile.encoding=UTF-8 com.hoanghiep.perfume.HustperfumeServerApplication --spring.output.ansi.enabled=always

Host: Intel(R) Core(TM) i7-6500U CPU @ 2.50GHz, 4 cores, 7G,  Windows 10 , 64 bit Build 19041 (10.0.19041.1741)
Time: Sat Jul 09 15:46:31 2022 SE Asia Standard Time elapsed time: 2 seconds (0d 0h 0m 2s)

---------------  T H R E A D  ---------------

Current thread (0x0000023d62937800):  WatcherThread [stack: 0x0000005992b00000,0x0000005992c00000] [id=13056]

Stack: [0x0000005992b00000,0x0000005992c00000],  sp=0x0000005992bff7e0,  free space=1021k
Native frames: (J=compiled Java code, j=interpreted, Vv=VM code, C=native code)
V  [jvm.dll+0x628fc6]
V  [jvm.dll+0x66834d]
V  [jvm.dll+0x68ad26]
V  [jvm.dll+0x59f4b0]
C  [msvcr120.dll+0x24f7f]
C  [msvcr120.dll+0x25126]
C  [KERNEL32.DLL+0x17034]
C  [ntdll.dll+0x52651]


siginfo: EXCEPTION_ACCESS_VIOLATION (0xc0000005), reading address 0x0000000400000003


Register to memory mapping:

RIP=0x000000005b938fc6 jvm.dll
RAX=0x0000000400000003 is an unknown value
RBX=0x0000000000000000 is an unknown value
RCX=0x0000023d62893a00 is an unknown value
RDX=0x000000000000003c is an unknown value
RSP=0x0000005992bff7e0 is an unknown value
RBP=0x0000000000000002 is an unknown value
RSI=0x0000023d61d6fc20 is an unknown value
RDI=0x0000000000000001 is an unknown value
R8 =0x0000000000000000 is an unknown value
R9 =0x000000007ffee000 is an unknown value
R10=0x0000000000000001 is an unknown value
R11=0x0000011ad4f8fb7f is an unknown value
R12=0x0000000000000000 is an unknown value
R13=0x0000000000000000 is an unknown value
R14=0x000000000000003c is an unknown value
R15=0x0000000000000000 is an unknown value


Registers:
RAX=0x0000000400000003, RBX=0x0000000000000000, RCX=0x0000023d62893a00, RDX=0x000000000000003c
RSP=0x0000005992bff7e0, RBP=0x0000000000000002, RSI=0x0000023d61d6fc20, RDI=0x0000000000000001
R8 =0x0000000000000000, R9 =0x000000007ffee000, R10=0x0000000000000001, R11=0x0000011ad4f8fb7f
R12=0x0000000000000000, R13=0x0000000000000000, R14=0x000000000000003c, R15=0x0000000000000000
RIP=0x000000005b938fc6, EFLAGS=0x0000000000010246

Top of Stack: (sp=0x0000005992bff7e0)
0x0000005992bff7e0:   0000000000000032 0000023d62937800
0x0000005992bff7f0:   0000023d612df5a0 0000005992bffb60
0x0000005992bff800:   000000005bccc238 000000005b97834d
0x0000005992bff810:   0000023d3f5b0290 0000023d3f5b0290
0x0000005992bff820:   0000000000000000 0000000000000000
0x0000005992bff830:   0000000000000000 0000000000000000
0x0000005992bff840:   000000000000003c 000000005b99ad26
0x0000005992bff850:   0000005992bffb60 0000023d612df5a0
0x0000005992bff860:   0000023d62937800 0000000000000000
0x0000005992bff870:   0000000000000000 0000000000000000
0x0000005992bff880:   0000000000000000 00007fff39c22630
0x0000005992bff890:   000000000000027f 0000000000000000
0x0000005992bff8a0:   0000000000000000 0000ffff00001f80
0x0000005992bff8b0:   00000000000075a3 000000005b8af4b0
0x0000005992bff8c0:   0000023d62937800 0000023d612df5a0
0x0000005992bff8d0:   0000000000000000 0000000000000000 

Instructions: (pc=0x000000005b938fc6)
0x000000005b938fa6:   cc cc cc cc cc cc cc cc cc cc 48 89 5c 24 10 56
0x000000005b938fb6:   48 83 ec 20 48 8b 35 d7 e2 38 00 33 db 48 8b 06
0x000000005b938fc6:   39 18 7e 27 48 89 7c 24 30 8b fb 48 8b 40 18 48
0x000000005b938fd6:   8b 0c 07 48 8b 01 ff 50 08 48 8b 06 ff c3 48 8d 



---------------  P R O C E S S  ---------------

Threads class SMR info:
_java_thread_list=0x0000023d62893720, length=14, elements={
0x0000023d3f5b1000, 0x0000023d60962000, 0x0000023d60964800, 0x0000023d612d2800,
0x0000023d612d3800, 0x0000023d60971800, 0x0000023d612dd800, 0x0000023d612de800,
0x0000023d612e8800, 0x0000023d614bc800, 0x0000023d614bd000, 0x0000023d6292b000,
0x0000023d62899800, 0x0000023d62942800
}

Java Threads: ( => current thread )
  0x0000023d3f5b1000 JavaThread "main" [_thread_in_native, id=2172, stack(0x0000005991100000,0x0000005991200000)]
  0x0000023d60962000 JavaThread "Reference Handler" daemon [_thread_blocked, id=4564, stack(0x0000005991e00000,0x0000005991f00000)]
  0x0000023d60964800 JavaThread "Finalizer" daemon [_thread_blocked, id=19312, stack(0x0000005991f00000,0x0000005992000000)]
  0x0000023d612d2800 JavaThread "Signal Dispatcher" daemon [_thread_blocked, id=13664, stack(0x0000005992000000,0x0000005992100000)]
  0x0000023d612d3800 JavaThread "Attach Listener" daemon [_thread_blocked, id=10504, stack(0x0000005992100000,0x0000005992200000)]
  0x0000023d60971800 JavaThread "C1 CompilerThread0" daemon [_thread_blocked, id=7272, stack(0x0000005992200000,0x0000005992300000)]
  0x0000023d612dd800 JavaThread "C1 CompilerThread1" daemon [_thread_in_native, id=5548, stack(0x0000005992300000,0x0000005992400000)]
  0x0000023d612de800 JavaThread "C1 CompilerThread2" daemon [_thread_blocked, id=16232, stack(0x0000005992400000,0x0000005992500000)]
  0x0000023d612e8800 JavaThread "Sweeper thread" daemon [_thread_blocked, id=14024, stack(0x0000005992500000,0x0000005992600000)]
  0x0000023d614bc800 JavaThread "Service Thread" daemon [_thread_blocked, id=7892, stack(0x0000005992600000,0x0000005992700000)]
  0x0000023d614bd000 JavaThread "Common-Cleaner" daemon [_thread_blocked, id=12444, stack(0x0000005992700000,0x0000005992800000)]
  0x0000023d6292b000 JavaThread "RMI TCP Accept-0" daemon [_thread_in_native, id=13600, stack(0x0000005992800000,0x0000005992900000)]
  0x0000023d62899800 JavaThread "RMI TCP Accept-62982" daemon [_thread_in_native, id=16356, stack(0x0000005992900000,0x0000005992a00000)]
  0x0000023d62942800 JavaThread "RMI TCP Accept-0" daemon [_thread_in_native, id=5924, stack(0x0000005992a00000,0x0000005992b00000)]

Other Threads:
  0x0000023d6094d000 VMThread "VM Thread" [stack: 0x0000005991d00000,0x0000005991e00000] [id=7332]
=>0x0000023d62937800 WatcherThread [stack: 0x0000005992b00000,0x0000005992c00000] [id=13056]
  0x0000023d3f5cc800 GCTaskThread "GC Thread#0" [stack: 0x0000005991200000,0x0000005991300000] [id=11072]
  0x0000023d3f5ce000 GCTaskThread "GC Thread#1" [stack: 0x0000005991300000,0x0000005991400000] [id=14200]
  0x0000023d3f5cf800 GCTaskThread "GC Thread#2" [stack: 0x0000005991400000,0x0000005991500000] [id=8036]
  0x0000023d3f5d2000 GCTaskThread "GC Thread#3" [stack: 0x0000005991500000,0x0000005991600000] [id=17100]
  0x0000023d3f63c000 ConcurrentGCThread "G1 Main Marker" [stack: 0x0000005991600000,0x0000005991700000] [id=7764]
  0x0000023d3f63e000 ConcurrentGCThread "G1 Conc#0" [stack: 0x0000005991700000,0x0000005991800000] [id=18236]
  0x0000023d607ce800 ConcurrentGCThread "G1 Refine#0" [stack: 0x0000005991800000,0x0000005991900000] [id=15988]
  0x0000023d607d0800 ConcurrentGCThread "G1 Refine#1" [stack: 0x0000005991900000,0x0000005991a00000] [id=11424]
  0x0000023d607d2000 ConcurrentGCThread "G1 Refine#2" [stack: 0x0000005991a00000,0x0000005991b00000] [id=1820]
  0x0000023d607d5000 ConcurrentGCThread "G1 Refine#3" [stack: 0x0000005991b00000,0x0000005991c00000] [id=18712]
  0x0000023d607d9000 ConcurrentGCThread "G1 Young RemSet Sampling" [stack: 0x0000005991c00000,0x0000005991d00000] [id=14092]

Threads with active compile tasks:
C1 CompilerThread11512       1       java.util.Properties$LineReader::readLine (585 bytes)

VM state:not at safepoint (normal execution)

VM Mutex/Monitor currently owned by a thread:  ([mutex/lock_event])
[0x0000023d3f5b0290] PeriodicTask_lock - owner thread: 0x0000023d62937800

Heap address: 0x0000000081c00000, size: 2020 MB, Compressed Oops mode: 32-bit
Narrow klass base: 0x0000000000000000, Narrow klass shift: 3
Compressed class space size: 1073741824 Address: 0x0000000100000000

Heap:
 garbage-first heap   total 131072K, used 38750K [0x0000000081c00000, 0x0000000100000000)
  region size 1024K, 15 young (15360K), 3 survivors (3072K)
 Metaspace       used 13828K, capacity 14191K, committed 14464K, reserved 1062912K
  class space    used 1401K, capacity 1537K, committed 1664K, reserved 1048576K
Heap Regions: E=young(eden), S=young(survivor), O=old, HS=humongous(starts), HC=humongous(continues), CS=collection set, F=free, A=archive, TS=gc time stamp, AC=allocation context, TAMS=top-at-mark-start (previous, next)
|   0|0x0000000081c00000, 0x0000000081d00000, 0x0000000081d00000|100%|HS|  |TS  0|AC  0|TAMS 0x0000000081c00000, 0x0000000081c00000|
|   1|0x0000000081d00000, 0x0000000081e00000, 0x0000000081e00000|100%| O|  |TS  1|AC  0|TAMS 0x0000000081d00000, 0x0000000081d00000|
|   2|0x0000000081e00000, 0x0000000081f00000, 0x0000000081f00000|100%| O|  |TS  1|AC  0|TAMS 0x0000000081e00000, 0x0000000081e00000|
|   3|0x0000000081f00000, 0x0000000082000000, 0x0000000082000000|100%| O|  |TS  1|AC  0|TAMS 0x0000000081f00000, 0x0000000081f00000|
|   4|0x0000000082000000, 0x0000000082100000, 0x0000000082100000|100%| O|  |TS  1|AC  0|TAMS 0x0000000082000000, 0x0000000082000000|
|   5|0x0000000082100000, 0x0000000082200000, 0x0000000082200000|100%| O|  |TS  1|AC  0|TAMS 0x0000000082100000, 0x0000000082100000|
|   6|0x0000000082200000, 0x0000000082300000, 0x0000000082300000|100%| O|  |TS  1|AC  0|TAMS 0x0000000082200000, 0x0000000082200000|
|   7|0x0000000082300000, 0x0000000082400000, 0x0000000082400000|100%| O|  |TS  1|AC  0|TAMS 0x0000000082300000, 0x0000000082300000|
|   8|0x0000000082400000, 0x0000000082500000, 0x0000000082500000|100%| O|  |TS  2|AC  0|TAMS 0x0000000082400000, 0x0000000082400000|
|   9|0x0000000082500000, 0x0000000082600000, 0x0000000082600000|100%| O|  |TS  2|AC  0|TAMS 0x0000000082500000, 0x0000000082500000|
|  10|0x0000000082600000, 0x0000000082700000, 0x0000000082700000|100%| O|  |TS  2|AC  0|TAMS 0x0000000082600000, 0x0000000082600000|
|  11|0x0000000082700000, 0x0000000082800000, 0x0000000082800000|100%| O|  |TS  2|AC  0|TAMS 0x0000000082700000, 0x0000000082700000|
|  12|0x0000000082800000, 0x0000000082900000, 0x0000000082900000|100%| O|  |TS  2|AC  0|TAMS 0x0000000082800000, 0x0000000082800000|
|  13|0x0000000082900000, 0x0000000082a00000, 0x0000000082a00000|100%| O|  |TS  2|AC  0|TAMS 0x0000000082900000, 0x0000000082900000|
|  14|0x0000000082a00000, 0x0000000082b00000, 0x0000000082b00000|100%| O|  |TS  2|AC  0|TAMS 0x0000000082a00000, 0x0000000082a00000|
|  15|0x0000000082b00000, 0x0000000082c00000, 0x0000000082c00000|100%| O|  |TS  3|AC  0|TAMS 0x0000000082b00000, 0x0000000082b00000|
|  16|0x0000000082c00000, 0x0000000082d00000, 0x0000000082d00000|100%| O|  |TS  3|AC  0|TAMS 0x0000000082c00000, 0x0000000082c00000|
|  17|0x0000000082d00000, 0x0000000082e00000, 0x0000000082e00000|100%| O|  |TS  3|AC  0|TAMS 0x0000000082d00000, 0x0000000082d00000|
|  18|0x0000000082e00000, 0x0000000082f00000, 0x0000000082f00000|100%| O|  |TS  3|AC  0|TAMS 0x0000000082e00000, 0x0000000082e00000|
|  19|0x0000000082f00000, 0x0000000083000000, 0x0000000083000000|100%| O|  |TS  3|AC  0|TAMS 0x0000000082f00000, 0x0000000082f00000|
|  20|0x0000000083000000, 0x0000000083100000, 0x0000000083100000|100%| O|  |TS  3|AC  0|TAMS 0x0000000083000000, 0x0000000083000000|
|  21|0x0000000083100000, 0x0000000083200000, 0x0000000083200000|100%| O|  |TS  3|AC  0|TAMS 0x0000000083100000, 0x0000000083100000|
|  22|0x0000000083200000, 0x0000000083300000, 0x0000000083300000|100%| O|  |TS  3|AC  0|TAMS 0x0000000083200000, 0x0000000083200000|
|  23|0x0000000083300000, 0x00000000833d7808, 0x0000000083400000| 84%| O|  |TS  3|AC  0|TAMS 0x0000000083300000, 0x0000000083300000|
|  24|0x0000000083400000, 0x0000000083400000, 0x0000000083500000|  0%| F|  |TS  0|AC  0|TAMS 0x0000000083400000, 0x0000000083400000|
|  25|0x0000000083500000, 0x0000000083500000, 0x0000000083600000|  0%| F|  |TS  0|AC  0|TAMS 0x0000000083500000, 0x0000000083500000|
|  26|0x0000000083600000, 0x0000000083600000, 0x0000000083700000|  0%| F|  |TS  0|AC  0|TAMS 0x0000000083600000, 0x0000000083600000|
|  27|0x0000000083700000, 0x0000000083700000, 0x0000000083800000|  0%| F|  |TS  0|AC  0|TAMS 0x0000000083700000, 0x0000000083700000|
|  28|0x0000000083800000, 0x0000000083800000, 0x0000000083900000|  0%| F|  |TS  0|AC  0|TAMS 0x0000000083800000, 0x0000000083800000|
|  29|0x0000000083900000, 0x0000000083900000, 0x0000000083a00000|  0%| F|  |TS  0|AC  0|TAMS 0x0000000083900000, 0x0000000083900000|
|  30|0x0000000083a00000, 0x0000000083a00000, 0x0000000083b00000|  0%| F|  |TS  0|AC  0|TAMS 0x0000000083a00000, 0x0000000083a00000|
|  31|0x0000000083b00000, 0x0000000083b00000, 0x0000000083c00000|  0%| F|  |TS  0|AC  0|TAMS 0x0000000083b00000, 0x0000000083b00000|
|  32|0x0000000083c00000, 0x0000000083c00000, 0x0000000083d00000|  0%| F|  |TS  0|AC  0|TAMS 0x0000000083c00000, 0x0000000083c00000|
|  33|0x0000000083d00000, 0x0000000083d00000, 0x0000000083e00000|  0%| F|  |TS  0|AC  0|TAMS 0x0000000083d00000, 0x0000000083d00000|
|  34|0x0000000083e00000, 0x0000000083e00000, 0x0000000083f00000|  0%| F|  |TS  0|AC  0|TAMS 0x0000000083e00000, 0x0000000083e00000|
|  35|0x0000000083f00000, 0x0000000083f00000, 0x0000000084000000|  0%| F|  |TS  0|AC  0|TAMS 0x0000000083f00000, 0x0000000083f00000|
|  36|0x0000000084000000, 0x0000000084000000, 0x0000000084100000|  0%| F|  |TS  0|AC  0|TAMS 0x0000000084000000, 0x0000000084000000|
|  37|0x0000000084100000, 0x0000000084100000, 0x0000000084200000|  0%| F|  |TS  0|AC  0|TAMS 0x0000000084100000, 0x0000000084100000|
|  38|0x0000000084200000, 0x0000000084200000, 0x0000000084300000|  0%| F|  |TS  0|AC  0|TAMS 0x0000000084200000, 0x0000000084200000|
|  39|0x0000000084300000, 0x0000000084300000, 0x0000000084400000|  0%| F|  |TS  0|AC  0|TAMS 0x0000000084300000, 0x0000000084300000|
|  40|0x0000000084400000, 0x0000000084400000, 0x0000000084500000|  0%| F|  |TS  0|AC  0|TAMS 0x0000000084400000, 0x0000000084400000|
|  41|0x0000000084500000, 0x0000000084500000, 0x0000000084600000|  0%| F|  |TS  0|AC  0|TAMS 0x0000000084500000, 0x0000000084500000|
|  42|0x0000000084600000, 0x0000000084600000, 0x0000000084700000|  0%| F|  |TS  0|AC  0|TAMS 0x0000000084600000, 0x0000000084600000|
|  43|0x0000000084700000, 0x0000000084700000, 0x0000000084800000|  0%| F|  |TS  0|AC  0|TAMS 0x0000000084700000, 0x0000000084700000|
|  44|0x0000000084800000, 0x0000000084800000, 0x0000000084900000|  0%| F|  |TS  0|AC  0|TAMS 0x0000000084800000, 0x0000000084800000|
|  45|0x0000000084900000, 0x0000000084900000, 0x0000000084a00000|  0%| F|  |TS  0|AC  0|TAMS 0x0000000084900000, 0x0000000084900000|
|  46|0x0000000084a00000, 0x0000000084a00000, 0x0000000084b00000|  0%| F|  |TS  0|AC  0|TAMS 0x0000000084a00000, 0x0000000084a00000|
|  47|0x0000000084b00000, 0x0000000084b00000, 0x0000000084c00000|  0%| F|  |TS  0|AC  0|TAMS 0x0000000084b00000, 0x0000000084b00000|
|  48|0x0000000084c00000, 0x0000000084c00000, 0x0000000084d00000|  0%| F|  |TS  0|AC  0|TAMS 0x0000000084c00000, 0x0000000084c00000|
|  49|0x0000000084d00000, 0x0000000084d00000, 0x0000000084e00000|  0%| F|  |TS  0|AC  0|TAMS 0x0000000084d00000, 0x0000000084d00000|
|  50|0x0000000084e00000, 0x0000000084e00000, 0x0000000084f00000|  0%| F|  |TS  0|AC  0|TAMS 0x0000000084e00000, 0x0000000084e00000|
|  51|0x0000000084f00000, 0x0000000084f00000, 0x0000000085000000|  0%| F|  |TS  0|AC  0|TAMS 0x0000000084f00000, 0x0000000084f00000|
|  52|0x0000000085000000, 0x0000000085000000, 0x0000000085100000|  0%| F|  |TS  0|AC  0|TAMS 0x0000000085000000, 0x0000000085000000|
|  53|0x0000000085100000, 0x0000000085100000, 0x0000000085200000|  0%| F|  |TS  0|AC  0|TAMS 0x0000000085100000, 0x0000000085100000|
|  54|0x0000000085200000, 0x0000000085200000, 0x0000000085300000|  0%| F|  |TS  0|AC  0|TAMS 0x0000000085200000, 0x0000000085200000|
|  55|0x0000000085300000, 0x0000000085300000, 0x0000000085400000|  0%| F|  |TS  0|AC  0|TAMS 0x0000000085300000, 0x0000000085300000|
|  56|0x0000000085400000, 0x0000000085400000, 0x0000000085500000|  0%| F|  |TS  0|AC  0|TAMS 0x0000000085400000, 0x0000000085400000|
|  57|0x0000000085500000, 0x0000000085500000, 0x0000000085600000|  0%| F|  |TS  0|AC  0|TAMS 0x0000000085500000, 0x0000000085500000|
|  58|0x0000000085600000, 0x0000000085600000, 0x0000000085700000|  0%| F|  |TS  0|AC  0|TAMS 0x0000000085600000, 0x0000000085600000|
|  59|0x0000000085700000, 0x0000000085700000, 0x0000000085800000|  0%| F|  |TS  0|AC  0|TAMS 0x0000000085700000, 0x0000000085700000|
|  60|0x0000000085800000, 0x0000000085800000, 0x0000000085900000|  0%| F|  |TS  0|AC  0|TAMS 0x0000000085800000, 0x0000000085800000|
|  61|0x0000000085900000, 0x0000000085900000, 0x0000000085a00000|  0%| F|  |TS  0|AC  0|TAMS 0x0000000085900000, 0x0000000085900000|
|  62|0x0000000085a00000, 0x0000000085a00000, 0x0000000085b00000|  0%| F|  |TS  0|AC  0|TAMS 0x0000000085a00000, 0x0000000085a00000|
|  63|0x0000000085b00000, 0x0000000085b00000, 0x0000000085c00000|  0%| F|  |TS  0|AC  0|TAMS 0x0000000085b00000, 0x0000000085b00000|
|  64|0x0000000085c00000, 0x0000000085c00000, 0x0000000085d00000|  0%| F|  |TS  0|AC  0|TAMS 0x0000000085c00000, 0x0000000085c00000|
|  65|0x0000000085d00000, 0x0000000085d00000, 0x0000000085e00000|  0%| F|  |TS  0|AC  0|TAMS 0x0000000085d00000, 0x0000000085d00000|
|  66|0x0000000085e00000, 0x0000000085e00000, 0x0000000085f00000|  0%| F|  |TS  0|AC  0|TAMS 0x0000000085e00000, 0x0000000085e00000|
|  67|0x0000000085f00000, 0x0000000085f00000, 0x0000000086000000|  0%| F|  |TS  0|AC  0|TAMS 0x0000000085f00000, 0x0000000085f00000|
|  68|0x0000000086000000, 0x0000000086000000, 0x0000000086100000|  0%| F|  |TS  0|AC  0|TAMS 0x0000000086000000, 0x0000000086000000|
|  69|0x0000000086100000, 0x0000000086100000, 0x0000000086200000|  0%| F|  |TS  0|AC  0|TAMS 0x0000000086100000, 0x0000000086100000|
|  70|0x0000000086200000, 0x0000000086200000, 0x0000000086300000|  0%| F|  |TS  0|AC  0|TAMS 0x0000000086200000, 0x0000000086200000|
|  71|0x0000000086300000, 0x0000000086300000, 0x0000000086400000|  0%| F|  |TS  0|AC  0|TAMS 0x0000000086300000, 0x0000000086300000|
|  72|0x0000000086400000, 0x0000000086400000, 0x0000000086500000|  0%| F|  |TS  0|AC  0|TAMS 0x0000000086400000, 0x0000000086400000|
|  73|0x0000000086500000, 0x0000000086500000, 0x0000000086600000|  0%| F|  |TS  0|AC  0|TAMS 0x0000000086500000, 0x0000000086500000|
|  74|0x0000000086600000, 0x0000000086600000, 0x0000000086700000|  0%| F|  |TS  0|AC  0|TAMS 0x0000000086600000, 0x0000000086600000|
|  75|0x0000000086700000, 0x0000000086700000, 0x0000000086800000|  0%| F|  |TS  0|AC  0|TAMS 0x0000000086700000, 0x0000000086700000|
|  76|0x0000000086800000, 0x0000000086800000, 0x0000000086900000|  0%| F|  |TS  0|AC  0|TAMS 0x0000000086800000, 0x0000000086800000|
|  77|0x0000000086900000, 0x0000000086900000, 0x0000000086a00000|  0%| F|  |TS  0|AC  0|TAMS 0x0000000086900000, 0x0000000086900000|
|  78|0x0000000086a00000, 0x0000000086a00000, 0x0000000086b00000|  0%| F|  |TS  0|AC  0|TAMS 0x0000000086a00000, 0x0000000086a00000|
|  79|0x0000000086b00000, 0x0000000086b00000, 0x0000000086c00000|  0%| F|  |TS  0|AC  0|TAMS 0x0000000086b00000, 0x0000000086b00000|
|  80|0x0000000086c00000, 0x0000000086c00000, 0x0000000086d00000|  0%| F|  |TS  0|AC  0|TAMS 0x0000000086c00000, 0x0000000086c00000|
|  81|0x0000000086d00000, 0x0000000086d00000, 0x0000000086e00000|  0%| F|  |TS  0|AC  0|TAMS 0x0000000086d00000, 0x0000000086d00000|
|  82|0x0000000086e00000, 0x0000000086e00000, 0x0000000086f00000|  0%| F|  |TS  0|AC  0|TAMS 0x0000000086e00000, 0x0000000086e00000|
|  83|0x0000000086f00000, 0x0000000086f00000, 0x0000000087000000|  0%| F|  |TS  0|AC  0|TAMS 0x0000000086f00000, 0x0000000086f00000|
|  84|0x0000000087000000, 0x0000000087000000, 0x0000000087100000|  0%| F|  |TS  0|AC  0|TAMS 0x0000000087000000, 0x0000000087000000|
|  85|0x0000000087100000, 0x0000000087100000, 0x0000000087200000|  0%| F|  |TS  0|AC  0|TAMS 0x0000000087100000, 0x0000000087100000|
|  86|0x0000000087200000, 0x0000000087200000, 0x0000000087300000|  0%| F|  |TS  0|AC  0|TAMS 0x0000000087200000, 0x0000000087200000|
|  87|0x0000000087300000, 0x0000000087300000, 0x0000000087400000|  0%| F|  |TS  0|AC  0|TAMS 0x0000000087300000, 0x0000000087300000|
|  88|0x0000000087400000, 0x0000000087400000, 0x0000000087500000|  0%| F|  |TS  0|AC  0|TAMS 0x0000000087400000, 0x0000000087400000|
|  89|0x0000000087500000, 0x0000000087500000, 0x0000000087600000|  0%| F|  |TS  0|AC  0|TAMS 0x0000000087500000, 0x0000000087500000|
|  90|0x0000000087600000, 0x0000000087600000, 0x0000000087700000|  0%| F|  |TS  0|AC  0|TAMS 0x0000000087600000, 0x0000000087600000|
|  91|0x0000000087700000, 0x0000000087700000, 0x0000000087800000|  0%| F|  |TS  0|AC  0|TAMS 0x0000000087700000, 0x0000000087700000|
|  92|0x0000000087800000, 0x0000000087800000, 0x0000000087900000|  0%| F|  |TS  0|AC  0|TAMS 0x0000000087800000, 0x0000000087800000|
|  93|0x0000000087900000, 0x0000000087900000, 0x0000000087a00000|  0%| F|  |TS  0|AC  0|TAMS 0x0000000087900000, 0x0000000087900000|
|  94|0x0000000087a00000, 0x0000000087a00000, 0x0000000087b00000|  0%| F|  |TS  0|AC  0|TAMS 0x0000000087a00000, 0x0000000087a00000|
|  95|0x0000000087b00000, 0x0000000087b00000, 0x0000000087c00000|  0%| F|  |TS  0|AC  0|TAMS 0x0000000087b00000, 0x0000000087b00000|
|  96|0x0000000087c00000, 0x0000000087c00000, 0x0000000087d00000|  0%| F|  |TS  0|AC  0|TAMS 0x0000000087c00000, 0x0000000087c00000|
|  97|0x0000000087d00000, 0x0000000087d00000, 0x0000000087e00000|  0%| F|  |TS  0|AC  0|TAMS 0x0000000087d00000, 0x0000000087d00000|
|  98|0x0000000087e00000, 0x0000000087e00000, 0x0000000087f00000|  0%| F|  |TS  0|AC  0|TAMS 0x0000000087e00000, 0x0000000087e00000|
|  99|0x0000000087f00000, 0x0000000087f00000, 0x0000000088000000|  0%| F|  |TS  0|AC  0|TAMS 0x0000000087f00000, 0x0000000087f00000|
| 100|0x0000000088000000, 0x0000000088000000, 0x0000000088100000|  0%| F|  |TS  0|AC  0|TAMS 0x0000000088000000, 0x0000000088000000|
| 101|0x0000000088100000, 0x0000000088100000, 0x0000000088200000|  0%| F|  |TS  0|AC  0|TAMS 0x0000000088100000, 0x0000000088100000|
| 102|0x0000000088200000, 0x0000000088200000, 0x0000000088300000|  0%| F|  |TS  0|AC  0|TAMS 0x0000000088200000, 0x0000000088200000|
| 103|0x0000000088300000, 0x0000000088300000, 0x0000000088400000|  0%| F|  |TS  0|AC  0|TAMS 0x0000000088300000, 0x0000000088300000|
| 104|0x0000000088400000, 0x0000000088400000, 0x0000000088500000|  0%| F|  |TS  0|AC  0|TAMS 0x0000000088400000, 0x0000000088400000|
| 105|0x0000000088500000, 0x0000000088500000, 0x0000000088600000|  0%| F|  |TS  0|AC  0|TAMS 0x0000000088500000, 0x0000000088500000|
| 106|0x0000000088600000, 0x0000000088600000, 0x0000000088700000|  0%| F|  |TS  0|AC  0|TAMS 0x0000000088600000, 0x0000000088600000|
| 107|0x0000000088700000, 0x0000000088800000, 0x0000000088800000|100%| S|CS|TS  3|AC  0|TAMS 0x0000000088700000, 0x0000000088700000|
| 108|0x0000000088800000, 0x0000000088900000, 0x0000000088900000|100%| S|CS|TS  3|AC  0|TAMS 0x0000000088800000, 0x0000000088800000|
| 109|0x0000000088900000, 0x0000000088a00000, 0x0000000088a00000|100%| S|CS|TS  3|AC  0|TAMS 0x0000000088900000, 0x0000000088900000|
| 110|0x0000000088a00000, 0x0000000088a00000, 0x0000000088b00000|  0%| F|  |TS  3|AC  0|TAMS 0x0000000088a00000, 0x0000000088a00000|
| 111|0x0000000088b00000, 0x0000000088b00000, 0x0000000088c00000|  0%| F|  |TS  3|AC  0|TAMS 0x0000000088b00000, 0x0000000088b00000|
| 112|0x0000000088c00000, 0x0000000088c00000, 0x0000000088d00000|  0%| F|  |TS  3|AC  0|TAMS 0x0000000088c00000, 0x0000000088c00000|
| 113|0x0000000088d00000, 0x0000000088d00000, 0x0000000088e00000|  0%| F|  |TS  3|AC  0|TAMS 0x0000000088d00000, 0x0000000088d00000|
| 114|0x0000000088e00000, 0x0000000088e00000, 0x0000000088f00000|  0%| F|  |TS  3|AC  0|TAMS 0x0000000088e00000, 0x0000000088e00000|
| 115|0x0000000088f00000, 0x0000000088f00000, 0x0000000089000000|  0%| F|  |TS  3|AC  0|TAMS 0x0000000088f00000, 0x0000000088f00000|
| 116|0x0000000089000000, 0x0000000089100000, 0x0000000089100000|100%| E|  |TS  3|AC  0|TAMS 0x0000000089000000, 0x0000000089000000|
| 117|0x0000000089100000, 0x0000000089200000, 0x0000000089200000|100%| E|CS|TS  3|AC  0|TAMS 0x0000000089100000, 0x0000000089100000|
| 118|0x0000000089200000, 0x0000000089300000, 0x0000000089300000|100%| E|CS|TS  3|AC  0|TAMS 0x0000000089200000, 0x0000000089200000|
| 119|0x0000000089300000, 0x0000000089400000, 0x0000000089400000|100%| E|CS|TS  3|AC  0|TAMS 0x0000000089300000, 0x0000000089300000|
| 120|0x0000000089400000, 0x0000000089500000, 0x0000000089500000|100%| E|CS|TS  3|AC  0|TAMS 0x0000000089400000, 0x0000000089400000|
| 121|0x0000000089500000, 0x0000000089600000, 0x0000000089600000|100%| E|CS|TS  3|AC  0|TAMS 0x0000000089500000, 0x0000000089500000|
| 122|0x0000000089600000, 0x0000000089700000, 0x0000000089700000|100%| E|CS|TS  3|AC  0|TAMS 0x0000000089600000, 0x0000000089600000|
| 123|0x0000000089700000, 0x0000000089800000, 0x0000000089800000|100%| E|CS|TS  3|AC  0|TAMS 0x0000000089700000, 0x0000000089700000|
| 124|0x0000000089800000, 0x0000000089900000, 0x0000000089900000|100%| E|CS|TS  3|AC  0|TAMS 0x0000000089800000, 0x0000000089800000|
| 125|0x0000000089900000, 0x0000000089a00000, 0x0000000089a00000|100%| E|CS|TS  3|AC  0|TAMS 0x0000000089900000, 0x0000000089900000|
| 126|0x0000000089a00000, 0x0000000089b00000, 0x0000000089b00000|100%| E|CS|TS  3|AC  0|TAMS 0x0000000089a00000, 0x0000000089a00000|
| 127|0x0000000089b00000, 0x0000000089c00000, 0x0000000089c00000|100%| E|CS|TS  3|AC  0|TAMS 0x0000000089b00000, 0x0000000089b00000|

Card table byte_map: [0x0000023d59d30000,0x0000023d5a130000] byte_map_base: 0x0000023d59922000

Marking Bits (Prev, Next): (CMBitMap*) 0x0000023d3f63b1e0, (CMBitMap*) 0x0000023d3f63b218
 Prev Bits: [0x0000023d5a530000, 0x0000023d5c4c0000)
 Next Bits: [0x0000023d5c4c0000, 0x0000023d5e450000)

Polling page: 0x0000023d3d720000

CodeHeap 'non-profiled nmethods': size=238912Kb used=2276Kb max_used=2276Kb free=236635Kb
 bounds [0x0000023d4afe0000, 0x0000023d4b250000, 0x0000023d59930000]
CodeHeap 'non-nmethods': size=6848Kb used=2232Kb max_used=2232Kb free=4615Kb
 bounds [0x0000023d4a930000, 0x0000023d4aba0000, 0x0000023d4afe0000]
 total_blobs=1954 nmethods=1527 adapters=335
 compilation: enabled

Compilation events (10 events):
Event: 2.458 Thread 0x0000023d60971800 nmethod 1329 0x0000023d4b1b1c90 code [0x0000023d4b1b1e80, 0x0000023d4b1b21a0]
Event: 2.458 Thread 0x0000023d612dd800 nmethod 1327 0x0000023d4b1b2390 code [0x0000023d4b1b2560, 0x0000023d4b1b2830]
Event: 2.458 Thread 0x0000023d612de800 1330       1       jdk.internal.loader.URLClassPath$Loader::getBaseURL (5 bytes)
Event: 2.458 Thread 0x0000023d612de800 nmethod 1330 0x0000023d4b1b2a10 code [0x0000023d4b1b2bc0, 0x0000023d4b1b2cd8]
Event: 2.462 Thread 0x0000023d612dd800 1331       1       java.util.WeakHashMap::remove (133 bytes)
Event: 2.462 Thread 0x0000023d612dd800 nmethod 1331 0x0000023d4b1b2d90 code [0x0000023d4b1b2f80, 0x0000023d4b1b33f0]
Event: 2.463 Thread 0x0000023d60971800 1332       1       java.security.CodeSource::getLocationNoFragString (5 bytes)
Event: 2.463 Thread 0x0000023d60971800 nmethod 1332 0x0000023d4b1b3690 code [0x0000023d4b1b3840, 0x0000023d4b1b3958]
Event: 2.463 Thread 0x0000023d612de800 1333       1       java.lang.String::isEmpty (14 bytes)
Event: 2.463 Thread 0x0000023d612de800 nmethod 1333 0x0000023d4b1b3a10 code [0x0000023d4b1b3bc0, 0x0000023d4b1b3cf8]

GC Heap History (6 events):
Event: 1.172 GC heap before
{Heap before GC invocations=0 (full 0):
 garbage-first heap   total 131072K, used 15360K [0x0000000081c00000, 0x0000000100000000)
  region size 1024K, 14 young (14336K), 0 survivors (0K)
 Metaspace       used 5858K, capacity 5894K, committed 6144K, reserved 1056768K
  class space    used 486K, capacity 494K, committed 512K, reserved 1048576K
}
Event: 1.179 GC heap after
{Heap after GC invocations=1 (full 0):
 garbage-first heap   total 131072K, used 10920K [0x0000000081c00000, 0x0000000100000000)
  region size 1024K, 2 young (2048K), 2 survivors (2048K)
 Metaspace       used 5858K, capacity 5894K, committed 6144K, reserved 1056768K
  class space    used 486K, capacity 494K, committed 512K, reserved 1048576K
}
Event: 1.298 GC heap before
{Heap before GC invocations=1 (full 0):
 garbage-first heap   total 131072K, used 19112K [0x0000000081c00000, 0x0000000100000000)
  region size 1024K, 10 young (10240K), 2 survivors (2048K)
 Metaspace       used 5858K, capacity 5894K, committed 6144K, reserved 1056768K
  class space    used 486K, capacity 494K, committed 512K, reserved 1048576K
}
Event: 1.304 GC heap after
{Heap after GC invocations=2 (full 0):
 garbage-first heap   total 131072K, used 17976K [0x0000000081c00000, 0x0000000100000000)
  region size 1024K, 2 young (2048K), 2 survivors (2048K)
 Metaspace       used 5858K, capacity 5894K, committed 6144K, reserved 1056768K
  class space    used 486K, capacity 494K, committed 512K, reserved 1048576K
}
Event: 2.412 GC heap before
{Heap before GC invocations=2 (full 0):
 garbage-first heap   total 131072K, used 34360K [0x0000000081c00000, 0x0000000100000000)
  region size 1024K, 18 young (18432K), 2 survivors (2048K)
 Metaspace       used 11950K, capacity 12278K, committed 12416K, reserved 1060864K
  class space    used 1209K, capacity 1324K, committed 1408K, reserved 1048576K
}
Event: 2.419 GC heap after
{Heap after GC invocations=3 (full 0):
 garbage-first heap   total 131072K, used 27486K [0x0000000081c00000, 0x0000000100000000)
  region size 1024K, 3 young (3072K), 3 survivors (3072K)
 Metaspace       used 11950K, capacity 12278K, committed 12416K, reserved 1060864K
  class space    used 1209K, capacity 1324K, committed 1408K, reserved 1048576K
}

Deoptimization events (0 events):
No events

Classes redefined (0 events):
No events

Internal exceptions (10 events):
Event: 1.727 Thread 0x0000023d3f5b1000 Exception <a 'java/lang/NoSuchMethodError'{0x0000000088cb1790}: java.lang.invoke.DirectMethodHandle$Holder.invokeStaticInit(Ljava/lang/Object;IIII)Ljava/lang/Object;> (0x0000000088cb1790) thrown at [t:/workspace/open/src/hotspot/share/interpreter/linkReso
Event: 2.327 Thread 0x0000023d3f5b1000 Exception <a 'java/lang/NoSuchMethodError'{0x0000000088b0f358}: java.lang.invoke.DirectMethodHandle$Holder.invokeStatic(Ljava/lang/Object;Ljava/lang/Object;IIII)Ljava/lang/Object;> (0x0000000088b0f358) thrown at [t:/workspace/open/src/hotspot/share/interp
Event: 2.327 Thread 0x0000023d3f5b1000 Exception <a 'java/lang/NoSuchMethodError'{0x0000000088b12778}: java.lang.invoke.DirectMethodHandle$Holder.invokeStaticInit(Ljava/lang/Object;Ljava/lang/Object;IIII)Ljava/lang/Object;> (0x0000000088b12778) thrown at [t:/workspace/open/src/hotspot/share/in
Event: 2.343 Thread 0x0000023d3f5b1000 Exception <a 'java/lang/ClassNotFoundException'{0x0000000088b30c18}: javax/management/remote/rmi/RMIServerImpl_Skel> (0x0000000088b30c18) thrown at [t:/workspace/open/src/hotspot/share/classfile/systemDictionary.cpp, line 233]
Event: 2.377 Thread 0x0000023d3f5b1000 Exception <a 'java/lang/NoSuchMethodError'{0x0000000088b9f528}: java.lang.Object.lambda$union$2(Ljava/util/regex/Pattern$CharPredicate;I)Z> (0x0000000088b9f528) thrown at [t:/workspace/open/src/hotspot/share/interpreter/linkResolver.cpp, line 741]
Event: 2.382 Thread 0x0000023d3f5b1000 Exception <a 'java/lang/ClassNotFoundException'{0x0000000088ba7af8}: jdk/internal/agent/resources/spi/agentProvider> (0x0000000088ba7af8) thrown at [t:/workspace/open/src/hotspot/share/classfile/systemDictionary.cpp, line 233]
Event: 2.391 Thread 0x0000023d3f5b1000 Exception <a 'java/lang/NoSuchMethodError'{0x0000000088a25c40}: java.lang.invoke.DirectMethodHandle$Holder.invokeStatic(Ljava/lang/Object;Ljava/lang/Object;Ljava/lang/Object;Ljava/lang/Object;Ljava/lang/Object;Ljava/lang/Object;Ljava/lang/Object;Ljava/lan
Event: 2.392 Thread 0x0000023d3f5b1000 Exception <a 'java/lang/NoSuchMethodError'{0x0000000088a33d80}: java.lang.invoke.DirectMethodHandle$Holder.invokeStatic(Ljava/lang/Object;Ljava/lang/Object;Ljava/lang/Object;Ljava/lang/Object;Ljava/lang/Object;Ljava/lang/Object;Ljava/lang/Object;Ljava/lan
Event: 2.393 Thread 0x0000023d3f5b1000 Exception <a 'java/lang/NoSuchMethodError'{0x0000000088a42298}: method resolution failed> (0x0000000088a42298) thrown at [t:/workspace/open/src/hotspot/share/prims/methodHandles.cpp, line 1226]
Event: 2.393 Thread 0x0000023d3f5b1000 Exception <a 'java/lang/NoSuchMethodError'{0x0000000088a51768}: method resolution failed> (0x0000000088a51768) thrown at [t:/workspace/open/src/hotspot/share/prims/methodHandles.cpp, line 1226]

Events (10 events):
Event: 2.463 loading class ch/qos/logback/core/util/Loader$1 done
Event: 2.463 loading class java/security/Policy
Event: 2.464 loading class java/security/Policy done
Event: 2.464 loading class java/security/Policy$UnsupportedEmptyCollection
Event: 2.464 loading class java/security/Policy$UnsupportedEmptyCollection done
Event: 2.464 loading class java/security/Policy$PolicyInfo
Event: 2.464 loading class java/security/Policy$PolicyInfo done
Event: 2.464 loading class java/security/Policy$1
Event: 2.465 loading class java/security/Policy$1 done
Event: 2.465 loading class sun/security/provider/PolicyFile


Dynamic libraries:
0x00007ff74aed0000 - 0x00007ff74af0e000 	C:\Program Files\Java\jdk-10.0.2\bin\javaw.exe
0x00007fff39bd0000 - 0x00007fff39dc7000 	C:\WINDOWS\SYSTEM32\ntdll.dll
0x00007fff38130000 - 0x00007fff381ed000 	C:\WINDOWS\System32\KERNEL32.DLL
0x00007fff37850000 - 0x00007fff37b1d000 	C:\WINDOWS\System32\KERNELBASE.dll
0x00007fff37c30000 - 0x00007fff37cde000 	C:\WINDOWS\System32\ADVAPI32.dll
0x00007fff37ff0000 - 0x00007fff3808e000 	C:\WINDOWS\System32\msvcrt.dll
0x00007fff38090000 - 0x00007fff3812c000 	C:\WINDOWS\System32\sechost.dll
0x00007fff38640000 - 0x00007fff38765000 	C:\WINDOWS\System32\RPCRT4.dll
0x00007fff388f0000 - 0x00007fff38a90000 	C:\WINDOWS\System32\USER32.dll
0x00007fff37b20000 - 0x00007fff37b42000 	C:\WINDOWS\System32\win32u.dll
0x00007fff382c0000 - 0x00007fff382ea000 	C:\WINDOWS\System32\GDI32.dll
0x00007fff374f0000 - 0x00007fff375fb000 	C:\WINDOWS\System32\gdi32full.dll
0x00007fff37450000 - 0x00007fff374ed000 	C:\WINDOWS\System32\msvcp_win.dll
0x00007fff37750000 - 0x00007fff37850000 	C:\WINDOWS\System32\ucrtbase.dll
0x00007fff2d8c0000 - 0x00007fff2d8ca000 	C:\WINDOWS\SYSTEM32\VERSION.dll
0x00007fff226a0000 - 0x00007fff2293a000 	C:\WINDOWS\WinSxS\amd64_microsoft.windows.common-controls_6595b64144ccf1df_6.0.19041.1110_none_60b5254171f9507e\COMCTL32.dll
0x00007fff39410000 - 0x00007fff39440000 	C:\WINDOWS\System32\IMM32.DLL
0x00007ffef2090000 - 0x00007ffef217f000 	C:\Program Files\Java\jdk-10.0.2\bin\msvcr120.dll
0x00007ffeec850000 - 0x00007ffeec8f6000 	C:\Program Files\Java\jdk-10.0.2\bin\msvcp120.dll
0x000000005b310000 - 0x000000005bd80000 	C:\Program Files\Java\jdk-10.0.2\bin\server\jvm.dll
0x00007fff382f0000 - 0x00007fff382f8000 	C:\WINDOWS\System32\PSAPI.DLL
0x00007fff2dbb0000 - 0x00007fff2dbd7000 	C:\WINDOWS\SYSTEM32\WINMM.dll
0x00007fff0fb00000 - 0x00007fff0fb09000 	C:\WINDOWS\SYSTEM32\WSOCK32.dll
0x00007fff37f10000 - 0x00007fff37f7b000 	C:\WINDOWS\System32\WS2_32.dll
0x00007fff32b30000 - 0x00007fff32b3f000 	C:\Program Files\Java\jdk-10.0.2\bin\verify.dll
0x00007fff357d0000 - 0x00007fff359b4000 	C:\WINDOWS\SYSTEM32\DBGHELP.DLL
0x00007fff200c0000 - 0x00007fff200ec000 	C:\WINDOWS\SYSTEM32\dbgcore.DLL
0x00007fff37b50000 - 0x00007fff37bd2000 	C:\WINDOWS\System32\bcryptPrimitives.dll
0x00007fff303c0000 - 0x00007fff303e7000 	C:\Program Files\Java\jdk-10.0.2\bin\java.dll
0x00007fff31ed0000 - 0x00007fff31ee6000 	C:\Program Files\Java\jdk-10.0.2\bin\zip.dll
0x00007fff30660000 - 0x00007fff3066a000 	C:\Program Files\Java\jdk-10.0.2\bin\jimage.dll
0x00007fff39440000 - 0x00007fff39b84000 	C:\WINDOWS\System32\SHELL32.dll
0x00007fff34f10000 - 0x00007fff356a4000 	C:\WINDOWS\SYSTEM32\windows.storage.dll
0x00007fff38f00000 - 0x00007fff39254000 	C:\WINDOWS\System32\combase.dll
0x00007fff36ba0000 - 0x00007fff36bcc000 	C:\WINDOWS\SYSTEM32\Wldp.dll
0x00007fff384c0000 - 0x00007fff3856d000 	C:\WINDOWS\System32\SHCORE.dll
0x00007fff385e0000 - 0x00007fff38635000 	C:\WINDOWS\System32\shlwapi.dll
0x00007fff37230000 - 0x00007fff3724f000 	C:\WINDOWS\SYSTEM32\profapi.dll
0x00007fff305b0000 - 0x00007fff305ca000 	C:\Program Files\Java\jdk-10.0.2\bin\net.dll
0x00007fff282b0000 - 0x00007fff283ba000 	C:\WINDOWS\SYSTEM32\WINHTTP.dll
0x00007fff36980000 - 0x00007fff369ea000 	C:\WINDOWS\system32\mswsock.dll
0x00007fff2e2c0000 - 0x00007fff2e2d1000 	C:\Program Files\Java\jdk-10.0.2\bin\nio.dll
0x00007fff2e200000 - 0x00007fff2e209000 	C:\Program Files\Java\jdk-10.0.2\bin\management.dll
0x00007fff2e1f0000 - 0x00007fff2e1fa000 	C:\Program Files\Java\jdk-10.0.2\bin\management_ext.dll
0x00007fff285f0000 - 0x00007fff28607000 	C:\WINDOWS\system32\napinsp.dll
0x00007fff285d0000 - 0x00007fff285eb000 	C:\WINDOWS\system32\pnrpnsp.dll
0x00007fff31430000 - 0x00007fff31445000 	C:\WINDOWS\system32\wshbth.dll
0x00007fff31d20000 - 0x00007fff31d3d000 	C:\WINDOWS\system32\NLAapi.dll
0x00007fff36690000 - 0x00007fff366cb000 	C:\WINDOWS\SYSTEM32\IPHLPAPI.DLL
0x00007fff366d0000 - 0x00007fff3679b000 	C:\WINDOWS\SYSTEM32\DNSAPI.dll
0x00007fff37f80000 - 0x00007fff37f88000 	C:\WINDOWS\System32\NSI.dll
0x00007fff285b0000 - 0x00007fff285c2000 	C:\WINDOWS\System32\winrnr.dll
0x000000005c210000 - 0x000000005c236000 	C:\Program Files\Bonjour\mdnsNSP.dll
0x00007fff2dba0000 - 0x00007fff2dbaa000 	C:\Windows\System32\rasadhlp.dll
0x00007fff24e60000 - 0x00007fff24ee0000 	C:\WINDOWS\System32\fwpuclnt.dll
0x00007fff37720000 - 0x00007fff37747000 	C:\WINDOWS\System32\bcrypt.dll
0x00007fff36be0000 - 0x00007fff36bf8000 	C:\WINDOWS\SYSTEM32\CRYPTSP.dll
0x00007fff36320000 - 0x00007fff36354000 	C:\WINDOWS\system32\rsaenh.dll
0x00007fff371f0000 - 0x00007fff3721e000 	C:\WINDOWS\SYSTEM32\USERENV.dll
0x00007fff36b10000 - 0x00007fff36b1c000 	C:\WINDOWS\SYSTEM32\CRYPTBASE.dll
0x00007fff265d0000 - 0x00007fff265e7000 	C:\WINDOWS\SYSTEM32\dhcpcsvc6.DLL
0x00007fff27620000 - 0x00007fff2763d000 	C:\WINDOWS\SYSTEM32\dhcpcsvc.DLL

dbghelp: loaded successfully - version: 4.0.5 - missing functions: none
symbol engine: initialized successfully - sym options: 0x614 - pdb path: .;C:\Program Files\Java\jdk-10.0.2\bin;C:\WINDOWS\SYSTEM32;C:\WINDOWS\WinSxS\amd64_microsoft.windows.common-controls_6595b64144ccf1df_6.0.19041.1110_none_60b5254171f9507e;C:\Program Files\Java\jdk-10.0.2\bin\server;C:\Program Files\Bonjour

VM Arguments:
jvm_args: -Dcom.sun.management.jmxremote -Dcom.sun.management.jmxremote.port=62982 -Dcom.sun.management.jmxremote.authenticate=false -Dcom.sun.management.jmxremote.ssl=false -Djava.rmi.server.hostname=localhost -Dspring.jmx.enabled=true -Dspring.application.admin.enabled=true -Xverify:none -XX:TieredStopAtLevel=1 -Dspring.boot.project.name=hustperfume-server -Dfile.encoding=UTF-8 
java_command: com.hoanghiep.perfume.HustperfumeServerApplication --spring.output.ansi.enabled=always
java_class_path (initial): E:\DA\hustperfume-server\target\classes;C:\Users\Ibm\.m2\repository\org\springframework\boot\spring-boot-starter-data-jpa\2.6.4\spring-boot-starter-data-jpa-2.6.4.jar;C:\Users\Ibm\.m2\repository\org\springframework\boot\spring-boot-starter-aop\2.6.4\spring-boot-starter-aop-2.6.4.jar;C:\Users\Ibm\.m2\repository\org\aspectj\aspectjweaver\1.9.7\aspectjweaver-1.9.7.jar;C:\Users\Ibm\.m2\repository\org\springframework\boot\spring-boot-starter-jdbc\2.6.4\spring-boot-starter-jdbc-2.6.4.jar;C:\Users\Ibm\.m2\repository\com\zaxxer\HikariCP\4.0.3\HikariCP-4.0.3.jar;C:\Users\Ibm\.m2\repository\org\springframework\spring-jdbc\5.3.16\spring-jdbc-5.3.16.jar;C:\Users\Ibm\.m2\repository\jakarta\transaction\jakarta.transaction-api\1.3.3\jakarta.transaction-api-1.3.3.jar;C:\Users\Ibm\.m2\repository\jakarta\persistence\jakarta.persistence-api\2.2.3\jakarta.persistence-api-2.2.3.jar;C:\Users\Ibm\.m2\repository\org\hibernate\hibernate-core\5.6.5.Final\hibernate-core-5.6.5.Final.jar;C:\Users\Ibm\.m2\repository\org\jboss\logging\jboss-logging\3.4.3.Final\jboss-logging-3.4.3.Final.jar;C:\Users\Ibm\.m2\repository\net\bytebuddy\byte-buddy\1.11.22\byte-buddy-1.11.22.jar;C:\Users\Ibm\.m2\repository\antlr\antlr\2.7.7\antlr-2.7.7.jar;C:\Users\Ibm\.m2\repository\org\jboss\jandex\2.4.2.Final\jandex-2.4.2.Final.jar;C:\Users\Ibm\.m2\repository\com\fasterxml\classmate\1.5.1\classmate-1.5.1.jar;C:\Users\Ibm\.m2\repository\org\hibernate\common\hibernate-commons-annotations\5.1.2.Final\hibernate-commons-annotations-5.1.2.Final.jar;C:\Users\Ibm\.m2\repository\org\glassfish\jaxb\jaxb-runtime\2.3.6\jaxb-runtime-2.3.6.jar;C:\Users\Ibm\.m2\repository\org\glassfish\jaxb\txw2\2.3.6\txw2-2.3.6.jar;C:\Users\Ibm\.m2\repository\com\sun\istack\istack-commons-runtime\3.0.12\istack-commons-runtime-3.0.12.jar;C:\Users\Ibm\.m2\repository\org\springframework\data\spring-data-jpa\2.6.2\spring-data-jpa-2.6.2.jar;C:\Users\Ibm\.m2\repository\org\springframework\data\spring-data-commons\2.6.2\sprin
Launcher Type: SUN_STANDARD

Logging:
Log output configuration:
#0: stdout all=warning uptime,level,tags
#1: stderr all=off uptime,level,tags

Environment Variables:
JAVA_HOME=C:\Program Files\Java\jdk-10.0.2
JRE_HOME=C:\Program Files\Java\jre-10.0.2
PATH=C:/Program Files/Java/jdk-10.0.2/bin/server;C:/Program Files/Java/jdk-10.0.2/bin;C:\WINDOWS\system32;C:\WINDOWS;C:\WINDOWS\System32\Wbem;C:\WINDOWS\System32\WindowsPowerShell\v1.0\;C:\Program Files\Java\jdk-10.0.2\bin;C:\Program Files\Java\jre-10.0.2\bin;C:\Program Files\Java\Scripts;C:\Users\Ibm\Pictures\Saved pictures 2;C:\WINDOWS\System32\OpenSSH\;C:\Program Files (x86)\Intel\Intel(R) Management Engine Components\DAL;C:\Program Files\Intel\Intel(R) Management Engine Components\DAL;C:\Program Files\Intel\WiFi\bin\;C:\Program Files\Common Files\Intel\WirelessCommon\;C:\MinGW\bin;C:\Program Files\Git\cmd;C:\apache-maven-3.6.3\bin;C:\Program Files\Docker\Docker\resources\bin;C:\ProgramData\DockerDesktop\version-bin;C:\Program Files\nodejs\;C:\Program Files\dotnet\;C:\Users\Ibm\AppData\Local\Programs\Python\Python310\Scripts\;C:\Users\Ibm\AppData\Local\Programs\Python\Python38\Scripts\;C:\Users\Ibm\AppData\Local\Programs\Python\Python38\;C:\Users\Ibm\AppData\Local\Microsoft\WindowsApps;C:\Users\Ibm\Downloads\apache-maven-3.6.3\bin;C:\MinGW\bin;C:\Users\Ibm\AppData\Local\Programs\Microsoft VS Code\bin;C:\Users\Ibm\AppData\Roaming\npm;C:\Program Files\dotnet;C:\Users\Ibm\.dotnet\tools;;C:\STS4\sts-4.6.0.RELEASE;
USERNAME=Ibm
OS=Windows_NT
PROCESSOR_IDENTIFIER=Intel64 Family 6 Model 78 Stepping 3, GenuineIntel



---------------  S Y S T E M  ---------------

OS: Windows 10 , 64 bit Build 19041 (10.0.19041.1741)

CPU:total 4 (initial active 4) (2 cores per cpu, 2 threads per core) family 6 model 78 stepping 3, cmov, cx8, fxsr, mmx, sse, sse2, sse3, ssse3, sse4.1, sse4.2, popcnt, avx, avx2, aes, clmul, erms, 3dnowpref, lzcnt, ht, tsc, tscinvbit, bmi1, bmi2, adx, fma

Memory: 4k page, physical 8268916k(977212k free), swap 11793228k(2282732k free)

vm_info: Java HotSpot(TM) 64-Bit Server VM (10.0.2+13) for windows-amd64 JRE (10.0.2+13), built on Jun 28 2018 01:57:56 by "mach5one" with MS VC++ 12.0 (VS2013)

END.
