#
# A fatal error has been detected by the Java Runtime Environment:
#
#  EXCEPTION_ACCESS_VIOLATION (0xc0000005) at pc=0x000000005b938fc6, pid=2436, tid=6780
#
# JRE version: Java(TM) SE Runtime Environment (10.0.2+13) (build 10.0.2+13)
# Java VM: Java HotSpot(TM) 64-Bit Server VM (10.0.2+13, mixed mode, tiered, compressed oops, g1 gc, windows-amd64)
# Problematic frame:
# V  [jvm.dll+0x628fc6]
#
# No core dump will be written. Minidumps are not enabled by default on client versions of Windows
#
# If you would like to submit a bug report, please visit:
#   http://bugreport.java.com/bugreport/crash.jsp
#

---------------  S U M M A R Y ------------

Command Line: -Dcom.sun.management.jmxremote -Dcom.sun.management.jmxremote.port=62892 -Dcom.sun.management.jmxremote.authenticate=false -Dcom.sun.management.jmxremote.ssl=false -Djava.rmi.server.hostname=localhost -Dspring.jmx.enabled=true -Dspring.application.admin.enabled=true -Xverify:none -XX:TieredStopAtLevel=1 -Dspring.boot.project.name=hustperfume-server -Dfile.encoding=UTF-8 com.hoanghiep.perfume.HustperfumeServerApplication --spring.output.ansi.enabled=always

Host: Intel(R) Core(TM) i7-6500U CPU @ 2.50GHz, 4 cores, 7G,  Windows 10 , 64 bit Build 19041 (10.0.19041.1741)
Time: Sat Jul 09 15:40:05 2022 SE Asia Standard Time elapsed time: 2 seconds (0d 0h 0m 2s)

---------------  T H R E A D  ---------------

Current thread (0x000001a0f225c800):  WatcherThread [stack: 0x000000121b600000,0x000000121b700000] [id=6780]

Stack: [0x000000121b600000,0x000000121b700000],  sp=0x000000121b6ff960,  free space=1022k
Native frames: (J=compiled Java code, j=interpreted, Vv=VM code, C=native code)
V  [jvm.dll+0x628fc6]
V  [jvm.dll+0x66834d]
V  [jvm.dll+0x68ad26]
V  [jvm.dll+0x59f4b0]
C  [msvcr120.dll+0x24f7f]
C  [msvcr120.dll+0x25126]
C  [KERNEL32.DLL+0x17034]
C  [ntdll.dll+0x52651]


siginfo: EXCEPTION_ACCESS_VIOLATION (0xc0000005), reading address 0x000001a00000000f


Register to memory mapping:

RIP=0x000000005b938fc6 jvm.dll
RAX=0x000001a00000000f is an unknown value
RBX=0x0000000000000000 is an unknown value
RCX=0x000001a0f21aa320 is an unknown value
RDX=0x0000000000000032 is an unknown value
RSP=0x000000121b6ff960 is an unknown value
RBP=0x0000000000000002 is an unknown value
RSI=0x000001a0f2228770 is an unknown value
RDI=0x0000000000000001 is an unknown value
R8 =0x0000000000000000 is an unknown value
R9 =0x000000007ffee000 is an unknown value
R10=0x0000000000000001 is an unknown value
R11=0x0000011ad4f8fb7f is an unknown value
R12=0x0000000000000000 is an unknown value
R13=0x0000000000000000 is an unknown value
R14=0x0000000000000032 is an unknown value
R15=0x0000000000000000 is an unknown value


Registers:
RAX=0x000001a00000000f, RBX=0x0000000000000000, RCX=0x000001a0f21aa320, RDX=0x0000000000000032
RSP=0x000000121b6ff960, RBP=0x0000000000000002, RSI=0x000001a0f2228770, RDI=0x0000000000000001
R8 =0x0000000000000000, R9 =0x000000007ffee000, R10=0x0000000000000001, R11=0x0000011ad4f8fb7f
R12=0x0000000000000000, R13=0x0000000000000000, R14=0x0000000000000032, R15=0x0000000000000000
RIP=0x000000005b938fc6, EFLAGS=0x0000000000010246

Top of Stack: (sp=0x000000121b6ff960)
0x000000121b6ff960:   0000000000000032 000001a0f225c800
0x000000121b6ff970:   000001a0f0275690 000000121b6ffce0
0x000000121b6ff980:   000000005bccc238 000000005b97834d
0x000000121b6ff990:   000001a0ceeaed30 000001a0ceeaed30
0x000000121b6ff9a0:   0000000000000000 0000000000000000
0x000000121b6ff9b0:   0000000000000000 0000000000000000
0x000000121b6ff9c0:   0000000000000032 000000005b99ad26
0x000000121b6ff9d0:   000000121b6ffce0 000001a0f0275690
0x000000121b6ff9e0:   000001a0f225c800 0000000000000000
0x000000121b6ff9f0:   0000000000000000 0000000000000000
0x000000121b6ffa00:   0000000000000000 00007fff39c22630
0x000000121b6ffa10:   000000000000027f 0000000000000000
0x000000121b6ffa20:   0000000000000000 0000ffff00001f80
0x000000121b6ffa30:   00000000000075a3 000000005b8af4b0
0x000000121b6ffa40:   000001a0f225c800 000001a0f0275690
0x000000121b6ffa50:   0000000000000000 0000000000000000 

Instructions: (pc=0x000000005b938fc6)
0x000000005b938fa6:   cc cc cc cc cc cc cc cc cc cc 48 89 5c 24 10 56
0x000000005b938fb6:   48 83 ec 20 48 8b 35 d7 e2 38 00 33 db 48 8b 06
0x000000005b938fc6:   39 18 7e 27 48 89 7c 24 30 8b fb 48 8b 40 18 48
0x000000005b938fd6:   8b 0c 07 48 8b 01 ff 50 08 48 8b 06 ff c3 48 8d 



---------------  P R O C E S S  ---------------

Threads class SMR info:
_java_thread_list=0x000001a0f2227af0, length=14, elements={
0x000001a0ceeb1000, 0x000001a0f025a800, 0x000001a0f025b800, 0x000001a0f0bc3000,
0x000001a0f0263800, 0x000001a0f0278800, 0x000001a0f0279800, 0x000001a0f027d800,
0x000001a0f027e000, 0x000001a0f0ec8800, 0x000001a0f0eca000, 0x000001a0f21bc800,
0x000001a0f222d800, 0x000001a0f21af800
}

Java Threads: ( => current thread )
  0x000001a0ceeb1000 JavaThread "main" [_thread_blocked, id=7936, stack(0x0000001219c00000,0x0000001219d00000)]
  0x000001a0f025a800 JavaThread "Reference Handler" daemon [_thread_blocked, id=16564, stack(0x000000121a900000,0x000000121aa00000)]
  0x000001a0f025b800 JavaThread "Finalizer" daemon [_thread_blocked, id=9008, stack(0x000000121aa00000,0x000000121ab00000)]
  0x000001a0f0bc3000 JavaThread "Signal Dispatcher" daemon [_thread_blocked, id=9892, stack(0x000000121ab00000,0x000000121ac00000)]
  0x000001a0f0263800 JavaThread "Attach Listener" daemon [_thread_blocked, id=5900, stack(0x000000121ac00000,0x000000121ad00000)]
  0x000001a0f0278800 JavaThread "C1 CompilerThread0" daemon [_thread_in_vm, id=16940, stack(0x000000121ad00000,0x000000121ae00000)]
  0x000001a0f0279800 JavaThread "C1 CompilerThread1" daemon [_thread_blocked, id=15700, stack(0x000000121ae00000,0x000000121af00000)]
  0x000001a0f027d800 JavaThread "C1 CompilerThread2" daemon [_thread_blocked, id=12136, stack(0x000000121af00000,0x000000121b000000)]
  0x000001a0f027e000 JavaThread "Sweeper thread" daemon [_thread_blocked, id=7552, stack(0x000000121b000000,0x000000121b100000)]
  0x000001a0f0ec8800 JavaThread "Service Thread" daemon [_thread_blocked, id=4116, stack(0x000000121b100000,0x000000121b200000)]
  0x000001a0f0eca000 JavaThread "Common-Cleaner" daemon [_thread_blocked, id=7016, stack(0x000000121b200000,0x000000121b300000)]
  0x000001a0f21bc800 JavaThread "RMI TCP Accept-0" daemon [_thread_in_native, id=15960, stack(0x000000121b300000,0x000000121b400000)]
  0x000001a0f222d800 JavaThread "RMI TCP Accept-62892" daemon [_thread_in_native, id=9816, stack(0x000000121b400000,0x000000121b500000)]
  0x000001a0f21af800 JavaThread "RMI TCP Accept-0" daemon [_thread_in_native, id=6168, stack(0x000000121b500000,0x000000121b600000)]

Other Threads:
  0x000001a0f0246800 VMThread "VM Thread" [stack: 0x000000121a800000,0x000000121a900000] [id=1760]
=>0x000001a0f225c800 WatcherThread [stack: 0x000000121b600000,0x000000121b700000] [id=6780]
  0x000001a0ceecc800 GCTaskThread "GC Thread#0" [stack: 0x0000001219d00000,0x0000001219e00000] [id=4216]
  0x000001a0ceece000 GCTaskThread "GC Thread#1" [stack: 0x0000001219e00000,0x0000001219f00000] [id=16184]
  0x000001a0ceed0800 GCTaskThread "GC Thread#2" [stack: 0x0000001219f00000,0x000000121a000000] [id=15252]
  0x000001a0ceed2800 GCTaskThread "GC Thread#3" [stack: 0x000000121a000000,0x000000121a100000] [id=14968]
  0x000001a0cef44800 ConcurrentGCThread "G1 Main Marker" [stack: 0x000000121a100000,0x000000121a200000] [id=15624]
  0x000001a0cef45800 ConcurrentGCThread "G1 Conc#0" [stack: 0x000000121a200000,0x000000121a300000] [id=14008]
  0x000001a0cef7e800 ConcurrentGCThread "G1 Refine#0" [stack: 0x000000121a300000,0x000000121a400000] [id=2220]
  0x000001a0f00c7800 ConcurrentGCThread "G1 Refine#1" [stack: 0x000000121a400000,0x000000121a500000] [id=9540]
  0x000001a0f00c8800 ConcurrentGCThread "G1 Refine#2" [stack: 0x000000121a500000,0x000000121a600000] [id=18808]
  0x000001a0f00c9800 ConcurrentGCThread "G1 Refine#3" [stack: 0x000000121a600000,0x000000121a700000] [id=1460]
  0x000001a0f00cd000 ConcurrentGCThread "G1 Young RemSet Sampling" [stack: 0x000000121a700000,0x000000121a800000] [id=17932]

Threads with active compile tasks:
C1 CompilerThread01279       1       java.util.jar.Attributes$Name::isValid (32 bytes)

VM state:synchronizing (normal execution)

VM Mutex/Monitor currently owned by a thread:  ([mutex/lock_event])
[0x000001a0ceeae790] Threads_lock - owner thread: 0x000001a0f0246800
[0x000001a0ceeae280] Compile_lock - owner thread: 0x000001a0ceeb1000
[0x000001a0ceeaed30] PeriodicTask_lock - owner thread: 0x000001a0f225c800

Heap address: 0x0000000081c00000, size: 2020 MB, Compressed Oops mode: 32-bit
Narrow klass base: 0x0000000000000000, Narrow klass shift: 3
Compressed class space size: 1073741824 Address: 0x0000000100000000

Heap:
 garbage-first heap   total 131072K, used 28735K [0x0000000081c00000, 0x0000000100000000)
  region size 1024K, 5 young (5120K), 3 survivors (3072K)
 Metaspace       used 12045K, capacity 12297K, committed 12672K, reserved 1060864K
  class space    used 1225K, capacity 1333K, committed 1408K, reserved 1048576K
Heap Regions: E=young(eden), S=young(survivor), O=old, HS=humongous(starts), HC=humongous(continues), CS=collection set, F=free, A=archive, TS=gc time stamp, AC=allocation context, TAMS=top-at-mark-start (previous, next)
|   0|0x0000000081c00000, 0x0000000081d00000, 0x0000000081d00000|100%|HS|  |TS  0|AC  0|TAMS 0x0000000081c00000, 0x0000000081c00000|
|   1|0x0000000081d00000, 0x0000000081e00000, 0x0000000081e00000|100%| O|  |TS  1|AC  0|TAMS 0x0000000081d00000, 0x0000000081d00000|
|   2|0x0000000081e00000, 0x0000000081f00000, 0x0000000081f00000|100%| O|  |TS  1|AC  0|TAMS 0x0000000081e00000, 0x0000000081e00000|
|   3|0x0000000081f00000, 0x0000000082000000, 0x0000000082000000|100%| O|  |TS  1|AC  0|TAMS 0x0000000081f00000, 0x0000000081f00000|
|   4|0x0000000082000000, 0x0000000082100000, 0x0000000082100000|100%| O|  |TS  1|AC  0|TAMS 0x0000000082000000, 0x0000000082000000|
|   5|0x0000000082100000, 0x0000000082200000, 0x0000000082200000|100%| O|  |TS  1|AC  0|TAMS 0x0000000082100000, 0x0000000082100000|
|   6|0x0000000082200000, 0x0000000082300000, 0x0000000082300000|100%| O|  |TS  1|AC  0|TAMS 0x0000000082200000, 0x0000000082200000|
|   7|0x0000000082300000, 0x0000000082400000, 0x0000000082400000|100%| O|  |TS  1|AC  0|TAMS 0x0000000082300000, 0x0000000082300000|
|   8|0x0000000082400000, 0x0000000082500000, 0x0000000082500000|100%| O|  |TS  2|AC  0|TAMS 0x0000000082400000, 0x0000000082400000|
|   9|0x0000000082500000, 0x0000000082600000, 0x0000000082600000|100%| O|  |TS  2|AC  0|TAMS 0x0000000082500000, 0x0000000082500000|
|  10|0x0000000082600000, 0x0000000082700000, 0x0000000082700000|100%| O|  |TS  2|AC  0|TAMS 0x0000000082600000, 0x0000000082600000|
|  11|0x0000000082700000, 0x0000000082800000, 0x0000000082800000|100%| O|  |TS  2|AC  0|TAMS 0x0000000082700000, 0x0000000082700000|
|  12|0x0000000082800000, 0x0000000082900000, 0x0000000082900000|100%| O|  |TS  2|AC  0|TAMS 0x0000000082800000, 0x0000000082800000|
|  13|0x0000000082900000, 0x0000000082a00000, 0x0000000082a00000|100%| O|  |TS  2|AC  0|TAMS 0x0000000082900000, 0x0000000082900000|
|  14|0x0000000082a00000, 0x0000000082b00000, 0x0000000082b00000|100%| O|  |TS  2|AC  0|TAMS 0x0000000082a00000, 0x0000000082a00000|
|  15|0x0000000082b00000, 0x0000000082c00000, 0x0000000082c00000|100%| O|  |TS  3|AC  0|TAMS 0x0000000082b00000, 0x0000000082b00000|
|  16|0x0000000082c00000, 0x0000000082d00000, 0x0000000082d00000|100%| O|  |TS  3|AC  0|TAMS 0x0000000082c00000, 0x0000000082c00000|
|  17|0x0000000082d00000, 0x0000000082e00000, 0x0000000082e00000|100%| O|  |TS  3|AC  0|TAMS 0x0000000082d00000, 0x0000000082d00000|
|  18|0x0000000082e00000, 0x0000000082f00000, 0x0000000082f00000|100%| O|  |TS  3|AC  0|TAMS 0x0000000082e00000, 0x0000000082e00000|
|  19|0x0000000082f00000, 0x0000000083000000, 0x0000000083000000|100%| O|  |TS  3|AC  0|TAMS 0x0000000082f00000, 0x0000000082f00000|
|  20|0x0000000083000000, 0x0000000083100000, 0x0000000083100000|100%| O|  |TS  3|AC  0|TAMS 0x0000000083000000, 0x0000000083000000|
|  21|0x0000000083100000, 0x0000000083200000, 0x0000000083200000|100%| O|  |TS  3|AC  0|TAMS 0x0000000083100000, 0x0000000083100000|
|  22|0x0000000083200000, 0x0000000083300000, 0x0000000083300000|100%| O|  |TS  3|AC  0|TAMS 0x0000000083200000, 0x0000000083200000|
|  23|0x0000000083300000, 0x0000000083400000, 0x0000000083400000|100%| O|  |TS  3|AC  0|TAMS 0x0000000083300000, 0x0000000083300000|
|  24|0x0000000083400000, 0x000000008340fe00, 0x0000000083500000|  6%| O|  |TS  3|AC  0|TAMS 0x0000000083400000, 0x0000000083400000|
|  25|0x0000000083500000, 0x0000000083500000, 0x0000000083600000|  0%| F|  |TS  0|AC  0|TAMS 0x0000000083500000, 0x0000000083500000|
|  26|0x0000000083600000, 0x0000000083600000, 0x0000000083700000|  0%| F|  |TS  0|AC  0|TAMS 0x0000000083600000, 0x0000000083600000|
|  27|0x0000000083700000, 0x0000000083700000, 0x0000000083800000|  0%| F|  |TS  0|AC  0|TAMS 0x0000000083700000, 0x0000000083700000|
|  28|0x0000000083800000, 0x0000000083800000, 0x0000000083900000|  0%| F|  |TS  0|AC  0|TAMS 0x0000000083800000, 0x0000000083800000|
|  29|0x0000000083900000, 0x0000000083900000, 0x0000000083a00000|  0%| F|  |TS  0|AC  0|TAMS 0x0000000083900000, 0x0000000083900000|
|  30|0x0000000083a00000, 0x0000000083a00000, 0x0000000083b00000|  0%| F|  |TS  0|AC  0|TAMS 0x0000000083a00000, 0x0000000083a00000|
|  31|0x0000000083b00000, 0x0000000083b00000, 0x0000000083c00000|  0%| F|  |TS  0|AC  0|TAMS 0x0000000083b00000, 0x0000000083b00000|
|  32|0x0000000083c00000, 0x0000000083c00000, 0x0000000083d00000|  0%| F|  |TS  0|AC  0|TAMS 0x0000000083c00000, 0x0000000083c00000|
|  33|0x0000000083d00000, 0x0000000083d00000, 0x0000000083e00000|  0%| F|  |TS  0|AC  0|TAMS 0x0000000083d00000, 0x0000000083d00000|
|  34|0x0000000083e00000, 0x0000000083e00000, 0x0000000083f00000|  0%| F|  |TS  0|AC  0|TAMS 0x0000000083e00000, 0x0000000083e00000|
|  35|0x0000000083f00000, 0x0000000083f00000, 0x0000000084000000|  0%| F|  |TS  0|AC  0|TAMS 0x0000000083f00000, 0x0000000083f00000|
|  36|0x0000000084000000, 0x0000000084000000, 0x0000000084100000|  0%| F|  |TS  0|AC  0|TAMS 0x0000000084000000, 0x0000000084000000|
|  37|0x0000000084100000, 0x0000000084100000, 0x0000000084200000|  0%| F|  |TS  0|AC  0|TAMS 0x0000000084100000, 0x0000000084100000|
|  38|0x0000000084200000, 0x0000000084200000, 0x0000000084300000|  0%| F|  |TS  0|AC  0|TAMS 0x0000000084200000, 0x0000000084200000|
|  39|0x0000000084300000, 0x0000000084300000, 0x0000000084400000|  0%| F|  |TS  0|AC  0|TAMS 0x0000000084300000, 0x0000000084300000|
|  40|0x0000000084400000, 0x0000000084400000, 0x0000000084500000|  0%| F|  |TS  0|AC  0|TAMS 0x0000000084400000, 0x0000000084400000|
|  41|0x0000000084500000, 0x0000000084500000, 0x0000000084600000|  0%| F|  |TS  0|AC  0|TAMS 0x0000000084500000, 0x0000000084500000|
|  42|0x0000000084600000, 0x0000000084600000, 0x0000000084700000|  0%| F|  |TS  0|AC  0|TAMS 0x0000000084600000, 0x0000000084600000|
|  43|0x0000000084700000, 0x0000000084700000, 0x0000000084800000|  0%| F|  |TS  0|AC  0|TAMS 0x0000000084700000, 0x0000000084700000|
|  44|0x0000000084800000, 0x0000000084800000, 0x0000000084900000|  0%| F|  |TS  0|AC  0|TAMS 0x0000000084800000, 0x0000000084800000|
|  45|0x0000000084900000, 0x0000000084900000, 0x0000000084a00000|  0%| F|  |TS  0|AC  0|TAMS 0x0000000084900000, 0x0000000084900000|
|  46|0x0000000084a00000, 0x0000000084a00000, 0x0000000084b00000|  0%| F|  |TS  0|AC  0|TAMS 0x0000000084a00000, 0x0000000084a00000|
|  47|0x0000000084b00000, 0x0000000084b00000, 0x0000000084c00000|  0%| F|  |TS  0|AC  0|TAMS 0x0000000084b00000, 0x0000000084b00000|
|  48|0x0000000084c00000, 0x0000000084c00000, 0x0000000084d00000|  0%| F|  |TS  0|AC  0|TAMS 0x0000000084c00000, 0x0000000084c00000|
|  49|0x0000000084d00000, 0x0000000084d00000, 0x0000000084e00000|  0%| F|  |TS  0|AC  0|TAMS 0x0000000084d00000, 0x0000000084d00000|
|  50|0x0000000084e00000, 0x0000000084e00000, 0x0000000084f00000|  0%| F|  |TS  0|AC  0|TAMS 0x0000000084e00000, 0x0000000084e00000|
|  51|0x0000000084f00000, 0x0000000084f00000, 0x0000000085000000|  0%| F|  |TS  0|AC  0|TAMS 0x0000000084f00000, 0x0000000084f00000|
|  52|0x0000000085000000, 0x0000000085000000, 0x0000000085100000|  0%| F|  |TS  0|AC  0|TAMS 0x0000000085000000, 0x0000000085000000|
|  53|0x0000000085100000, 0x0000000085100000, 0x0000000085200000|  0%| F|  |TS  0|AC  0|TAMS 0x0000000085100000, 0x0000000085100000|
|  54|0x0000000085200000, 0x0000000085200000, 0x0000000085300000|  0%| F|  |TS  0|AC  0|TAMS 0x0000000085200000, 0x0000000085200000|
|  55|0x0000000085300000, 0x0000000085300000, 0x0000000085400000|  0%| F|  |TS  0|AC  0|TAMS 0x0000000085300000, 0x0000000085300000|
|  56|0x0000000085400000, 0x0000000085400000, 0x0000000085500000|  0%| F|  |TS  0|AC  0|TAMS 0x0000000085400000, 0x0000000085400000|
|  57|0x0000000085500000, 0x0000000085500000, 0x0000000085600000|  0%| F|  |TS  0|AC  0|TAMS 0x0000000085500000, 0x0000000085500000|
|  58|0x0000000085600000, 0x0000000085600000, 0x0000000085700000|  0%| F|  |TS  0|AC  0|TAMS 0x0000000085600000, 0x0000000085600000|
|  59|0x0000000085700000, 0x0000000085700000, 0x0000000085800000|  0%| F|  |TS  0|AC  0|TAMS 0x0000000085700000, 0x0000000085700000|
|  60|0x0000000085800000, 0x0000000085800000, 0x0000000085900000|  0%| F|  |TS  0|AC  0|TAMS 0x0000000085800000, 0x0000000085800000|
|  61|0x0000000085900000, 0x0000000085900000, 0x0000000085a00000|  0%| F|  |TS  0|AC  0|TAMS 0x0000000085900000, 0x0000000085900000|
|  62|0x0000000085a00000, 0x0000000085a00000, 0x0000000085b00000|  0%| F|  |TS  0|AC  0|TAMS 0x0000000085a00000, 0x0000000085a00000|
|  63|0x0000000085b00000, 0x0000000085b00000, 0x0000000085c00000|  0%| F|  |TS  0|AC  0|TAMS 0x0000000085b00000, 0x0000000085b00000|
|  64|0x0000000085c00000, 0x0000000085c00000, 0x0000000085d00000|  0%| F|  |TS  0|AC  0|TAMS 0x0000000085c00000, 0x0000000085c00000|
|  65|0x0000000085d00000, 0x0000000085d00000, 0x0000000085e00000|  0%| F|  |TS  0|AC  0|TAMS 0x0000000085d00000, 0x0000000085d00000|
|  66|0x0000000085e00000, 0x0000000085e00000, 0x0000000085f00000|  0%| F|  |TS  0|AC  0|TAMS 0x0000000085e00000, 0x0000000085e00000|
|  67|0x0000000085f00000, 0x0000000085f00000, 0x0000000086000000|  0%| F|  |TS  0|AC  0|TAMS 0x0000000085f00000, 0x0000000085f00000|
|  68|0x0000000086000000, 0x0000000086000000, 0x0000000086100000|  0%| F|  |TS  0|AC  0|TAMS 0x0000000086000000, 0x0000000086000000|
|  69|0x0000000086100000, 0x0000000086100000, 0x0000000086200000|  0%| F|  |TS  0|AC  0|TAMS 0x0000000086100000, 0x0000000086100000|
|  70|0x0000000086200000, 0x0000000086200000, 0x0000000086300000|  0%| F|  |TS  0|AC  0|TAMS 0x0000000086200000, 0x0000000086200000|
|  71|0x0000000086300000, 0x0000000086300000, 0x0000000086400000|  0%| F|  |TS  0|AC  0|TAMS 0x0000000086300000, 0x0000000086300000|
|  72|0x0000000086400000, 0x0000000086400000, 0x0000000086500000|  0%| F|  |TS  0|AC  0|TAMS 0x0000000086400000, 0x0000000086400000|
|  73|0x0000000086500000, 0x0000000086500000, 0x0000000086600000|  0%| F|  |TS  0|AC  0|TAMS 0x0000000086500000, 0x0000000086500000|
|  74|0x0000000086600000, 0x0000000086600000, 0x0000000086700000|  0%| F|  |TS  0|AC  0|TAMS 0x0000000086600000, 0x0000000086600000|
