#
# A fatal error has been detected by the Java Runtime Environment:
#
#  EXCEPTION_ACCESS_VIOLATION (0xc0000005) at pc=0x000000005b5ac450, pid=16488, tid=22132
#
# JRE version: Java(TM) SE Runtime Environment (10.0.2+13) (build 10.0.2+13)
# Java VM: Java HotSpot(TM) 64-Bit Server VM (10.0.2+13, mixed mode, tiered, compressed oops, g1 gc, windows-amd64)
# Problematic frame:
# V  [jvm.dll+0x29c450]
#
# No core dump will be written. Minidumps are not enabled by default on client versions of Windows
#
# If you would like to submit a bug report, please visit:
#   http://bugreport.java.com/bugreport/crash.jsp
#

---------------  S U M M A R Y ------------

Command Line: -Dcom.sun.management.jmxremote -Dcom.sun.management.jmxremote.port=54650 -Dcom.sun.management.jmxremote.authenticate=false -Dcom.sun.management.jmxremote.ssl=false -Djava.rmi.server.hostname=localhost -Dspring.jmx.enabled=true -Dspring.application.admin.enabled=true -Xverify:none -XX:TieredStopAtLevel=1 -Dspring.boot.project.name=hustperfume-server -Dfile.encoding=UTF-8 com.hoanghiep.perfume.HustperfumeServerApplication --spring.output.ansi.enabled=always

Host: Intel(R) Core(TM) i7-6500U CPU @ 2.50GHz, 4 cores, 7G,  Windows 10 , 64 bit Build 19041 (10.0.19041.1741)
Time: Sun Jul 10 12:27:29 2022 SE Asia Standard Time elapsed time: 6 seconds (0d 0h 0m 6s)

---------------  T H R E A D  ---------------

Current thread (0x0000026ebf557000):  JavaThread "C1 CompilerThread2" daemon [_thread_in_vm, id=22132, stack(0x0000009071000000,0x0000009071100000)]


Current CompileTask:
C1:   6606 3664   !   1       jdk.internal.reflect.GeneratedConstructorAccessor1::newInstance (53 bytes)

Stack: [0x0000009071000000,0x0000009071100000],  sp=0x00000090710fe448,  free space=1017k
Native frames: (J=compiled Java code, j=interpreted, Vv=VM code, C=native code)
V  [jvm.dll+0x29c450]


siginfo: EXCEPTION_ACCESS_VIOLATION (0xc0000005), reading address 0x0000026e0000000f


Register to memory mapping:

RIP=0x000000005b5ac450 jvm.dll
RAX=0x0000026e0000000f is an unknown value
RBX=0x0000026e9d81d010 is an unknown value
RCX=0x0000026ec0afc690 is an unknown value
RDX=0x0000000000000000 is an unknown value
RSP=0x00000090710fe448 is pointing into the stack for thread: 0x0000026ebf557000
RBP=
[error occurred during error reporting (printing register info), id 0xc0000005]

Registers:
RAX=0x0000026e0000000f, RBX=0x0000026e9d81d010, RCX=0x0000026ec0afc690, RDX=0x0000000000000000
RSP=0x00000090710fe448, RBP=0x00000000db797164, RSI=0x0000026ebea51b70, RDI=0x0000026ec0afc690
R8 =0x00000000db797164, R9 =0x0000026ebea84600, R10=0x00000000ffffd8f1, R11=0x0000000000000008
R12=0x0000000100000ef0, R13=0x0000026ebf557000, R14=0x0000026ebea84600, R15=0x0000026ebf557000
RIP=0x000000005b5ac450, EFLAGS=0x0000000000010206

Top of Stack: (sp=0x00000090710fe448)
0x00000090710fe448:   000000005b96f098 0000026e9d81d010
0x00000090710fe458:   000000005b92d97d 000000005baef90c
0x00000090710fe468:   0000026ebf557000 0000026ebf557000
0x00000090710fe478:   0000026ebebcf7b0 00000090710fe4e0
0x00000090710fe488:   000000005b92ce7c 0000026ebebcf7b0
0x00000090710fe498:   00000090710fe608 00000090710fe9e0
0x00000090710fe4a8:   0000026ebf557000 0000000000000000
0x00000090710fe4b8:   000000005b96f62a 0000026ebea84600
0x00000090710fe4c8:   0000026ebebbafd8 0000000000000000
0x00000090710fe4d8:   000000005b6843ce 0000026ebea8a070
0x00000090710fe4e8:   0000001400000002 000000010000000c
0x00000090710fe4f8:   0000026ebf681820 0000000000000000
0x00000090710fe508:   000000005b7b36c6 0000026ebebbafd8
0x00000090710fe518:   0000026ebebbafd8 0000000000000000
0x00000090710fe528:   0000000000000000 0000026ebf557000
0x00000090710fe538:   000000005b7b34bd 0000026ebea848d0 

Instructions: (pc=0x000000005b5ac450)
0x000000005b5ac430:   48 8b 41 08 48 63 d2 48 8b 04 d0 48 85 c0 74 37
0x000000005b5ac440:   0f b6 15 bc ea 6f 00 41 ba f1 d8 ff ff 0f 1f 00
0x000000005b5ac450:   44 39 00 75 18 48 8b 48 10 4c 39 49 10 75 0e 84
0x000000005b5ac460:   d2 74 17 66 44 39 91 c0 00 00 00 75 0d 48 8b 40 



---------------  P R O C E S S  ---------------

Threads class SMR info:
_java_thread_list=0x0000026ec25eb280, length=20, elements={
0x0000026e9d831000, 0x0000026ebebd3800, 0x0000026ebebd7000, 0x0000026ebf542800,
0x0000026ebf543000, 0x0000026ebebe1000, 0x0000026ebebfd800, 0x0000026ebf557000,
0x0000026ebf55b000, 0x0000026ebf786000, 0x0000026ebf787800, 0x0000026ec0bdd800,
0x0000026ec0bea800, 0x0000026ec0c08000, 0x0000026ec0ee3800, 0x0000026ec0ee7000,
0x0000026ec0e92800, 0x0000026ec0f7a800, 0x0000026ec0fe1800, 0x0000026ec1009800
}

Java Threads: ( => current thread )
  0x0000026e9d831000 JavaThread "main" [_thread_blocked, id=18980, stack(0x000000906fd00000,0x000000906fe00000)]
  0x0000026ebebd3800 JavaThread "Reference Handler" daemon [_thread_blocked, id=22012, stack(0x0000009070a00000,0x0000009070b00000)]
  0x0000026ebebd7000 JavaThread "Finalizer" daemon [_thread_blocked, id=22096, stack(0x0000009070b00000,0x0000009070c00000)]
  0x0000026ebf542800 JavaThread "Signal Dispatcher" daemon [_thread_blocked, id=22104, stack(0x0000009070c00000,0x0000009070d00000)]
  0x0000026ebf543000 JavaThread "Attach Listener" daemon [_thread_blocked, id=22100, stack(0x0000009070d00000,0x0000009070e00000)]
  0x0000026ebebe1000 JavaThread "C1 CompilerThread0" daemon [_thread_blocked, id=22088, stack(0x0000009070e00000,0x0000009070f00000)]
  0x0000026ebebfd800 JavaThread "C1 CompilerThread1" daemon [_thread_blocked, id=22020, stack(0x0000009070f00000,0x0000009071000000)]
=>0x0000026ebf557000 JavaThread "C1 CompilerThread2" daemon [_thread_in_vm, id=22132, stack(0x0000009071000000,0x0000009071100000)]
  0x0000026ebf55b000 JavaThread "Sweeper thread" daemon [_thread_blocked, id=22128, stack(0x0000009071100000,0x0000009071200000)]
  0x0000026ebf786000 JavaThread "Service Thread" daemon [_thread_blocked, id=22140, stack(0x0000009071200000,0x0000009071300000)]
  0x0000026ebf787800 JavaThread "Common-Cleaner" daemon [_thread_blocked, id=22108, stack(0x0000009071300000,0x0000009071400000)]
  0x0000026ec0bdd800 JavaThread "RMI TCP Accept-0" daemon [_thread_in_native, id=22072, stack(0x0000009071400000,0x0000009071500000)]
  0x0000026ec0bea800 JavaThread "RMI TCP Accept-54650" daemon [_thread_in_native, id=22052, stack(0x0000009071500000,0x0000009071600000)]
  0x0000026ec0c08000 JavaThread "RMI TCP Accept-0" daemon [_thread_in_native, id=22048, stack(0x0000009071600000,0x0000009071700000)]
  0x0000026ec0ee3800 JavaThread "Thread-0" [_thread_blocked, id=19664, stack(0x0000009071800000,0x0000009071900000)]
  0x0000026ec0ee7000 JavaThread "restartedMain" [_thread_blocked, id=22204, stack(0x0000009071900000,0x0000009071a00000)]
  0x0000026ec0e92800 JavaThread "RMI TCP Connection(1)-127.0.0.1" daemon [_thread_blocked, id=18760, stack(0x0000009071a00000,0x0000009071b00000)]
  0x0000026ec0f7a800 JavaThread "RMI Scheduler(0)" daemon [_thread_blocked, id=22164, stack(0x0000009071b00000,0x0000009071c00000)]
  0x0000026ec0fe1800 JavaThread "JMX server connection timeout 21" daemon [_thread_blocked, id=22168, stack(0x0000009071c00000,0x0000009071d00000)]
  0x0000026ec1009800 JavaThread "background-preinit" [_thread_blocked, id=22188, stack(0x0000009071d00000,0x0000009071e00000)]

Other Threads:
  0x0000026ebebbf000 VMThread "VM Thread" [stack: 0x0000009070900000,0x0000009070a00000] [id=22032]
  0x0000026ec0c0a000 WatcherThread [stack: 0x0000009071700000,0x0000009071800000] [id=10700]
  0x0000026e9d84b800 GCTaskThread "GC Thread#0" [stack: 0x000000906fe00000,0x000000906ff00000] [id=21180]
  0x0000026e9d84e000 GCTaskThread "GC Thread#1" [stack: 0x000000906ff00000,0x0000009070000000] [id=18836]
  0x0000026e9d84f800 GCTaskThread "GC Thread#2" [stack: 0x0000009070000000,0x0000009070100000] [id=20544]
  0x0000026e9d852000 GCTaskThread "GC Thread#3" [stack: 0x0000009070100000,0x0000009070200000] [id=16916]
  0x0000026e9d8bd800 ConcurrentGCThread "G1 Main Marker" [stack: 0x0000009070200000,0x0000009070300000] [id=12216]
  0x0000026e9d8c0000 ConcurrentGCThread "G1 Conc#0" [stack: 0x0000009070300000,0x0000009070400000] [id=10316]
  0x0000026ebea45800 ConcurrentGCThread "G1 Refine#0" [stack: 0x0000009070400000,0x0000009070500000] [id=8636]
  0x0000026ebea46800 ConcurrentGCThread "G1 Refine#1" [stack: 0x0000009070500000,0x0000009070600000] [id=8032]
  0x0000026ebea48000 ConcurrentGCThread "G1 Refine#2" [stack: 0x0000009070600000,0x0000009070700000] [id=22016]
  0x0000026ebea49800 ConcurrentGCThread "G1 Refine#3" [stack: 0x0000009070700000,0x0000009070800000] [id=22040]
  0x0000026ebea4e000 ConcurrentGCThread "G1 Young RemSet Sampling" [stack: 0x0000009070800000,0x0000009070900000] [id=22036]

Threads with active compile tasks:
C1 CompilerThread03665       1       org.springframework.core.env.SimpleCommandLinePropertySource::getOptionValues (12 bytes)
C1 CompilerThread13666       1       org.springframework.core.env.CommandLineArgs::getOptionValues (14 bytes)
C1 CompilerThread23664   !   1       jdk.internal.reflect.GeneratedConstructorAccessor1::newInstance (53 bytes)

VM state:not at safepoint (normal execution)

VM Mutex/Monitor currently owned by a thread:  ([mutex/lock_event])
[0x0000026e9d81d010] SystemDictionary_lock - owner thread: 0x0000026ebf557000

Heap address: 0x0000000081c00000, size: 2020 MB, Compressed Oops mode: 32-bit
Narrow klass base: 0x0000000000000000, Narrow klass shift: 3
Compressed class space size: 1073741824 Address: 0x0000000100000000

Heap:
 garbage-first heap   total 157696K, used 79814K [0x0000000081c00000, 0x0000000100000000)
  region size 1024K, 51 young (52224K), 7 survivors (7168K)
 Metaspace       used 35418K, capacity 36343K, committed 36604K, reserved 1081344K
  class space    used 4178K, capacity 4582K, committed 4608K, reserved 1048576K
Heap Regions: E=young(eden), S=young(survivor), O=old, HS=humongous(starts), HC=humongous(continues), CS=collection set, F=free, A=archive, TS=gc time stamp, AC=allocation context, TAMS=top-at-mark-start (previous, next)
|   0|0x0000000081c00000, 0x0000000081d00000, 0x0000000081d00000|100%|HS|  |TS  0|AC  0|TAMS 0x0000000081d00000, 0x0000000081d00000|
|   1|0x0000000081d00000, 0x0000000081e00000, 0x0000000081e00000|100%| O|  |TS  0|AC  0|TAMS 0x0000000081e00000, 0x0000000081e00000|
|   2|0x0000000081e00000, 0x0000000081f00000, 0x0000000081f00000|100%| O|  |TS  0|AC  0|TAMS 0x0000000081f00000, 0x0000000081f00000|
|   3|0x0000000081f00000, 0x0000000082000000, 0x0000000082000000|100%| O|  |TS  0|AC  0|TAMS 0x0000000082000000, 0x0000000082000000|
|   4|0x0000000082000000, 0x0000000082100000, 0x0000000082100000|100%| O|  |TS  0|AC  0|TAMS 0x0000000082100000, 0x0000000082100000|
|   5|0x0000000082100000, 0x0000000082200000, 0x0000000082200000|100%| O|  |TS  0|AC  0|TAMS 0x0000000082200000, 0x0000000082200000|
|   6|0x0000000082200000, 0x0000000082300000, 0x0000000082300000|100%| O|  |TS  0|AC  0|TAMS 0x0000000082300000, 0x0000000082300000|
|   7|0x0000000082300000, 0x0000000082400000, 0x0000000082400000|100%| O|  |TS  0|AC  0|TAMS 0x0000000082400000, 0x0000000082400000|
|   8|0x0000000082400000, 0x0000000082500000, 0x0000000082500000|100%| O|  |TS  0|AC  0|TAMS 0x0000000082500000, 0x0000000082500000|
|   9|0x0000000082500000, 0x0000000082600000, 0x0000000082600000|100%| O|  |TS  0|AC  0|TAMS 0x0000000082600000, 0x0000000082600000|
|  10|0x0000000082600000, 0x0000000082700000, 0x0000000082700000|100%| O|  |TS  0|AC  0|TAMS 0x0000000082700000, 0x0000000082700000|
|  11|0x0000000082700000, 0x0000000082800000, 0x0000000082800000|100%| O|  |TS  0|AC  0|TAMS 0x0000000082800000, 0x0000000082800000|
|  12|0x0000000082800000, 0x0000000082900000, 0x0000000082900000|100%| O|  |TS  0|AC  0|TAMS 0x0000000082900000, 0x0000000082900000|
|  13|0x0000000082900000, 0x0000000082a00000, 0x0000000082a00000|100%| O|  |TS  0|AC  0|TAMS 0x0000000082a00000, 0x0000000082a00000|
|  14|0x0000000082a00000, 0x0000000082b00000, 0x0000000082b00000|100%| O|  |TS  0|AC  0|TAMS 0x0000000082b00000, 0x0000000082b00000|
|  15|0x0000000082b00000, 0x0000000082c00000, 0x0000000082c00000|100%| O|  |TS  0|AC  0|TAMS 0x0000000082c00000, 0x0000000082c00000|
|  16|0x0000000082c00000, 0x0000000082d00000, 0x0000000082d00000|100%| O|  |TS  0|AC  0|TAMS 0x0000000082d00000, 0x0000000082d00000|
|  17|0x0000000082d00000, 0x0000000082e00000, 0x0000000082e00000|100%| O|  |TS  0|AC  0|TAMS 0x0000000082e00000, 0x0000000082e00000|
|  18|0x0000000082e00000, 0x0000000082f00000, 0x0000000082f00000|100%| O|  |TS  0|AC  0|TAMS 0x0000000082f00000, 0x0000000082f00000|
|  19|0x0000000082f00000, 0x0000000083000000, 0x0000000083000000|100%| O|  |TS  0|AC  0|TAMS 0x0000000083000000, 0x0000000083000000|
|  20|0x0000000083000000, 0x0000000083100000, 0x0000000083100000|100%| O|  |TS  0|AC  0|TAMS 0x0000000083100000, 0x0000000083100000|
|  21|0x0000000083100000, 0x0000000083200000, 0x0000000083200000|100%| O|  |TS  0|AC  0|TAMS 0x0000000083200000, 0x0000000083200000|
|  22|0x0000000083200000, 0x0000000083300000, 0x0000000083300000|100%| O|  |TS  0|AC  0|TAMS 0x0000000083300000, 0x0000000083300000|
|  23|0x0000000083300000, 0x0000000083400000, 0x0000000083400000|100%| O|  |TS  0|AC  0|TAMS 0x0000000083400000, 0x0000000083400000|
|  24|0x0000000083400000, 0x0000000083500000, 0x0000000083500000|100%| O|  |TS  0|AC  0|TAMS 0x0000000083500000, 0x0000000083500000|
|  25|0x0000000083500000, 0x0000000083600000, 0x0000000083600000|100%| O|  |TS  0|AC  0|TAMS 0x0000000083600000, 0x0000000083600000|
|  26|0x0000000083600000, 0x0000000083700000, 0x0000000083700000|100%| O|  |TS  1|AC  0|TAMS 0x00000000836ace00, 0x00000000836ace00|
|  27|0x0000000083700000, 0x0000000083800000, 0x0000000083800000|100%| O|  |TS  1|AC  0|TAMS 0x0000000083700000, 0x0000000083700000|
|  28|0x0000000083800000, 0x000000008383fc00, 0x0000000083900000| 24%| O|  |TS  2|AC  0|TAMS 0x0000000083800000, 0x0000000083800000|
|  29|0x0000000083900000, 0x0000000083900000, 0x0000000083a00000|  0%| F|  |TS  2|AC  0|TAMS 0x0000000083900000, 0x0000000083900000|
|  30|0x0000000083a00000, 0x0000000083a00000, 0x0000000083b00000|  0%| F|  |TS  0|AC  0|TAMS 0x0000000083a00000, 0x0000000083a00000|
|  31|0x0000000083b00000, 0x0000000083b00000, 0x0000000083c00000|  0%| F|  |TS  0|AC  0|TAMS 0x0000000083b00000, 0x0000000083b00000|
|  32|0x0000000083c00000, 0x0000000083c00000, 0x0000000083d00000|  0%| F|  |TS  0|AC  0|TAMS 0x0000000083c00000, 0x0000000083c00000|
|  33|0x0000000083d00000, 0x0000000083d00000, 0x0000000083e00000|  0%| F|  |TS  0|AC  0|TAMS 0x0000000083d00000, 0x0000000083d00000|
|  34|0x0000000083e00000, 0x0000000083e00000, 0x0000000083f00000|  0%| F|  |TS  0|AC  0|TAMS 0x0000000083e00000, 0x0000000083e00000|
|  35|0x0000000083f00000, 0x0000000083f00000, 0x0000000084000000|  0%| F|  |TS  0|AC  0|TAMS 0x0000000083f00000, 0x0000000083f00000|
|  36|0x0000000084000000, 0x0000000084000000, 0x0000000084100000|  0%| F|  |TS  0|AC  0|TAMS 0x0000000084000000, 0x0000000084000000|
|  37|0x0000000084100000, 0x0000000084100000, 0x0000000084200000|  0%| F|  |TS  0|AC  0|TAMS 0x0000000084100000, 0x0000000084100000|
|  38|0x0000000084200000, 0x0000000084200000, 0x0000000084300000|  0%| F|  |TS  0|AC  0|TAMS 0x0000000084200000, 0x0000000084200000|
|  39|0x0000000084300000, 0x0000000084300000, 0x0000000084400000|  0%| F|  |TS  0|AC  0|TAMS 0x0000000084300000, 0x0000000084300000|
|  40|0x0000000084400000, 0x0000000084400000, 0x0000000084500000|  0%| F|  |TS  0|AC  0|TAMS 0x0000000084400000, 0x0000000084400000|
|  41|0x0000000084500000, 0x0000000084500000, 0x0000000084600000|  0%| F|  |TS  0|AC  0|TAMS 0x0000000084500000, 0x0000000084500000|
|  42|0x0000000084600000, 0x0000000084600000, 0x0000000084700000|  0%| F|  |TS  0|AC  0|TAMS 0x0000000084600000, 0x0000000084600000|
|  43|0x0000000084700000, 0x0000000084700000, 0x0000000084800000|  0%| F|  |TS  0|AC  0|TAMS 0x0000000084700000, 0x0000000084700000|
|  44|0x0000000084800000, 0x0000000084800000, 0x0000000084900000|  0%| F|  |TS  0|AC  0|TAMS 0x0000000084800000, 0x0000000084800000|
|  45|0x0000000084900000, 0x0000000084900000, 0x0000000084a00000|  0%| F|  |TS  0|AC  0|TAMS 0x0000000084900000, 0x0000000084900000|
|  46|0x0000000084a00000, 0x0000000084a00000, 0x0000000084b00000|  0%| F|  |TS  0|AC  0|TAMS 0x0000000084a00000, 0x0000000084a00000|
|  47|0x0000000084b00000, 0x0000000084b00000, 0x0000000084c00000|  0%| F|  |TS  0|AC  0|TAMS 0x0000000084b00000, 0x0000000084b00000|
|  48|0x0000000084c00000, 0x0000000084c00000, 0x0000000084d00000|  0%| F|  |TS  0|AC  0|TAMS 0x0000000084c00000, 0x0000000084c00000|
|  49|0x0000000084d00000, 0x0000000084d00000, 0x0000000084e00000|  0%| F|  |TS  0|AC  0|TAMS 0x0000000084d00000, 0x0000000084d00000|
|  50|0x0000000084e00000, 0x0000000084e00000, 0x0000000084f00000|  0%| F|  |TS  0|AC  0|TAMS 0x0000000084e00000, 0x0000000084e00000|
|  51|0x0000000084f00000, 0x0000000084f00000, 0x0000000085000000|  0%| F|  |TS  2|AC  0|TAMS 0x0000000084f00000, 0x0000000084f00000|
|  52|0x0000000085000000, 0x0000000085000000, 0x0000000085100000|  0%| F|  |TS  2|AC  0|TAMS 0x0000000085000000, 0x0000000085000000|
|  53|0x0000000085100000, 0x0000000085100000, 0x0000000085200000|  0%| F|  |TS  2|AC  0|TAMS 0x0000000085100000, 0x0000000085100000|
|  54|0x0000000085200000, 0x0000000085200000, 0x0000000085300000|  0%| F|  |TS  2|AC  0|TAMS 0x0000000085200000, 0x0000000085200000|
|  55|0x0000000085300000, 0x0000000085300000, 0x0000000085400000|  0%| F|  |TS  2|AC  0|TAMS 0x0000000085300000, 0x0000000085300000|
|  56|0x0000000085400000, 0x0000000085400000, 0x0000000085500000|  0%| F|  |TS  1|AC  0|TAMS 0x0000000085400000, 0x0000000085400000|
|  57|0x0000000085500000, 0x0000000085500000, 0x0000000085600000|  0%| F|  |TS  1|AC  0|TAMS 0x0000000085500000, 0x0000000085500000|
|  58|0x0000000085600000, 0x0000000085600000, 0x0000000085700000|  0%| F|  |TS  1|AC  0|TAMS 0x0000000085600000, 0x0000000085600000|
|  59|0x0000000085700000, 0x0000000085700000, 0x0000000085800000|  0%| F|  |TS  1|AC  0|TAMS 0x0000000085700000, 0x0000000085700000|
|  60|0x0000000085800000, 0x0000000085800000, 0x0000000085900000|  0%| F|  |TS  1|AC  0|TAMS 0x0000000085800000, 0x0000000085800000|
|  61|0x0000000085900000, 0x0000000085900000, 0x0000000085a00000|  0%| F|  |TS  1|AC  0|TAMS 0x0000000085900000, 0x0000000085900000|
|  62|0x0000000085a00000, 0x0000000085a00000, 0x0000000085b00000|  0%| F|  |TS  1|AC  0|TAMS 0x0000000085a00000, 0x0000000085a00000|
|  63|0x0000000085b00000, 0x0000000085b00000, 0x0000000085c00000|  0%| F|  |TS  1|AC  0|TAMS 0x0000000085b00000, 0x0000000085b00000|
|  64|0x0000000085c00000, 0x0000000085c00000, 0x0000000085d00000|  0%| F|  |TS  1|AC  0|TAMS 0x0000000085c00000, 0x0000000085c00000|
|  65|0x0000000085d00000, 0x0000000085d00000, 0x0000000085e00000|  0%| F|  |TS  1|AC  0|TAMS 0x0000000085d00000, 0x0000000085d00000|
|  66|0x0000000085e00000, 0x0000000085e00000, 0x0000000085f00000|  0%| F|  |TS  1|AC  0|TAMS 0x0000000085e00000, 0x0000000085e00000|
|  67|0x0000000085f00000, 0x0000000085fb1d68, 0x0000000086000000| 69%| S|CS|TS  2|AC  0|TAMS 0x0000000085f00000, 0x0000000085f00000|
|  68|0x0000000086000000, 0x0000000086100000, 0x0000000086100000|100%| S|CS|TS  2|AC  0|TAMS 0x0000000086000000, 0x0000000086000000|
|  69|0x0000000086100000, 0x0000000086200000, 0x0000000086200000|100%| S|CS|TS  2|AC  0|TAMS 0x0000000086100000, 0x0000000086100000|
|  70|0x0000000086200000, 0x0000000086300000, 0x0000000086300000|100%| S|CS|TS  2|AC  0|TAMS 0x0000000086200000, 0x0000000086200000|
|  71|0x0000000086300000, 0x0000000086400000, 0x0000000086400000|100%| S|CS|TS  2|AC  0|TAMS 0x0000000086300000, 0x0000000086300000|
|  72|0x0000000086400000, 0x0000000086500000, 0x0000000086500000|100%| S|CS|TS  2|AC  0|TAMS 0x0000000086400000, 0x0000000086400000|
|  73|0x0000000086500000, 0x0000000086600000, 0x0000000086600000|100%| S|CS|TS  2|AC  0|TAMS 0x0000000086500000, 0x0000000086500000|
|  74|0x0000000086600000, 0x0000000086600000, 0x0000000086700000|  0%| F|  |TS  2|AC  0|TAMS 0x0000000086600000, 0x0000000086600000|
|  75|0x0000000086700000, 0x0000000086700000, 0x0000000086800000|  0%| F|  |TS  2|AC  0|TAMS 0x0000000086700000, 0x0000000086700000|
|  76|0x0000000086800000, 0x0000000086800000, 0x0000000086900000|  0%| F|  |TS  2|AC  0|TAMS 0x0000000086800000, 0x0000000086800000|
|  77|0x0000000086900000, 0x0000000086900000, 0x0000000086a00000|  0%| F|  |TS  2|AC  0|TAMS 0x0000000086900000, 0x0000000086900000|
|  78|0x0000000086a00000, 0x0000000086a00000, 0x0000000086b00000|  0%| F|  |TS  2|AC  0|TAMS 0x0000000086a00000, 0x0000000086a00000|
|  79|0x0000000086b00000, 0x0000000086b00000, 0x0000000086c00000|  0%| F|  |TS  2|AC  0|TAMS 0x0000000086b00000, 0x0000000086b00000|
|  80|0x0000000086c00000, 0x0000000086c00000, 0x0000000086d00000|  0%| F|  |TS  2|AC  0|TAMS 0x0000000086c00000, 0x0000000086c00000|
|  81|0x0000000086d00000, 0x0000000086d00000, 0x0000000086e00000|  0%| F|  |TS  2|AC  0|TAMS 0x0000000086d00000, 0x0000000086d00000|
|  82|0x0000000086e00000, 0x0000000086e00000, 0x0000000086f00000|  0%| F|  |TS  2|AC  0|TAMS 0x0000000086e00000, 0x0000000086e00000|
|  83|0x0000000086f00000, 0x0000000086f00000, 0x0000000087000000|  0%| F|  |TS  2|AC  0|TAMS 0x0000000086f00000, 0x0000000086f00000|
|  84|0x0000000087000000, 0x0000000087000000, 0x0000000087100000|  0%| F|  |TS  2|AC  0|TAMS 0x0000000087000000, 0x0000000087000000|
|  85|0x0000000087100000, 0x0000000087100000, 0x0000000087200000|  0%| F|  |TS  2|AC  0|TAMS 0x0000000087100000, 0x0000000087100000|
|  86|0x0000000087200000, 0x0000000087200000, 0x0000000087300000|  0%| F|  |TS  2|AC  0|TAMS 0x0000000087200000, 0x0000000087200000|
|  87|0x0000000087300000, 0x0000000087300000, 0x0000000087400000|  0%| F|  |TS  2|AC  0|TAMS 0x0000000087300000, 0x0000000087300000|
|  88|0x0000000087400000, 0x0000000087400000, 0x0000000087500000|  0%| F|  |TS  2|AC  0|TAMS 0x0000000087400000, 0x0000000087400000|
|  89|0x0000000087500000, 0x0000000087500000, 0x0000000087600000|  0%| F|  |TS  2|AC  0|TAMS 0x0000000087500000, 0x0000000087500000|
|  90|0x0000000087600000, 0x0000000087600000, 0x0000000087700000|  0%| F|  |TS  2|AC  0|TAMS 0x0000000087600000, 0x0000000087600000|
|  91|0x0000000087700000, 0x0000000087700000, 0x0000000087800000|  0%| F|  |TS  2|AC  0|TAMS 0x0000000087700000, 0x0000000087700000|
|  92|0x0000000087800000, 0x0000000087800000, 0x0000000087900000|  0%| F|  |TS  2|AC  0|TAMS 0x0000000087800000, 0x0000000087800000|
|  93|0x0000000087900000, 0x0000000087900000, 0x0000000087a00000|  0%| F|  |TS  2|AC  0|TAMS 0x0000000087900000, 0x0000000087900000|
|  94|0x0000000087a00000, 0x0000000087a00000, 0x0000000087b00000|  0%| F|  |TS  2|AC  0|TAMS 0x0000000087a00000, 0x0000000087a00000|
|  95|0x0000000087b00000, 0x0000000087b00000, 0x0000000087c00000|  0%| F|  |TS  2|AC  0|TAMS 0x0000000087b00000, 0x0000000087b00000|
|  96|0x0000000087c00000, 0x0000000087c00000, 0x0000000087d00000|  0%| F|  |TS  2|AC  0|TAMS 0x0000000087c00000, 0x0000000087c00000|
|  97|0x0000000087d00000, 0x0000000087d00000, 0x0000000087e00000|  0%| F|  |TS  2|AC  0|TAMS 0x0000000087d00000, 0x0000000087d00000|
|  98|0x0000000087e00000, 0x0000000087e00000, 0x0000000087f00000|  0%| F|  |TS  2|AC  0|TAMS 0x0000000087e00000, 0x0000000087e00000|
|  99|0x0000000087f00000, 0x0000000087f00000, 0x0000000088000000|  0%| F|  |TS  2|AC  0|TAMS 0x0000000087f00000, 0x0000000087f00000|
| 100|0x0000000088000000, 0x0000000088000000, 0x0000000088100000|  0%| F|  |TS  2|AC  0|TAMS 0x0000000088000000, 0x0000000088000000|
| 101|0x0000000088100000, 0x0000000088100000, 0x0000000088200000|  0%| F|  |TS  2|AC  0|TAMS 0x0000000088100000, 0x0000000088100000|
| 102|0x0000000088200000, 0x0000000088200000, 0x0000000088300000|  0%| F|  |TS  2|AC  0|TAMS 0x0000000088200000, 0x0000000088200000|
| 103|0x0000000088300000, 0x0000000088300000, 0x0000000088400000|  0%| F|  |TS  2|AC  0|TAMS 0x0000000088300000, 0x0000000088300000|
| 104|0x0000000088400000, 0x0000000088400000, 0x0000000088500000|  0%| F|  |TS  2|AC  0|TAMS 0x0000000088400000, 0x0000000088400000|
| 105|0x0000000088500000, 0x0000000088500000, 0x0000000088600000|  0%| F|  |TS  2|AC  0|TAMS 0x0000000088500000, 0x0000000088500000|
| 106|0x0000000088600000, 0x0000000088600000, 0x0000000088700000|  0%| F|  |TS  2|AC  0|TAMS 0x0000000088600000, 0x0000000088600000|
| 107|0x0000000088700000, 0x0000000088700000, 0x0000000088800000|  0%| F|  |TS  2|AC  0|TAMS 0x0000000088700000, 0x0000000088700000|
| 108|0x0000000088800000, 0x0000000088800000, 0x0000000088900000|  0%| F|  |TS  2|AC  0|TAMS 0x0000000088800000, 0x0000000088800000|
| 109|0x0000000088900000, 0x0000000088900000, 0x0000000088a00000|  0%| F|  |TS  2|AC  0|TAMS 0x0000000088900000, 0x0000000088900000|
| 110|0x0000000088a00000, 0x0000000088a2e5f8, 0x0000000088b00000| 18%| E|  |TS  2|AC  0|TAMS 0x0000000088a00000, 0x0000000088a00000|
| 111|0x0000000088b00000, 0x0000000088c00000, 0x0000000088c00000|100%| E|CS|TS  2|AC  0|TAMS 0x0000000088b00000, 0x0000000088b00000|
| 112|0x0000000088c00000, 0x0000000088d00000, 0x0000000088d00000|100%| E|CS|TS  2|AC  0|TAMS 0x0000000088c00000, 0x0000000088c00000|
| 113|0x0000000088d00000, 0x0000000088e00000, 0x0000000088e00000|100%| E|CS|TS  2|AC  0|TAMS 0x0000000088d00000, 0x0000000088d00000|
| 114|0x0000000088e00000, 0x0000000088f00000, 0x0000000088f00000|100%| E|CS|TS  2|AC  0|TAMS 0x0000000088e00000, 0x0000000088e00000|
| 115|0x0000000088f00000, 0x0000000089000000, 0x0000000089000000|100%| E|CS|TS  2|AC  0|TAMS 0x0000000088f00000, 0x0000000088f00000|
| 116|0x0000000089000000, 0x0000000089100000, 0x0000000089100000|100%| E|CS|TS  2|AC  0|TAMS 0x0000000089000000, 0x0000000089000000|
| 117|0x0000000089100000, 0x0000000089200000, 0x0000000089200000|100%| E|CS|TS  2|AC  0|TAMS 0x0000000089100000, 0x0000000089100000|
| 118|0x0000000089200000, 0x0000000089300000, 0x0000000089300000|100%| E|CS|TS  2|AC  0|TAMS 0x0000000089200000, 0x0000000089200000|
| 119|0x0000000089300000, 0x0000000089400000, 0x0000000089400000|100%| E|CS|TS  2|AC  0|TAMS 0x0000000089300000, 0x0000000089300000|
| 120|0x0000000089400000, 0x0000000089500000, 0x0000000089500000|100%| E|CS|TS  2|AC  0|TAMS 0x0000000089400000, 0x0000000089400000|
| 121|0x0000000089500000, 0x0000000089600000, 0x0000000089600000|100%| E|CS|TS  2|AC  0|TAMS 0x0000000089500000, 0x0000000089500000|
| 122|0x0000000089600000, 0x0000000089700000, 0x0000000089700000|100%| E|CS|TS  2|AC  0|TAMS 0x0000000089600000, 0x0000000089600000|
| 123|0x0000000089700000, 0x0000000089800000, 0x0000000089800000|100%| E|CS|TS  2|AC  0|TAMS 0x0000000089700000, 0x0000000089700000|
| 124|0x0000000089800000, 0x0000000089900000, 0x0000000089900000|100%| E|CS|TS  2|AC  0|TAMS 0x0000000089800000, 0x0000000089800000|
| 125|0x0000000089900000, 0x0000000089a00000, 0x0000000089a00000|100%| E|CS|TS  2|AC  0|TAMS 0x0000000089900000, 0x0000000089900000|
| 126|0x0000000089a00000, 0x0000000089b00000, 0x0000000089b00000|100%| E|CS|TS  2|AC  0|TAMS 0x0000000089a00000, 0x0000000089a00000|
| 127|0x0000000089b00000, 0x0000000089c00000, 0x0000000089c00000|100%| E|CS|TS  2|AC  0|TAMS 0x0000000089b00000, 0x0000000089b00000|
| 128|0x0000000089c00000, 0x0000000089d00000, 0x0000000089d00000|100%| E|CS|TS  2|AC  0|TAMS 0x0000000089c00000, 0x0000000089c00000|
| 129|0x0000000089d00000, 0x0000000089e00000, 0x0000000089e00000|100%| E|CS|TS  2|AC  0|TAMS 0x0000000089d00000, 0x0000000089d00000|
| 130|0x0000000089e00000, 0x0000000089f00000, 0x0000000089f00000|100%| E|CS|TS  2|AC  0|TAMS 0x0000000089e00000, 0x0000000089e00000|
| 131|0x0000000089f00000, 0x000000008a000000, 0x000000008a000000|100%| E|CS|TS  2|AC  0|TAMS 0x0000000089f00000, 0x0000000089f00000|
| 132|0x000000008a000000, 0x000000008a100000, 0x000000008a100000|100%| E|CS|TS  2|AC  0|TAMS 0x000000008a000000, 0x000000008a000000|
| 133|0x000000008a100000, 0x000000008a200000, 0x000000008a200000|100%| E|CS|TS  2|AC  0|TAMS 0x000000008a100000, 0x000000008a100000|
| 134|0x000000008a200000, 0x000000008a300000, 0x000000008a300000|100%| E|CS|TS  2|AC  0|TAMS 0x000000008a200000, 0x000000008a200000|
| 135|0x000000008a300000, 0x000000008a400000, 0x000000008a400000|100%| E|CS|TS  2|AC  0|TAMS 0x000000008a300000, 0x000000008a300000|
| 136|0x000000008a400000, 0x000000008a500000, 0x000000008a500000|100%| E|CS|TS  2|AC  0|TAMS 0x000000008a400000, 0x000000008a400000|
| 137|0x000000008a500000, 0x000000008a600000, 0x000000008a600000|100%| E|CS|TS  2|AC  0|TAMS 0x000000008a500000, 0x000000008a500000|
| 138|0x000000008a600000, 0x000000008a700000, 0x000000008a700000|100%| E|CS|TS  2|AC  0|TAMS 0x000000008a600000, 0x000000008a600000|
| 139|0x000000008a700000, 0x000000008a800000, 0x000000008a800000|100%| E|CS|TS  2|AC  0|TAMS 0x000000008a700000, 0x000000008a700000|
| 140|0x000000008a800000, 0x000000008a900000, 0x000000008a900000|100%| E|CS|TS  2|AC  0|TAMS 0x000000008a800000, 0x000000008a800000|
| 141|0x000000008a900000, 0x000000008aa00000, 0x000000008aa00000|100%| E|CS|TS  2|AC  0|TAMS 0x000000008a900000, 0x000000008a900000|
| 142|0x000000008aa00000, 0x000000008ab00000, 0x000000008ab00000|100%| E|CS|TS  2|AC  0|TAMS 0x000000008aa00000, 0x000000008aa00000|
| 143|0x000000008ab00000, 0x000000008ac00000, 0x000000008ac00000|100%| E|CS|TS  2|AC  0|TAMS 0x000000008ab00000, 0x000000008ab00000|
| 144|0x000000008ac00000, 0x000000008ad00000, 0x000000008ad00000|100%| E|CS|TS  2|AC  0|TAMS 0x000000008ac00000, 0x000000008ac00000|
| 145|0x000000008ad00000, 0x000000008ae00000, 0x000000008ae00000|100%| E|CS|TS  2|AC  0|TAMS 0x000000008ad00000, 0x000000008ad00000|
| 146|0x000000008ae00000, 0x000000008af00000, 0x000000008af00000|100%| E|CS|TS  2|AC  0|TAMS 0x000000008ae00000, 0x000000008ae00000|
| 147|0x000000008af00000, 0x000000008b000000, 0x000000008b000000|100%| E|CS|TS  2|AC  0|TAMS 0x000000008af00000, 0x000000008af00000|
| 148|0x000000008b000000, 0x000000008b100000, 0x000000008b100000|100%| E|CS|TS  2|AC  0|TAMS 0x000000008b000000, 0x000000008b000000|
| 149|0x000000008b100000, 0x000000008b200000, 0x000000008b200000|100%| E|CS|TS  2|AC  0|TAMS 0x000000008b100000, 0x000000008b100000|
| 150|0x000000008b200000, 0x000000008b300000, 0x000000008b300000|100%| E|CS|TS  2|AC  0|TAMS 0x000000008b200000, 0x000000008b200000|
| 151|0x000000008b300000, 0x000000008b400000, 0x000000008b400000|100%| E|CS|TS  2|AC  0|TAMS 0x000000008b300000, 0x000000008b300000|
| 152|0x000000008b400000, 0x000000008b500000, 0x000000008b500000|100%| E|CS|TS  2|AC  0|TAMS 0x000000008b400000, 0x000000008b400000|
| 153|0x000000008b500000, 0x000000008b600000, 0x000000008b600000|100%| E|CS|TS  2|AC  0|TAMS 0x000000008b500000, 0x000000008b500000|

Card table byte_map: [0x0000026eb7fb0000,0x0000026eb83b0000] byte_map_base: 0x0000026eb7ba2000

Marking Bits (Prev, Next): (CMBitMap*) 0x0000026e9d8bce90, (CMBitMap*) 0x0000026e9d8bcec8
 Prev Bits: [0x0000026eb87b0000, 0x0000026eba740000)
 Next Bits: [0x0000026eba740000, 0x0000026ebc6d0000)

Polling page: 0x0000026e9b750000

CodeHeap 'non-profiled nmethods': size=238912Kb used=5873Kb max_used=5873Kb free=233038Kb
 bounds [0x0000026ea9260000, 0x0000026ea9820000, 0x0000026eb7bb0000]
CodeHeap 'non-nmethods': size=6848Kb used=2309Kb max_used=2309Kb free=4538Kb
 bounds [0x0000026ea8bb0000, 0x0000026ea8e20000, 0x0000026ea9260000]
 total_blobs=4204 nmethods=3662 adapters=450
 compilation: enabled

Compilation events (10 events):
Event: 6.570 Thread 0x0000026ebebfd800 nmethod 3660 0x0000026ea981b390 code [0x0000026ea981b540, 0x0000026ea981b658]
Event: 6.570 Thread 0x0000026ebf557000 3661       1       org.springframework.core.env.CommandLinePropertySource::getProperty (6 bytes)
Event: 6.570 Thread 0x0000026ebf557000 nmethod 3661 0x0000026ea981b710 code [0x0000026ea981b8c0, 0x0000026ea981b9f0]
Event: 6.570 Thread 0x0000026ebebe1000 3662       1       org.springframework.core.env.CommandLinePropertySource::getProperty (49 bytes)
Event: 6.570 Thread 0x0000026ebebe1000 nmethod 3662 0x0000026ea981ba90 code [0x0000026ea981bca0, 0x0000026ea981bf40]
Event: 6.571 Thread 0x0000026ebebfd800 3663       1       java.lang.management.ManagementPermission::<init> (38 bytes)
Event: 6.571 Thread 0x0000026ebebfd800 nmethod 3663 0x0000026ea981c090 code [0x0000026ea981c280, 0x0000026ea981c570]
Event: 6.572 Thread 0x0000026ebf557000 3664   !   1       jdk.internal.reflect.GeneratedConstructorAccessor1::newInstance (53 bytes)
Event: 6.572 Thread 0x0000026ebebe1000 3665       1       org.springframework.core.env.SimpleCommandLinePropertySource::getOptionValues (12 bytes)
Event: 6.573 Thread 0x0000026ebebfd800 3666       1       org.springframework.core.env.CommandLineArgs::getOptionValues (14 bytes)

GC Heap History (10 events):
Event: 3.388 GC heap before
{Heap before GC invocations=5 (full 0):
 garbage-first heap   total 131072K, used 70527K [0x0000000081c00000, 0x0000000100000000)
  region size 1024K, 43 young (44032K), 3 survivors (3072K)
 Metaspace       used 15743K, capacity 16140K, committed 16512K, reserved 1064960K
  class space    used 1658K, capacity 1855K, committed 1920K, reserved 1048576K
}
Event: 3.392 GC heap after
{Heap after GC invocations=6 (full 0):
 garbage-first heap   total 131072K, used 29818K [0x0000000081c00000, 0x0000000100000000)
  region size 1024K, 3 young (3072K), 3 survivors (3072K)
 Metaspace       used 15743K, capacity 16140K, committed 16512K, reserved 1064960K
  class space    used 1658K, capacity 1855K, committed 1920K, reserved 1048576K
}
Event: 3.938 GC heap before
{Heap before GC invocations=6 (full 0):
 garbage-first heap   total 131072K, used 68730K [0x0000000081c00000, 0x0000000100000000)
  region size 1024K, 42 young (43008K), 3 survivors (3072K)
 Metaspace       used 20540K, capacity 21134K, committed 21296K, reserved 1069056K
  class space    used 2319K, capacity 2602K, committed 2688K, reserved 1048576K
}
Event: 3.944 GC heap after
{Heap after GC invocations=7 (full 0):
 garbage-first heap   total 131072K, used 31521K [0x0000000081c00000, 0x0000000100000000)
  region size 1024K, 5 young (5120K), 5 survivors (5120K)
 Metaspace       used 20540K, capacity 21134K, committed 21296K, reserved 1069056K
  class space    used 2319K, capacity 2602K, committed 2688K, reserved 1048576K
}
Event: 4.699 GC heap before
{Heap before GC invocations=8 (full 0):
 garbage-first heap   total 131072K, used 89889K [0x0000000081c00000, 0x0000000100000000)
  region size 1024K, 62 young (63488K), 5 survivors (5120K)
 Metaspace       used 25603K, capacity 26304K, committed 26492K, reserved 1073152K
  class space    used 3077K, capacity 3385K, committed 3456K, reserved 1048576K
}
Event: 4.709 GC heap after
{Heap after GC invocations=9 (full 0):
 garbage-first heap   total 131072K, used 32954K [0x0000000081c00000, 0x0000000100000000)
  region size 1024K, 6 young (6144K), 6 survivors (6144K)
 Metaspace       used 25603K, capacity 26304K, committed 26492K, reserved 1073152K
  class space    used 3077K, capacity 3385K, committed 3456K, reserved 1048576K
}
Event: 5.283 GC heap before
{Heap before GC invocations=10 (full 0):
 garbage-first heap   total 131072K, used 100538K [0x0000000081c00000, 0x0000000100000000)
  region size 1024K, 72 young (73728K), 6 survivors (6144K)
 Metaspace       used 28174K, capacity 28961K, committed 29052K, reserved 1075200K
  class space    used 3358K, capacity 3700K, committed 3712K, reserved 1048576K
}
Event: 5.300 GC heap after
{Heap after GC invocations=11 (full 0):
 garbage-first heap   total 157696K, used 33975K [0x0000000081c00000, 0x0000000100000000)
  region size 1024K, 5 young (5120K), 5 survivors (5120K)
 Metaspace       used 28174K, capacity 28961K, committed 29052K, reserved 1075200K
  class space    used 3358K, capacity 3700K, committed 3712K, reserved 1048576K
}
Event: 5.990 GC heap before
{Heap before GC invocations=11 (full 0):
 garbage-first heap   total 157696K, used 116919K [0x0000000081c00000, 0x0000000100000000)
  region size 1024K, 85 young (87040K), 5 survivors (5120K)
 Metaspace       used 33228K, capacity 34090K, committed 34300K, reserved 1079296K
  class space    used 3901K, capacity 4303K, committed 4352K, reserved 1048576K
}
Event: 6.001 GC heap after
{Heap after GC invocations=12 (full 0):
 garbage-first heap   total 157696K, used 35782K [0x0000000081c00000, 0x0000000100000000)
  region size 1024K, 7 young (7168K), 7 survivors (7168K)
 Metaspace       used 33228K, capacity 34090K, committed 34300K, reserved 1079296K
  class space    used 3901K, capacity 4303K, committed 4352K, reserved 1048576K
}

Deoptimization events (0 events):
No events

Classes redefined (0 events):
No events

Internal exceptions (10 events):
Event: 6.569 Thread 0x0000026ec0e92800 Exception <a 'java/lang/ClassNotFoundException'{0x0000000088bd9650}: org/springframework/context/support/LiveBeansView> (0x0000000088bd9650) thrown at [t:/workspace/open/src/hotspot/share/classfile/systemDictionary.cpp, line 233]
Event: 6.569 Thread 0x0000026ec0e92800 Exception <a 'java/lang/ClassNotFoundException'{0x0000000088bd9a10}: org/springframework/context/support/LiveBeansView> (0x0000000088bd9a10) thrown at [t:/workspace/open/src/hotspot/share/classfile/systemDictionary.cpp, line 233]
Event: 6.569 Thread 0x0000026ec0e92800 Exception <a 'java/lang/ClassNotFoundException'{0x0000000088bd9db0}: org/springframework/context/support/LiveBeansView> (0x0000000088bd9db0) thrown at [t:/workspace/open/src/hotspot/share/classfile/systemDictionary.cpp, line 233]
Event: 6.569 Thread 0x0000026ec0e92800 Exception <a 'java/lang/ClassNotFoundException'{0x0000000088bda168}: org/springframework/context/support/LiveBeansView> (0x0000000088bda168) thrown at [t:/workspace/open/src/hotspot/share/classfile/systemDictionary.cpp, line 233]
Event: 6.569 Thread 0x0000026ec0e92800 Exception <a 'java/lang/ClassNotFoundException'{0x0000000088bda518}: org/springframework/context/support/LiveBeansView> (0x0000000088bda518) thrown at [t:/workspace/open/src/hotspot/share/classfile/systemDictionary.cpp, line 233]
Event: 6.569 Thread 0x0000026ec0e92800 Exception <a 'java/lang/ClassNotFoundException'{0x0000000088bda8c0}: org/springframework/context/support/LiveBeansView> (0x0000000088bda8c0) thrown at [t:/workspace/open/src/hotspot/share/classfile/systemDictionary.cpp, line 233]
Event: 6.569 Thread 0x0000026ec0e92800 Exception <a 'java/lang/ClassNotFoundException'{0x0000000088bdac68}: org/springframework/context/support/LiveBeansView> (0x0000000088bdac68) thrown at [t:/workspace/open/src/hotspot/share/classfile/systemDictionary.cpp, line 233]
Event: 6.569 Thread 0x0000026ec0e92800 Exception <a 'java/lang/ClassNotFoundException'{0x0000000088bdb028}: org/springframework/context/support/LiveBeansView> (0x0000000088bdb028) thrown at [t:/workspace/open/src/hotspot/share/classfile/systemDictionary.cpp, line 233]
Event: 6.569 Thread 0x0000026ec0e92800 Exception <a 'java/lang/ClassNotFoundException'{0x0000000088bdb3d0}: org/springframework/context/support/LiveBeansView> (0x0000000088bdb3d0) thrown at [t:/workspace/open/src/hotspot/share/classfile/systemDictionary.cpp, line 233]
Event: 6.569 Thread 0x0000026ec0e92800 Exception <a 'java/lang/ClassNotFoundException'{0x0000000088bdb790}: org/springframework/context/support/LiveBeansView> (0x0000000088bdb790) thrown at [t:/workspace/open/src/hotspot/share/classfile/systemDictionary.cpp, line 233]

Events (10 events):
Event: 6.569 loading class org/springframework/context/support/LiveBeansView
Event: 6.569 loading class org/springframework/context/support/LiveBeansView done
Event: 6.569 loading class org/springframework/context/support/LiveBeansView
Event: 6.569 loading class org/springframework/context/support/LiveBeansView done
Event: 6.569 loading class org/springframework/context/support/LiveBeansView
Event: 6.569 loading class org/springframework/context/support/LiveBeansView done
Event: 6.570 loading class com/fasterxml/jackson/module/kotlin/PackageVersion
Event: 6.570 loading class com/fasterxml/jackson/module/kotlin/PackageVersion done
Event: 6.571 loading class com/fasterxml/jackson/datatype/jdk8/PackageVersion
Event: 6.571 loading class com/fasterxml/jackson/datatype/jdk8/PackageVersion done


Dynamic libraries:
0x00007ff6d8f40000 - 0x00007ff6d8f7e000 	C:\Program Files\Java\jdk-10.0.2\bin\javaw.exe
0x00007fff39bd0000 - 0x00007fff39dc7000 	C:\WINDOWS\SYSTEM32\ntdll.dll
0x00007fff38130000 - 0x00007fff381ed000 	C:\WINDOWS\System32\KERNEL32.DLL
0x00007fff37850000 - 0x00007fff37b1d000 	C:\WINDOWS\System32\KERNELBASE.dll
0x00007fff37c30000 - 0x00007fff37cde000 	C:\WINDOWS\System32\ADVAPI32.dll
0x00007fff37ff0000 - 0x00007fff3808e000 	C:\WINDOWS\System32\msvcrt.dll
0x00007fff38090000 - 0x00007fff3812c000 	C:\WINDOWS\System32\sechost.dll
0x00007fff38640000 - 0x00007fff38765000 	C:\WINDOWS\System32\RPCRT4.dll
0x00007fff388f0000 - 0x00007fff38a90000 	C:\WINDOWS\System32\USER32.dll
0x00007fff37b20000 - 0x00007fff37b42000 	C:\WINDOWS\System32\win32u.dll
0x00007fff382c0000 - 0x00007fff382ea000 	C:\WINDOWS\System32\GDI32.dll
0x00007fff374f0000 - 0x00007fff375fb000 	C:\WINDOWS\System32\gdi32full.dll
0x00007fff37450000 - 0x00007fff374ed000 	C:\WINDOWS\System32\msvcp_win.dll
0x00007fff37750000 - 0x00007fff37850000 	C:\WINDOWS\System32\ucrtbase.dll
0x00007fff2d8c0000 - 0x00007fff2d8ca000 	C:\WINDOWS\SYSTEM32\VERSION.dll
0x00007fff226a0000 - 0x00007fff2293a000 	C:\WINDOWS\WinSxS\amd64_microsoft.windows.common-controls_6595b64144ccf1df_6.0.19041.1110_none_60b5254171f9507e\COMCTL32.dll
0x00007fff39410000 - 0x00007fff39440000 	C:\WINDOWS\System32\IMM32.DLL
0x00007fff1fb00000 - 0x00007fff1fbef000 	C:\Program Files\Java\jdk-10.0.2\bin\msvcr120.dll
0x00007fff0ac10000 - 0x00007fff0acb6000 	C:\Program Files\Java\jdk-10.0.2\bin\msvcp120.dll
0x000000005b310000 - 0x000000005bd80000 	C:\Program Files\Java\jdk-10.0.2\bin\server\jvm.dll
0x00007fff382f0000 - 0x00007fff382f8000 	C:\WINDOWS\System32\PSAPI.DLL
0x00007fff2dbb0000 - 0x00007fff2dbd7000 	C:\WINDOWS\SYSTEM32\WINMM.dll
0x00007fff0fb00000 - 0x00007fff0fb09000 	C:\WINDOWS\SYSTEM32\WSOCK32.dll
0x00007fff37f10000 - 0x00007fff37f7b000 	C:\WINDOWS\System32\WS2_32.dll
0x00007fff32b30000 - 0x00007fff32b3f000 	C:\Program Files\Java\jdk-10.0.2\bin\verify.dll
0x00007fff357d0000 - 0x00007fff359b4000 	C:\WINDOWS\SYSTEM32\DBGHELP.DLL
0x00007fff200c0000 - 0x00007fff200ec000 	C:\WINDOWS\SYSTEM32\dbgcore.DLL
0x00007fff37b50000 - 0x00007fff37bd2000 	C:\WINDOWS\System32\bcryptPrimitives.dll
0x00007fff2df50000 - 0x00007fff2df77000 	C:\Program Files\Java\jdk-10.0.2\bin\java.dll
0x00007fff302b0000 - 0x00007fff302c6000 	C:\Program Files\Java\jdk-10.0.2\bin\zip.dll
0x00007fff30680000 - 0x00007fff3068a000 	C:\Program Files\Java\jdk-10.0.2\bin\jimage.dll
0x00007fff39440000 - 0x00007fff39b84000 	C:\WINDOWS\System32\SHELL32.dll
0x00007fff34f10000 - 0x00007fff356a4000 	C:\WINDOWS\SYSTEM32\windows.storage.dll
0x00007fff38f00000 - 0x00007fff39254000 	C:\WINDOWS\System32\combase.dll
0x00007fff36ba0000 - 0x00007fff36bcc000 	C:\WINDOWS\SYSTEM32\Wldp.dll
0x00007fff384c0000 - 0x00007fff3856d000 	C:\WINDOWS\System32\SHCORE.dll
0x00007fff385e0000 - 0x00007fff38635000 	C:\WINDOWS\System32\shlwapi.dll
0x00007fff37230000 - 0x00007fff3724f000 	C:\WINDOWS\SYSTEM32\profapi.dll
0x00007fff2e2b0000 - 0x00007fff2e2ca000 	C:\Program Files\Java\jdk-10.0.2\bin\net.dll
0x00007fff282b0000 - 0x00007fff283ba000 	C:\WINDOWS\SYSTEM32\WINHTTP.dll
0x00007fff36980000 - 0x00007fff369ea000 	C:\WINDOWS\system32\mswsock.dll
0x00007fff2df00000 - 0x00007fff2df11000 	C:\Program Files\Java\jdk-10.0.2\bin\nio.dll
0x00007fff2dde0000 - 0x00007fff2dde9000 	C:\Program Files\Java\jdk-10.0.2\bin\management.dll
0x00007fff2ddd0000 - 0x00007fff2ddda000 	C:\Program Files\Java\jdk-10.0.2\bin\management_ext.dll
0x00007fff285f0000 - 0x00007fff28607000 	C:\WINDOWS\system32\napinsp.dll
0x00007fff285d0000 - 0x00007fff285eb000 	C:\WINDOWS\system32\pnrpnsp.dll
0x00007fff31430000 - 0x00007fff31445000 	C:\WINDOWS\system32\wshbth.dll
0x00007fff31d20000 - 0x00007fff31d3d000 	C:\WINDOWS\system32\NLAapi.dll
0x00007fff36690000 - 0x00007fff366cb000 	C:\WINDOWS\SYSTEM32\IPHLPAPI.DLL
0x00007fff366d0000 - 0x00007fff3679b000 	C:\WINDOWS\SYSTEM32\DNSAPI.dll
0x00007fff37f80000 - 0x00007fff37f88000 	C:\WINDOWS\System32\NSI.dll
0x00007fff285b0000 - 0x00007fff285c2000 	C:\WINDOWS\System32\winrnr.dll
0x000000005c210000 - 0x000000005c236000 	C:\Program Files\Bonjour\mdnsNSP.dll
0x00007fff2dba0000 - 0x00007fff2dbaa000 	C:\Windows\System32\rasadhlp.dll
0x00007fff24e60000 - 0x00007fff24ee0000 	C:\WINDOWS\System32\fwpuclnt.dll
0x00007fff37720000 - 0x00007fff37747000 	C:\WINDOWS\System32\bcrypt.dll
0x00007fff36be0000 - 0x00007fff36bf8000 	C:\WINDOWS\SYSTEM32\CRYPTSP.dll
0x00007fff36320000 - 0x00007fff36354000 	C:\WINDOWS\system32\rsaenh.dll
0x00007fff371f0000 - 0x00007fff3721e000 	C:\WINDOWS\SYSTEM32\USERENV.dll
0x00007fff36b10000 - 0x00007fff36b1c000 	C:\WINDOWS\SYSTEM32\CRYPTBASE.dll
0x00007fff265d0000 - 0x00007fff265e7000 	C:\WINDOWS\SYSTEM32\dhcpcsvc6.DLL
0x00007fff27620000 - 0x00007fff2763d000 	C:\WINDOWS\SYSTEM32\dhcpcsvc.DLL

dbghelp: loaded successfully - version: 4.0.5 - missing functions: none
symbol engine: initialized successfully - sym options: 0x614 - pdb path: .;C:\Program Files\Java\jdk-10.0.2\bin;C:\WINDOWS\SYSTEM32;C:\WINDOWS\WinSxS\amd64_microsoft.windows.common-controls_6595b64144ccf1df_6.0.19041.1110_none_60b5254171f9507e;C:\Program Files\Java\jdk-10.0.2\bin\server;C:\Program Files\Bonjour

VM Arguments:
jvm_args: -Dcom.sun.management.jmxremote -Dcom.sun.management.jmxremote.port=54650 -Dcom.sun.management.jmxremote.authenticate=false -Dcom.sun.management.jmxremote.ssl=false -Djava.rmi.server.hostname=localhost -Dspring.jmx.enabled=true -Dspring.application.admin.enabled=true -Xverify:none -XX:TieredStopAtLevel=1 -Dspring.boot.project.name=hustperfume-server -Dfile.encoding=UTF-8 
java_command: com.hoanghiep.perfume.HustperfumeServerApplication --spring.output.ansi.enabled=always
java_class_path (initial): E:\DA\hustperfume-server\target\classes;C:\Users\Ibm\.m2\repository\org\springframework\boot\spring-boot-starter-data-jpa\2.6.4\spring-boot-starter-data-jpa-2.6.4.jar;C:\Users\Ibm\.m2\repository\org\springframework\boot\spring-boot-starter-aop\2.6.4\spring-boot-starter-aop-2.6.4.jar;C:\Users\Ibm\.m2\repository\org\aspectj\aspectjweaver\1.9.7\aspectjweaver-1.9.7.jar;C:\Users\Ibm\.m2\repository\org\springframework\boot\spring-boot-starter-jdbc\2.6.4\spring-boot-starter-jdbc-2.6.4.jar;C:\Users\Ibm\.m2\repository\com\zaxxer\HikariCP\4.0.3\HikariCP-4.0.3.jar;C:\Users\Ibm\.m2\repository\org\springframework\spring-jdbc\5.3.16\spring-jdbc-5.3.16.jar;C:\Users\Ibm\.m2\repository\jakarta\transaction\jakarta.transaction-api\1.3.3\jakarta.transaction-api-1.3.3.jar;C:\Users\Ibm\.m2\repository\jakarta\persistence\jakarta.persistence-api\2.2.3\jakarta.persistence-api-2.2.3.jar;C:\Users\Ibm\.m2\repository\org\hibernate\hibernate-core\5.6.5.Final\hibernate-core-5.6.5.Final.jar;C:\Users\Ibm\.m2\repository\org\jboss\logging\jboss-logging\3.4.3.Final\jboss-logging-3.4.3.Final.jar;C:\Users\Ibm\.m2\repository\net\bytebuddy\byte-buddy\1.11.22\byte-buddy-1.11.22.jar;C:\Users\Ibm\.m2\repository\antlr\antlr\2.7.7\antlr-2.7.7.jar;C:\Users\Ibm\.m2\repository\org\jboss\jandex\2.4.2.Final\jandex-2.4.2.Final.jar;C:\Users\Ibm\.m2\repository\com\fasterxml\classmate\1.5.1\classmate-1.5.1.jar;C:\Users\Ibm\.m2\repository\org\hibernate\common\hibernate-commons-annotations\5.1.2.Final\hibernate-commons-annotations-5.1.2.Final.jar;C:\Users\Ibm\.m2\repository\org\glassfish\jaxb\jaxb-runtime\2.3.6\jaxb-runtime-2.3.6.jar;C:\Users\Ibm\.m2\repository\org\glassfish\jaxb\txw2\2.3.6\txw2-2.3.6.jar;C:\Users\Ibm\.m2\repository\com\sun\istack\istack-commons-runtime\3.0.12\istack-commons-runtime-3.0.12.jar;C:\Users\Ibm\.m2\repository\org\springframework\data\spring-data-jpa\2.6.2\spring-data-jpa-2.6.2.jar;C:\Users\Ibm\.m2\repository\org\springframework\data\spring-data-commons\2.6.2\sprin
Launcher Type: SUN_STANDARD

Logging:
Log output configuration:
#0: stdout all=warning uptime,level,tags
#1: stderr all=off uptime,level,tags

Environment Variables:
JAVA_HOME=C:\Program Files\Java\jdk-10.0.2
JRE_HOME=C:\Program Files\Java\jre-10.0.2
PATH=C:/Program Files/Java/jdk-10.0.2/bin/server;C:/Program Files/Java/jdk-10.0.2/bin;C:\WINDOWS\system32;C:\WINDOWS;C:\WINDOWS\System32\Wbem;C:\WINDOWS\System32\WindowsPowerShell\v1.0\;C:\Program Files\Java\jdk-10.0.2\bin;C:\Program Files\Java\jre-10.0.2\bin;C:\Program Files\Java\Scripts;C:\Users\Ibm\Pictures\Saved pictures 2;C:\WINDOWS\System32\OpenSSH\;C:\Program Files (x86)\Intel\Intel(R) Management Engine Components\DAL;C:\Program Files\Intel\Intel(R) Management Engine Components\DAL;C:\Program Files\Intel\WiFi\bin\;C:\Program Files\Common Files\Intel\WirelessCommon\;C:\MinGW\bin;C:\Program Files\Git\cmd;C:\apache-maven-3.6.3\bin;C:\Program Files\Docker\Docker\resources\bin;C:\ProgramData\DockerDesktop\version-bin;C:\Program Files\nodejs\;C:\Program Files\dotnet\;C:\Users\Ibm\AppData\Local\Programs\Python\Python310\Scripts\;C:\Users\Ibm\AppData\Local\Programs\Python\Python38\Scripts\;C:\Users\Ibm\AppData\Local\Programs\Python\Python38\;C:\Users\Ibm\AppData\Local\Microsoft\WindowsApps;C:\Users\Ibm\Downloads\apache-maven-3.6.3\bin;C:\MinGW\bin;C:\Users\Ibm\AppData\Local\Programs\Microsoft VS Code\bin;C:\Users\Ibm\AppData\Roaming\npm;C:\Program Files\dotnet;C:\Users\Ibm\.dotnet\tools;;C:\STS4\sts-4.6.0.RELEASE;
USERNAME=Ibm
OS=Windows_NT
PROCESSOR_IDENTIFIER=Intel64 Family 6 Model 78 Stepping 3, GenuineIntel



---------------  S Y S T E M  ---------------

OS: Windows 10 , 64 bit Build 19041 (10.0.19041.1741)

CPU:total 4 (initial active 4) (2 cores per cpu, 2 threads per core) family 6 model 78 stepping 3, cmov, cx8, fxsr, mmx, sse, sse2, sse3, ssse3, sse4.1, sse4.2, popcnt, avx, avx2, aes, clmul, erms, 3dnowpref, lzcnt, ht, tsc, tscinvbit, bmi1, bmi2, adx, fma

Memory: 4k page, physical 8268916k(852160k free), swap 13365580k(1701384k free)

vm_info: Java HotSpot(TM) 64-Bit Server VM (10.0.2+13) for windows-amd64 JRE (10.0.2+13), built on Jun 28 2018 01:57:56 by "mach5one" with MS VC++ 12.0 (VS2013)

END.
